VCD info: dumpfile .work.iverilog/tb_w_icons_top.dump opened for output.
-----------> SPI Config: CMD(4'b0101)
	data_pack  : 0x500000000
	crc5       : 0b01011 (0x0b)
	48-bit data: 0x500000000580
.....................................
----------->Chip ID: CMD(4'b0110)
	Chip ID: 01010164
[1;34m	Read CRC5: Passed!
[0m.....................................
----------->Stimulator Status: CMD(4'b0111)
	Stimulator status:   00
[1;34m	Read CRC5: Passed!
[0m.....................................
-----------> Single run
[Analog Macro Montoring] - Channel[ 0] -> Cathode Pulse period (Generated by stim ctrl) =   21 , WC       (User-defined) =   21
[Analog Macro Montoring] - Channel[ 0] ->  Gap period          (Generated by stim ctrl) =    5 , GAP      (User-defined) =    5
[Analog Macro Montoring] - Channel[ 0] ->  Anode  Pulse period (Generated by stim ctrl) =   21 , WA       (User-defined) =   21
[Analog Macro Montoring] - Channel[ 0] ->  Interval period     (Generated by stim ctrl) =   10 , Interval (User-defined) =   10
[Analog Macro Montoring] - Channel[ 0] -> Cathode Pulse period (Generated by stim ctrl) =   21 , WC       (User-defined) =   21
[Analog Macro Montoring] - Channel[ 0] ->  Gap period          (Generated by stim ctrl) =    5 , GAP      (User-defined) =    5
[Analog Macro Montoring] - Channel[ 0] ->  Anode  Pulse period (Generated by stim ctrl) =   21 , WA       (User-defined) =   21
-----------> run with random wc and ic with valid values and fixed interval and num
[Analog Macro Montoring] - Channel[ 0] -> Cathode Pulse period (Generated by stim ctrl) =   97 , WC       (User-defined) =   97
[Analog Macro Montoring] - Channel[ 0] ->  Gap period          (Generated by stim ctrl) =    5 , GAP      (User-defined) =    5
[Analog Macro Montoring] - Channel[ 0] ->  Anode  Pulse period (Generated by stim ctrl) =   97 , WA       (User-defined) =   97
[Analog Macro Montoring] - Channel[ 0] ->  Interval period     (Generated by stim ctrl) =   10 , Interval (User-defined) =   10
[Analog Macro Montoring] - Channel[ 0] -> Cathode Pulse period (Generated by stim ctrl) =   97 , WC       (User-defined) =   97
[Analog Macro Montoring] - Channel[ 0] ->  Gap period          (Generated by stim ctrl) =    5 , GAP      (User-defined) =    5
[Analog Macro Montoring] - Channel[ 0] ->  Anode  Pulse period (Generated by stim ctrl) =   97 , WA       (User-defined) =   97
[Analog Macro Montoring] - Channel[ 0] -> Cathode Pulse period (Generated by stim ctrl) =  187 , WC       (User-defined) =  187
[Analog Macro Montoring] - Channel[ 0] ->  Gap period          (Generated by stim ctrl) =    5 , GAP      (User-defined) =    5
[Analog Macro Montoring] - Channel[ 0] ->  Anode  Pulse period (Generated by stim ctrl) =  187 , WA       (User-defined) =  187
[Analog Macro Montoring] - Channel[ 0] ->  Interval period     (Generated by stim ctrl) =   10 , Interval (User-defined) =   10
[Analog Macro Montoring] - Channel[ 0] -> Cathode Pulse period (Generated by stim ctrl) =  187 , WC       (User-defined) =  187
[Analog Macro Montoring] - Channel[ 0] ->  Gap period          (Generated by stim ctrl) =    5 , GAP      (User-defined) =    5
[Analog Macro Montoring] - Channel[ 0] ->  Anode  Pulse period (Generated by stim ctrl) =  187 , WA       (User-defined) =  187
[Analog Macro Montoring] - Channel[ 0] -> Cathode Pulse period (Generated by stim ctrl) =  157 , WC       (User-defined) =  157
[Analog Macro Montoring] - Channel[ 0] ->  Gap period          (Generated by stim ctrl) =    5 , GAP      (User-defined) =    5
[Analog Macro Montoring] - Channel[ 0] ->  Anode  Pulse period (Generated by stim ctrl) =  157 , WA       (User-defined) =  157
[Analog Macro Montoring] - Channel[ 0] ->  Interval period     (Generated by stim ctrl) =   10 , Interval (User-defined) =   10
[Analog Macro Montoring] - Channel[ 0] -> Cathode Pulse period (Generated by stim ctrl) =  157 , WC       (User-defined) =  157
[Analog Macro Montoring] - Channel[ 0] ->  Gap period          (Generated by stim ctrl) =    5 , GAP      (User-defined) =    5
[Analog Macro Montoring] - Channel[ 0] ->  Anode  Pulse period (Generated by stim ctrl) =  157 , WA       (User-defined) =  157
[Analog Macro Montoring] - Channel[ 0] -> Cathode Pulse period (Generated by stim ctrl) =   82 , WC       (User-defined) =   82
[Analog Macro Montoring] - Channel[ 0] ->  Gap period          (Generated by stim ctrl) =    5 , GAP      (User-defined) =    5
[Analog Macro Montoring] - Channel[ 0] ->  Anode  Pulse period (Generated by stim ctrl) =   82 , WA       (User-defined) =   82
[Analog Macro Montoring] - Channel[ 0] ->  Interval period     (Generated by stim ctrl) =   10 , Interval (User-defined) =   10
[Analog Macro Montoring] - Channel[ 0] -> Cathode Pulse period (Generated by stim ctrl) =   82 , WC       (User-defined) =   82
[Analog Macro Montoring] - Channel[ 0] ->  Gap period          (Generated by stim ctrl) =    5 , GAP      (User-defined) =    5
[Analog Macro Montoring] - Channel[ 0] ->  Anode  Pulse period (Generated by stim ctrl) =   82 , WA       (User-defined) =   82
[Analog Macro Montoring] - Channel[ 0] -> Cathode Pulse period (Generated by stim ctrl) =   29 , WC       (User-defined) =   29
[Analog Macro Montoring] - Channel[ 0] ->  Gap period          (Generated by stim ctrl) =    5 , GAP      (User-defined) =    5
[Analog Macro Montoring] - Channel[ 0] ->  Anode  Pulse period (Generated by stim ctrl) =   29 , WA       (User-defined) =   29
[Analog Macro Montoring] - Channel[ 0] ->  Interval period     (Generated by stim ctrl) =   10 , Interval (User-defined) =   10
[Analog Macro Montoring] - Channel[ 0] -> Cathode Pulse period (Generated by stim ctrl) =   29 , WC       (User-defined) =   29
[Analog Macro Montoring] - Channel[ 0] ->  Gap period          (Generated by stim ctrl) =    5 , GAP      (User-defined) =    5
[Analog Macro Montoring] - Channel[ 0] ->  Anode  Pulse period (Generated by stim ctrl) =   29 , WA       (User-defined) =   29
-----------> run with random values for interval and num and gap and fixed ic and wc
[Analog Macro Montoring] - Channel[ 0] -> Cathode Pulse period (Generated by stim ctrl) =   56 , WC       (User-defined) =   56
[Analog Macro Montoring] - Channel[ 0] ->  Gap period          (Generated by stim ctrl) =    7 , GAP      (User-defined) =    7
[Analog Macro Montoring] - Channel[ 0] ->  Anode  Pulse period (Generated by stim ctrl) =   56 , WA       (User-defined) =   56
[Analog Macro Montoring] - Channel[ 0] ->  Interval period     (Generated by stim ctrl) =   18 , Interval (User-defined) =   18
[Analog Macro Montoring] - Channel[ 0] -> Cathode Pulse period (Generated by stim ctrl) =   56 , WC       (User-defined) =   56
[Analog Macro Montoring] - Channel[ 0] ->  Gap period          (Generated by stim ctrl) =    7 , GAP      (User-defined) =    7
[Analog Macro Montoring] - Channel[ 0] ->  Anode  Pulse period (Generated by stim ctrl) =   56 , WA       (User-defined) =   56
[Analog Macro Montoring] - Channel[ 0] ->  Interval period     (Generated by stim ctrl) =   18 , Interval (User-defined) =   18
[Analog Macro Montoring] - Channel[ 0] -> Cathode Pulse period (Generated by stim ctrl) =   56 , WC       (User-defined) =   56
[Analog Macro Montoring] - Channel[ 0] ->  Gap period          (Generated by stim ctrl) =    7 , GAP      (User-defined) =    7
[Analog Macro Montoring] - Channel[ 0] ->  Anode  Pulse period (Generated by stim ctrl) =   56 , WA       (User-defined) =   56
[Analog Macro Montoring] - Channel[ 0] ->  Interval period     (Generated by stim ctrl) =   18 , Interval (User-defined) =   18
[Analog Macro Montoring] - Channel[ 0] -> Cathode Pulse period (Generated by stim ctrl) =   56 , WC       (User-defined) =   56
[Analog Macro Montoring] - Channel[ 0] ->  Gap period          (Generated by stim ctrl) =    7 , GAP      (User-defined) =    7
[Analog Macro Montoring] - Channel[ 0] ->  Anode  Pulse period (Generated by stim ctrl) =   56 , WA       (User-defined) =   56
[Analog Macro Montoring] - Channel[ 0] ->  Interval period     (Generated by stim ctrl) =   18 , Interval (User-defined) =   18
[Analog Macro Montoring] - Channel[ 0] -> Cathode Pulse period (Generated by stim ctrl) =   56 , WC       (User-defined) =   56
[Analog Macro Montoring] - Channel[ 0] ->  Gap period          (Generated by stim ctrl) =    7 , GAP      (User-defined) =    7
[Analog Macro Montoring] - Channel[ 0] ->  Anode  Pulse period (Generated by stim ctrl) =   56 , WA       (User-defined) =   56
[Analog Macro Montoring] - Channel[ 0] ->  Interval period     (Generated by stim ctrl) =   18 , Interval (User-defined) =   18
[Analog Macro Montoring] - Channel[ 0] -> Cathode Pulse period (Generated by stim ctrl) =   56 , WC       (User-defined) =   56
[Analog Macro Montoring] - Channel[ 0] ->  Gap period          (Generated by stim ctrl) =    7 , GAP      (User-defined) =    7
[Analog Macro Montoring] - Channel[ 0] ->  Anode  Pulse period (Generated by stim ctrl) =   56 , WA       (User-defined) =   56
[Analog Macro Montoring] - Channel[ 0] ->  Interval period     (Generated by stim ctrl) =   18 , Interval (User-defined) =   18
[Analog Macro Montoring] - Channel[ 0] -> Cathode Pulse period (Generated by stim ctrl) =   56 , WC       (User-defined) =   56
[Analog Macro Montoring] - Channel[ 0] ->  Gap period          (Generated by stim ctrl) =    7 , GAP      (User-defined) =    7
[Analog Macro Montoring] - Channel[ 0] ->  Anode  Pulse period (Generated by stim ctrl) =   56 , WA       (User-defined) =   56
[Analog Macro Montoring] - Channel[ 0] ->  Interval period     (Generated by stim ctrl) =   18 , Interval (User-defined) =   18
[Analog Macro Montoring] - Channel[ 0] -> Cathode Pulse period (Generated by stim ctrl) =   56 , WC       (User-defined) =   56
[Analog Macro Montoring] - Channel[ 0] ->  Gap period          (Generated by stim ctrl) =    7 , GAP      (User-defined) =    7
[Analog Macro Montoring] - Channel[ 0] ->  Anode  Pulse period (Generated by stim ctrl) =   56 , WA       (User-defined) =   56
[Analog Macro Montoring] - Channel[ 0] ->  Interval period     (Generated by stim ctrl) =   18 , Interval (User-defined) =   18
[Analog Macro Montoring] - Channel[ 0] -> Cathode Pulse period (Generated by stim ctrl) =   56 , WC       (User-defined) =   56
[Analog Macro Montoring] - Channel[ 0] ->  Gap period          (Generated by stim ctrl) =    7 , GAP      (User-defined) =    7
[Analog Macro Montoring] - Channel[ 0] ->  Anode  Pulse period (Generated by stim ctrl) =   56 , WA       (User-defined) =   56
[Analog Macro Montoring] - Channel[ 0] ->  Interval period     (Generated by stim ctrl) =   18 , Interval (User-defined) =   18
[Analog Macro Montoring] - Channel[ 0] -> Cathode Pulse period (Generated by stim ctrl) =   56 , WC       (User-defined) =   56
[Analog Macro Montoring] - Channel[ 0] ->  Gap period          (Generated by stim ctrl) =    7 , GAP      (User-defined) =    7
[Analog Macro Montoring] - Channel[ 0] ->  Anode  Pulse period (Generated by stim ctrl) =   56 , WA       (User-defined) =   56
[Analog Macro Montoring] - Channel[ 0] -> Cathode Pulse period (Generated by stim ctrl) =   56 , WC       (User-defined) =   56
[Analog Macro Montoring] - Channel[ 0] ->  Gap period          (Generated by stim ctrl) =    9 , GAP      (User-defined) =    9
[Analog Macro Montoring] - Channel[ 0] ->  Anode  Pulse period (Generated by stim ctrl) =   56 , WA       (User-defined) =   56
[Analog Macro Montoring] - Channel[ 0] ->  Interval period     (Generated by stim ctrl) =   22 , Interval (User-defined) =   22
[Analog Macro Montoring] - Channel[ 0] -> Cathode Pulse period (Generated by stim ctrl) =   56 , WC       (User-defined) =   56
[Analog Macro Montoring] - Channel[ 0] ->  Gap period          (Generated by stim ctrl) =    9 , GAP      (User-defined) =    9
[Analog Macro Montoring] - Channel[ 0] ->  Anode  Pulse period (Generated by stim ctrl) =   56 , WA       (User-defined) =   56
[Analog Macro Montoring] - Channel[ 0] ->  Interval period     (Generated by stim ctrl) =   22 , Interval (User-defined) =   22
[Analog Macro Montoring] - Channel[ 0] -> Cathode Pulse period (Generated by stim ctrl) =   56 , WC       (User-defined) =   56
[Analog Macro Montoring] - Channel[ 0] ->  Gap period          (Generated by stim ctrl) =    9 , GAP      (User-defined) =    9
[Analog Macro Montoring] - Channel[ 0] ->  Anode  Pulse period (Generated by stim ctrl) =   56 , WA       (User-defined) =   56
[Analog Macro Montoring] - Channel[ 0] ->  Interval period     (Generated by stim ctrl) =   22 , Interval (User-defined) =   22
[Analog Macro Montoring] - Channel[ 0] -> Cathode Pulse period (Generated by stim ctrl) =   56 , WC       (User-defined) =   56
[Analog Macro Montoring] - Channel[ 0] ->  Gap period          (Generated by stim ctrl) =    9 , GAP      (User-defined) =    9
[Analog Macro Montoring] - Channel[ 0] ->  Anode  Pulse period (Generated by stim ctrl) =   56 , WA       (User-defined) =   56
[Analog Macro Montoring] - Channel[ 0] ->  Interval period     (Generated by stim ctrl) =   22 , Interval (User-defined) =   22
[Analog Macro Montoring] - Channel[ 0] -> Cathode Pulse period (Generated by stim ctrl) =   56 , WC       (User-defined) =   56
[Analog Macro Montoring] - Channel[ 0] ->  Gap period          (Generated by stim ctrl) =    9 , GAP      (User-defined) =    9
[Analog Macro Montoring] - Channel[ 0] ->  Anode  Pulse period (Generated by stim ctrl) =   56 , WA       (User-defined) =   56
[Analog Macro Montoring] - Channel[ 0] ->  Interval period     (Generated by stim ctrl) =   22 , Interval (User-defined) =   22
[Analog Macro Montoring] - Channel[ 0] -> Cathode Pulse period (Generated by stim ctrl) =   56 , WC       (User-defined) =   56
[Analog Macro Montoring] - Channel[ 0] ->  Gap period          (Generated by stim ctrl) =    9 , GAP      (User-defined) =    9
[Analog Macro Montoring] - Channel[ 0] ->  Anode  Pulse period (Generated by stim ctrl) =   56 , WA       (User-defined) =   56
[Analog Macro Montoring] - Channel[ 0] ->  Interval period     (Generated by stim ctrl) =   22 , Interval (User-defined) =   22
[Analog Macro Montoring] - Channel[ 0] -> Cathode Pulse period (Generated by stim ctrl) =   56 , WC       (User-defined) =   56
[Analog Macro Montoring] - Channel[ 0] ->  Gap period          (Generated by stim ctrl) =    9 , GAP      (User-defined) =    9
[Analog Macro Montoring] - Channel[ 0] ->  Anode  Pulse period (Generated by stim ctrl) =   56 , WA       (User-defined) =   56
[Analog Macro Montoring] - Channel[ 0] -> Cathode Pulse period (Generated by stim ctrl) =   56 , WC       (User-defined) =   56
[Analog Macro Montoring] - Channel[ 0] ->  Gap period          (Generated by stim ctrl) =    2 , GAP      (User-defined) =    2
[Analog Macro Montoring] - Channel[ 0] ->  Anode  Pulse period (Generated by stim ctrl) =   56 , WA       (User-defined) =   56
[Analog Macro Montoring] - Channel[ 0] ->  Interval period     (Generated by stim ctrl) =    7 , Interval (User-defined) =    7
[Analog Macro Montoring] - Channel[ 0] -> Cathode Pulse period (Generated by stim ctrl) =   56 , WC       (User-defined) =   56
[Analog Macro Montoring] - Channel[ 0] ->  Gap period          (Generated by stim ctrl) =    2 , GAP      (User-defined) =    2
[Analog Macro Montoring] - Channel[ 0] ->  Anode  Pulse period (Generated by stim ctrl) =   56 , WA       (User-defined) =   56
[Analog Macro Montoring] - Channel[ 0] ->  Interval period     (Generated by stim ctrl) =    7 , Interval (User-defined) =    7
[Analog Macro Montoring] - Channel[ 0] -> Cathode Pulse period (Generated by stim ctrl) =   56 , WC       (User-defined) =   56
[Analog Macro Montoring] - Channel[ 0] ->  Gap period          (Generated by stim ctrl) =    2 , GAP      (User-defined) =    2
[Analog Macro Montoring] - Channel[ 0] ->  Anode  Pulse period (Generated by stim ctrl) =   56 , WA       (User-defined) =   56
[Analog Macro Montoring] - Channel[ 0] ->  Interval period     (Generated by stim ctrl) =    7 , Interval (User-defined) =    7
[Analog Macro Montoring] - Channel[ 0] -> Cathode Pulse period (Generated by stim ctrl) =   56 , WC       (User-defined) =   56
[Analog Macro Montoring] - Channel[ 0] ->  Gap period          (Generated by stim ctrl) =    2 , GAP      (User-defined) =    2
[Analog Macro Montoring] - Channel[ 0] ->  Anode  Pulse period (Generated by stim ctrl) =   56 , WA       (User-defined) =   56
[Analog Macro Montoring] - Channel[ 0] ->  Interval period     (Generated by stim ctrl) =    7 , Interval (User-defined) =    7
[Analog Macro Montoring] - Channel[ 0] -> Cathode Pulse period (Generated by stim ctrl) =   56 , WC       (User-defined) =   56
[Analog Macro Montoring] - Channel[ 0] ->  Gap period          (Generated by stim ctrl) =    2 , GAP      (User-defined) =    2
[Analog Macro Montoring] - Channel[ 0] ->  Anode  Pulse period (Generated by stim ctrl) =   56 , WA       (User-defined) =   56
[Analog Macro Montoring] - Channel[ 0] ->  Interval period     (Generated by stim ctrl) =    7 , Interval (User-defined) =    7
[Analog Macro Montoring] - Channel[ 0] -> Cathode Pulse period (Generated by stim ctrl) =   56 , WC       (User-defined) =   56
[Analog Macro Montoring] - Channel[ 0] ->  Gap period          (Generated by stim ctrl) =    2 , GAP      (User-defined) =    2
[Analog Macro Montoring] - Channel[ 0] ->  Anode  Pulse period (Generated by stim ctrl) =   56 , WA       (User-defined) =   56
[Analog Macro Montoring] - Channel[ 0] -> Cathode Pulse period (Generated by stim ctrl) =   56 , WC       (User-defined) =   56
[Analog Macro Montoring] - Channel[ 0] ->  Gap period          (Generated by stim ctrl) =    4 , GAP      (User-defined) =    4
[Analog Macro Montoring] - Channel[ 0] ->  Anode  Pulse period (Generated by stim ctrl) =   56 , WA       (User-defined) =   56
[Analog Macro Montoring] - Channel[ 0] ->  Interval period     (Generated by stim ctrl) =   15 , Interval (User-defined) =   15
[Analog Macro Montoring] - Channel[ 0] -> Cathode Pulse period (Generated by stim ctrl) =   56 , WC       (User-defined) =   56
[Analog Macro Montoring] - Channel[ 0] ->  Gap period          (Generated by stim ctrl) =    4 , GAP      (User-defined) =    4
[Analog Macro Montoring] - Channel[ 0] ->  Anode  Pulse period (Generated by stim ctrl) =   56 , WA       (User-defined) =   56
[Analog Macro Montoring] - Channel[ 0] ->  Interval period     (Generated by stim ctrl) =   15 , Interval (User-defined) =   15
[Analog Macro Montoring] - Channel[ 0] -> Cathode Pulse period (Generated by stim ctrl) =   56 , WC       (User-defined) =   56
[Analog Macro Montoring] - Channel[ 0] ->  Gap period          (Generated by stim ctrl) =    4 , GAP      (User-defined) =    4
[Analog Macro Montoring] - Channel[ 0] ->  Anode  Pulse period (Generated by stim ctrl) =   56 , WA       (User-defined) =   56
[Analog Macro Montoring] - Channel[ 0] ->  Interval period     (Generated by stim ctrl) =   15 , Interval (User-defined) =   15
[Analog Macro Montoring] - Channel[ 0] -> Cathode Pulse period (Generated by stim ctrl) =   56 , WC       (User-defined) =   56
[Analog Macro Montoring] - Channel[ 0] ->  Gap period          (Generated by stim ctrl) =    4 , GAP      (User-defined) =    4
[Analog Macro Montoring] - Channel[ 0] ->  Anode  Pulse period (Generated by stim ctrl) =   56 , WA       (User-defined) =   56
[Analog Macro Montoring] - Channel[ 0] ->  Interval period     (Generated by stim ctrl) =   15 , Interval (User-defined) =   15
[Analog Macro Montoring] - Channel[ 0] -> Cathode Pulse period (Generated by stim ctrl) =   56 , WC       (User-defined) =   56
[Analog Macro Montoring] - Channel[ 0] ->  Gap period          (Generated by stim ctrl) =    4 , GAP      (User-defined) =    4
[Analog Macro Montoring] - Channel[ 0] ->  Anode  Pulse period (Generated by stim ctrl) =   56 , WA       (User-defined) =   56
[Analog Macro Montoring] - Channel[ 0] ->  Interval period     (Generated by stim ctrl) =   15 , Interval (User-defined) =   15
[Analog Macro Montoring] - Channel[ 0] -> Cathode Pulse period (Generated by stim ctrl) =   56 , WC       (User-defined) =   56
[Analog Macro Montoring] - Channel[ 0] ->  Gap period          (Generated by stim ctrl) =    4 , GAP      (User-defined) =    4
[Analog Macro Montoring] - Channel[ 0] ->  Anode  Pulse period (Generated by stim ctrl) =   56 , WA       (User-defined) =   56
[Analog Macro Montoring] - Channel[ 0] ->  Interval period     (Generated by stim ctrl) =   15 , Interval (User-defined) =   15
[Analog Macro Montoring] - Channel[ 0] -> Cathode Pulse period (Generated by stim ctrl) =   56 , WC       (User-defined) =   56
[Analog Macro Montoring] - Channel[ 0] ->  Gap period          (Generated by stim ctrl) =    4 , GAP      (User-defined) =    4
[Analog Macro Montoring] - Channel[ 0] ->  Anode  Pulse period (Generated by stim ctrl) =   56 , WA       (User-defined) =   56
[Analog Macro Montoring] - Channel[ 0] ->  Interval period     (Generated by stim ctrl) =   15 , Interval (User-defined) =   15
[Analog Macro Montoring] - Channel[ 0] -> Cathode Pulse period (Generated by stim ctrl) =   56 , WC       (User-defined) =   56
[Analog Macro Montoring] - Channel[ 0] ->  Gap period          (Generated by stim ctrl) =    4 , GAP      (User-defined) =    4
[Analog Macro Montoring] - Channel[ 0] ->  Anode  Pulse period (Generated by stim ctrl) =   56 , WA       (User-defined) =   56
[Analog Macro Montoring] - Channel[ 0] ->  Interval period     (Generated by stim ctrl) =   15 , Interval (User-defined) =   15
[Analog Macro Montoring] - Channel[ 0] -> Cathode Pulse period (Generated by stim ctrl) =   56 , WC       (User-defined) =   56
[Analog Macro Montoring] - Channel[ 0] ->  Gap period          (Generated by stim ctrl) =    4 , GAP      (User-defined) =    4
[Analog Macro Montoring] - Channel[ 0] ->  Anode  Pulse period (Generated by stim ctrl) =   56 , WA       (User-defined) =   56
[Analog Macro Montoring] - Channel[ 0] ->  Interval period     (Generated by stim ctrl) =   15 , Interval (User-defined) =   15
[Analog Macro Montoring] - Channel[ 0] -> Cathode Pulse period (Generated by stim ctrl) =   56 , WC       (User-defined) =   56
[Analog Macro Montoring] - Channel[ 0] ->  Gap period          (Generated by stim ctrl) =    4 , GAP      (User-defined) =    4
[Analog Macro Montoring] - Channel[ 0] ->  Anode  Pulse period (Generated by stim ctrl) =   56 , WA       (User-defined) =   56
[Analog Macro Montoring] - Channel[ 0] ->  Interval period     (Generated by stim ctrl) =   15 , Interval (User-defined) =   15
[Analog Macro Montoring] - Channel[ 0] -> Cathode Pulse period (Generated by stim ctrl) =   56 , WC       (User-defined) =   56
[Analog Macro Montoring] - Channel[ 0] ->  Gap period          (Generated by stim ctrl) =    4 , GAP      (User-defined) =    4
[Analog Macro Montoring] - Channel[ 0] ->  Anode  Pulse period (Generated by stim ctrl) =   56 , WA       (User-defined) =   56
[Analog Macro Montoring] - Channel[ 0] ->  Interval period     (Generated by stim ctrl) =   15 , Interval (User-defined) =   15
[Analog Macro Montoring] - Channel[ 0] -> Cathode Pulse period (Generated by stim ctrl) =   56 , WC       (User-defined) =   56
[Analog Macro Montoring] - Channel[ 0] ->  Gap period          (Generated by stim ctrl) =    4 , GAP      (User-defined) =    4
[Analog Macro Montoring] - Channel[ 0] ->  Anode  Pulse period (Generated by stim ctrl) =   56 , WA       (User-defined) =   56
[Analog Macro Montoring] - Channel[ 0] ->  Interval period     (Generated by stim ctrl) =   15 , Interval (User-defined) =   15
[Analog Macro Montoring] - Channel[ 0] -> Cathode Pulse period (Generated by stim ctrl) =   56 , WC       (User-defined) =   56
[Analog Macro Montoring] - Channel[ 0] ->  Gap period          (Generated by stim ctrl) =    4 , GAP      (User-defined) =    4
[Analog Macro Montoring] - Channel[ 0] ->  Anode  Pulse period (Generated by stim ctrl) =   56 , WA       (User-defined) =   56
[Analog Macro Montoring] - Channel[ 0] ->  Interval period     (Generated by stim ctrl) =   15 , Interval (User-defined) =   15
[Analog Macro Montoring] - Channel[ 0] -> Cathode Pulse period (Generated by stim ctrl) =   56 , WC       (User-defined) =   56
[Analog Macro Montoring] - Channel[ 0] ->  Gap period          (Generated by stim ctrl) =    4 , GAP      (User-defined) =    4
[Analog Macro Montoring] - Channel[ 0] ->  Anode  Pulse period (Generated by stim ctrl) =   56 , WA       (User-defined) =   56
[Analog Macro Montoring] - Channel[ 0] ->  Interval period     (Generated by stim ctrl) =   15 , Interval (User-defined) =   15
[Analog Macro Montoring] - Channel[ 0] -> Cathode Pulse period (Generated by stim ctrl) =   56 , WC       (User-defined) =   56
[Analog Macro Montoring] - Channel[ 0] ->  Gap period          (Generated by stim ctrl) =    4 , GAP      (User-defined) =    4
[Analog Macro Montoring] - Channel[ 0] ->  Anode  Pulse period (Generated by stim ctrl) =   56 , WA       (User-defined) =   56
[Analog Macro Montoring] - Channel[ 0] -> Cathode Pulse period (Generated by stim ctrl) =   56 , WC       (User-defined) =   56
[Analog Macro Montoring] - Channel[ 0] ->  Gap period          (Generated by stim ctrl) =    4 , GAP      (User-defined) =    4
[Analog Macro Montoring] - Channel[ 0] ->  Anode  Pulse period (Generated by stim ctrl) =   56 , WA       (User-defined) =   56
[Analog Macro Montoring] - Channel[ 0] -> Cathode Pulse period (Generated by stim ctrl) =   56 , WC       (User-defined) =   56
[Analog Macro Montoring] - Channel[ 0] ->  Gap period          (Generated by stim ctrl) =    4 , GAP      (User-defined) =    4
[Analog Macro Montoring] - Channel[ 0] ->  Anode  Pulse period (Generated by stim ctrl) =   56 , WA       (User-defined) =   56
[Analog Macro Montoring] - Channel[ 0] -> Cathode Pulse period (Generated by stim ctrl) =   56 , WC       (User-defined) =   56
[Analog Macro Montoring] - Channel[ 0] ->  Gap period          (Generated by stim ctrl) =    4 , GAP      (User-defined) =    4
[Analog Macro Montoring] - Channel[ 0] ->  Anode  Pulse period (Generated by stim ctrl) =   56 , WA       (User-defined) =   56
[Analog Macro Montoring] - Channel[ 0] -> Cathode Pulse period (Generated by stim ctrl) =   56 , WC       (User-defined) =   56
[Analog Macro Montoring] - Channel[ 0] ->  Gap period          (Generated by stim ctrl) =    4 , GAP      (User-defined) =    4
[Analog Macro Montoring] - Channel[ 0] ->  Anode  Pulse period (Generated by stim ctrl) =   56 , WA       (User-defined) =   56
[Analog Macro Montoring] - Channel[ 0] -> Cathode Pulse period (Generated by stim ctrl) =   56 , WC       (User-defined) =   56
[Analog Macro Montoring] - Channel[ 0] ->  Gap period          (Generated by stim ctrl) =    4 , GAP      (User-defined) =    4
[Analog Macro Montoring] - Channel[ 0] ->  Anode  Pulse period (Generated by stim ctrl) =   56 , WA       (User-defined) =   56
[Analog Macro Montoring] - Channel[ 0] ->  Gap period          (Generated by stim ctrl) =    0 , GAP      (User-defined) =    0
[Analog Macro Montoring] - Channel[ 0] -> Cathode Pulse period (Generated by stim ctrl) =   56 , WC       (User-defined) =   56
[Analog Macro Montoring] - Channel[ 0] ->  Anode  Pulse period (Generated by stim ctrl) =   56 , WA       (User-defined) =   56
[Analog Macro Montoring] - Channel[ 0] ->  Interval period     (Generated by stim ctrl) =    6 , Interval (User-defined) =    6
[Analog Macro Montoring] - Channel[ 0] ->  Gap period          (Generated by stim ctrl) =    0 , GAP      (User-defined) =    0
[Analog Macro Montoring] - Channel[ 0] -> Cathode Pulse period (Generated by stim ctrl) =   56 , WC       (User-defined) =   56
[Analog Macro Montoring] - Channel[ 0] ->  Anode  Pulse period (Generated by stim ctrl) =   56 , WA       (User-defined) =   56
[Analog Macro Montoring] - Channel[ 0] ->  Interval period     (Generated by stim ctrl) =    6 , Interval (User-defined) =    6
[Analog Macro Montoring] - Channel[ 0] ->  Gap period          (Generated by stim ctrl) =    0 , GAP      (User-defined) =    0
[Analog Macro Montoring] - Channel[ 0] -> Cathode Pulse period (Generated by stim ctrl) =   56 , WC       (User-defined) =   56
[Analog Macro Montoring] - Channel[ 0] ->  Anode  Pulse period (Generated by stim ctrl) =   56 , WA       (User-defined) =   56
[Analog Macro Montoring] - Channel[ 0] ->  Interval period     (Generated by stim ctrl) =    6 , Interval (User-defined) =    6
[Analog Macro Montoring] - Channel[ 0] ->  Gap period          (Generated by stim ctrl) =    0 , GAP      (User-defined) =    0
[Analog Macro Montoring] - Channel[ 0] -> Cathode Pulse period (Generated by stim ctrl) =   56 , WC       (User-defined) =   56
[Analog Macro Montoring] - Channel[ 0] ->  Anode  Pulse period (Generated by stim ctrl) =   56 , WA       (User-defined) =   56
[Analog Macro Montoring] - Channel[ 0] ->  Interval period     (Generated by stim ctrl) =    6 , Interval (User-defined) =    6
[Analog Macro Montoring] - Channel[ 0] ->  Gap period          (Generated by stim ctrl) =    0 , GAP      (User-defined) =    0
[Analog Macro Montoring] - Channel[ 0] -> Cathode Pulse period (Generated by stim ctrl) =   56 , WC       (User-defined) =   56
[Analog Macro Montoring] - Channel[ 0] ->  Anode  Pulse period (Generated by stim ctrl) =   56 , WA       (User-defined) =   56
[Analog Macro Montoring] - Channel[ 0] ->  Interval period     (Generated by stim ctrl) =    6 , Interval (User-defined) =    6
[Analog Macro Montoring] - Channel[ 0] ->  Gap period          (Generated by stim ctrl) =    0 , GAP      (User-defined) =    0
[Analog Macro Montoring] - Channel[ 0] -> Cathode Pulse period (Generated by stim ctrl) =   56 , WC       (User-defined) =   56
[Analog Macro Montoring] - Channel[ 0] ->  Anode  Pulse period (Generated by stim ctrl) =   56 , WA       (User-defined) =   56
[Analog Macro Montoring] - Channel[ 0] ->  Gap period          (Generated by stim ctrl) =    0 , GAP      (User-defined) =    0
[Analog Macro Montoring] - Channel[ 0] -> Cathode Pulse period (Generated by stim ctrl) =   56 , WC       (User-defined) =   56
[Analog Macro Montoring] - Channel[ 0] ->  Anode  Pulse period (Generated by stim ctrl) =   56 , WA       (User-defined) =   56
[Analog Macro Montoring] - Channel[ 0] ->  Gap period          (Generated by stim ctrl) =    0 , GAP      (User-defined) =    0
[Analog Macro Montoring] - Channel[ 0] -> Cathode Pulse period (Generated by stim ctrl) =   56 , WC       (User-defined) =   56
[Analog Macro Montoring] - Channel[ 0] ->  Anode  Pulse period (Generated by stim ctrl) =   56 , WA       (User-defined) =   56
[Analog Macro Montoring] - Channel[ 0] ->  Gap period          (Generated by stim ctrl) =    0 , GAP      (User-defined) =    0
[Analog Macro Montoring] - Channel[ 0] -> Cathode Pulse period (Generated by stim ctrl) =   56 , WC       (User-defined) =   56
[Analog Macro Montoring] - Channel[ 0] ->  Anode  Pulse period (Generated by stim ctrl) =   56 , WA       (User-defined) =   56
-----------> run with all random values
[Analog Macro Montoring] - Channel[ 0] -> Cathode Pulse period (Generated by stim ctrl) =   53 , WC       (User-defined) =   53
[Analog Macro Montoring] - Channel[ 0] ->  Gap period          (Generated by stim ctrl) =    9 , GAP      (User-defined) =    9
[Analog Macro Montoring] - Channel[ 0] ->  Anode  Pulse period (Generated by stim ctrl) =   53 , WA       (User-defined) =   53
[Analog Macro Montoring] - Channel[ 0] ->  Interval period     (Generated by stim ctrl) =   13 , Interval (User-defined) =   13
[Analog Macro Montoring] - Channel[ 0] -> Cathode Pulse period (Generated by stim ctrl) =   53 , WC       (User-defined) =   53
[Analog Macro Montoring] - Channel[ 0] ->  Gap period          (Generated by stim ctrl) =    9 , GAP      (User-defined) =    9
[Analog Macro Montoring] - Channel[ 0] ->  Anode  Pulse period (Generated by stim ctrl) =   53 , WA       (User-defined) =   53
[Analog Macro Montoring] - Channel[ 0] ->  Interval period     (Generated by stim ctrl) =   13 , Interval (User-defined) =   13
[Analog Macro Montoring] - Channel[ 0] -> Cathode Pulse period (Generated by stim ctrl) =   53 , WC       (User-defined) =   53
[Analog Macro Montoring] - Channel[ 0] ->  Gap period          (Generated by stim ctrl) =    9 , GAP      (User-defined) =    9
[Analog Macro Montoring] - Channel[ 0] ->  Anode  Pulse period (Generated by stim ctrl) =   53 , WA       (User-defined) =   53
[Analog Macro Montoring] - Channel[ 0] ->  Interval period     (Generated by stim ctrl) =   13 , Interval (User-defined) =   13
[Analog Macro Montoring] - Channel[ 0] -> Cathode Pulse period (Generated by stim ctrl) =   53 , WC       (User-defined) =   53
[Analog Macro Montoring] - Channel[ 0] ->  Gap period          (Generated by stim ctrl) =    9 , GAP      (User-defined) =    9
[Analog Macro Montoring] - Channel[ 0] ->  Anode  Pulse period (Generated by stim ctrl) =   53 , WA       (User-defined) =   53
[Analog Macro Montoring] - Channel[ 0] ->  Interval period     (Generated by stim ctrl) =   13 , Interval (User-defined) =   13
[Analog Macro Montoring] - Channel[ 0] -> Cathode Pulse period (Generated by stim ctrl) =   53 , WC       (User-defined) =   53
[Analog Macro Montoring] - Channel[ 0] ->  Gap period          (Generated by stim ctrl) =    9 , GAP      (User-defined) =    9
[Analog Macro Montoring] - Channel[ 0] ->  Anode  Pulse period (Generated by stim ctrl) =   53 , WA       (User-defined) =   53
[Analog Macro Montoring] - Channel[ 0] ->  Interval period     (Generated by stim ctrl) =   13 , Interval (User-defined) =   13
[Analog Macro Montoring] - Channel[ 0] -> Cathode Pulse period (Generated by stim ctrl) =   53 , WC       (User-defined) =   53
[Analog Macro Montoring] - Channel[ 0] ->  Gap period          (Generated by stim ctrl) =    9 , GAP      (User-defined) =    9
[Analog Macro Montoring] - Channel[ 0] ->  Anode  Pulse period (Generated by stim ctrl) =   53 , WA       (User-defined) =   53
[Analog Macro Montoring] - Channel[ 0] ->  Interval period     (Generated by stim ctrl) =   13 , Interval (User-defined) =   13
[Analog Macro Montoring] - Channel[ 0] -> Cathode Pulse period (Generated by stim ctrl) =   53 , WC       (User-defined) =   53
[Analog Macro Montoring] - Channel[ 0] ->  Gap period          (Generated by stim ctrl) =    9 , GAP      (User-defined) =    9
[Analog Macro Montoring] - Channel[ 0] ->  Anode  Pulse period (Generated by stim ctrl) =   53 , WA       (User-defined) =   53
[Analog Macro Montoring] - Channel[ 0] ->  Interval period     (Generated by stim ctrl) =   13 , Interval (User-defined) =   13
[Analog Macro Montoring] - Channel[ 0] -> Cathode Pulse period (Generated by stim ctrl) =   53 , WC       (User-defined) =   53
[Analog Macro Montoring] - Channel[ 0] ->  Gap period          (Generated by stim ctrl) =    9 , GAP      (User-defined) =    9
[Analog Macro Montoring] - Channel[ 0] ->  Anode  Pulse period (Generated by stim ctrl) =   53 , WA       (User-defined) =   53
[Analog Macro Montoring] - Channel[ 0] ->  Interval period     (Generated by stim ctrl) =   13 , Interval (User-defined) =   13
[Analog Macro Montoring] - Channel[ 0] -> Cathode Pulse period (Generated by stim ctrl) =   53 , WC       (User-defined) =   53
[Analog Macro Montoring] - Channel[ 0] ->  Gap period          (Generated by stim ctrl) =    9 , GAP      (User-defined) =    9
[Analog Macro Montoring] - Channel[ 0] ->  Anode  Pulse period (Generated by stim ctrl) =   53 , WA       (User-defined) =   53
[Analog Macro Montoring] - Channel[ 0] ->  Interval period     (Generated by stim ctrl) =   13 , Interval (User-defined) =   13
[Analog Macro Montoring] - Channel[ 0] -> Cathode Pulse period (Generated by stim ctrl) =   53 , WC       (User-defined) =   53
[Analog Macro Montoring] - Channel[ 0] ->  Gap period          (Generated by stim ctrl) =    9 , GAP      (User-defined) =    9
[Analog Macro Montoring] - Channel[ 0] ->  Anode  Pulse period (Generated by stim ctrl) =   53 , WA       (User-defined) =   53
[Analog Macro Montoring] - Channel[ 0] -> Cathode Pulse period (Generated by stim ctrl) =   68 , WC       (User-defined) =   68
[Analog Macro Montoring] - Channel[ 0] ->  Gap period          (Generated by stim ctrl) =    6 , GAP      (User-defined) =    6
[Analog Macro Montoring] - Channel[ 0] ->  Anode  Pulse period (Generated by stim ctrl) =   68 , WA       (User-defined) =   68
[Analog Macro Montoring] - Channel[ 0] ->  Interval period     (Generated by stim ctrl) =   13 , Interval (User-defined) =   13
[Analog Macro Montoring] - Channel[ 0] -> Cathode Pulse period (Generated by stim ctrl) =   68 , WC       (User-defined) =   68
[Analog Macro Montoring] - Channel[ 0] ->  Gap period          (Generated by stim ctrl) =    6 , GAP      (User-defined) =    6
[Analog Macro Montoring] - Channel[ 0] ->  Anode  Pulse period (Generated by stim ctrl) =   68 , WA       (User-defined) =   68
[Analog Macro Montoring] - Channel[ 0] ->  Interval period     (Generated by stim ctrl) =   13 , Interval (User-defined) =   13
[Analog Macro Montoring] - Channel[ 0] -> Cathode Pulse period (Generated by stim ctrl) =   68 , WC       (User-defined) =   68
[Analog Macro Montoring] - Channel[ 0] ->  Gap period          (Generated by stim ctrl) =    6 , GAP      (User-defined) =    6
[Analog Macro Montoring] - Channel[ 0] ->  Anode  Pulse period (Generated by stim ctrl) =   68 , WA       (User-defined) =   68
[Analog Macro Montoring] - Channel[ 0] ->  Interval period     (Generated by stim ctrl) =   13 , Interval (User-defined) =   13
[Analog Macro Montoring] - Channel[ 0] -> Cathode Pulse period (Generated by stim ctrl) =   68 , WC       (User-defined) =   68
[Analog Macro Montoring] - Channel[ 0] ->  Gap period          (Generated by stim ctrl) =    6 , GAP      (User-defined) =    6
[Analog Macro Montoring] - Channel[ 0] ->  Anode  Pulse period (Generated by stim ctrl) =   68 , WA       (User-defined) =   68
[Analog Macro Montoring] - Channel[ 0] ->  Interval period     (Generated by stim ctrl) =   13 , Interval (User-defined) =   13
[Analog Macro Montoring] - Channel[ 0] -> Cathode Pulse period (Generated by stim ctrl) =   68 , WC       (User-defined) =   68
[Analog Macro Montoring] - Channel[ 0] ->  Gap period          (Generated by stim ctrl) =    6 , GAP      (User-defined) =    6
[Analog Macro Montoring] - Channel[ 0] ->  Anode  Pulse period (Generated by stim ctrl) =   68 , WA       (User-defined) =   68
[Analog Macro Montoring] - Channel[ 0] ->  Interval period     (Generated by stim ctrl) =   13 , Interval (User-defined) =   13
[Analog Macro Montoring] - Channel[ 0] -> Cathode Pulse period (Generated by stim ctrl) =   68 , WC       (User-defined) =   68
[Analog Macro Montoring] - Channel[ 0] ->  Gap period          (Generated by stim ctrl) =    6 , GAP      (User-defined) =    6
[Analog Macro Montoring] - Channel[ 0] ->  Anode  Pulse period (Generated by stim ctrl) =   68 , WA       (User-defined) =   68
[Analog Macro Montoring] - Channel[ 0] ->  Interval period     (Generated by stim ctrl) =   13 , Interval (User-defined) =   13
[Analog Macro Montoring] - Channel[ 0] -> Cathode Pulse period (Generated by stim ctrl) =   68 , WC       (User-defined) =   68
[Analog Macro Montoring] - Channel[ 0] ->  Gap period          (Generated by stim ctrl) =    6 , GAP      (User-defined) =    6
[Analog Macro Montoring] - Channel[ 0] ->  Anode  Pulse period (Generated by stim ctrl) =   68 , WA       (User-defined) =   68
[Analog Macro Montoring] - Channel[ 0] ->  Interval period     (Generated by stim ctrl) =   13 , Interval (User-defined) =   13
[Analog Macro Montoring] - Channel[ 0] -> Cathode Pulse period (Generated by stim ctrl) =   68 , WC       (User-defined) =   68
[Analog Macro Montoring] - Channel[ 0] ->  Gap period          (Generated by stim ctrl) =    6 , GAP      (User-defined) =    6
[Analog Macro Montoring] - Channel[ 0] ->  Anode  Pulse period (Generated by stim ctrl) =   68 , WA       (User-defined) =   68
[Analog Macro Montoring] - Channel[ 0] ->  Interval period     (Generated by stim ctrl) =   13 , Interval (User-defined) =   13
[Analog Macro Montoring] - Channel[ 0] -> Cathode Pulse period (Generated by stim ctrl) =   68 , WC       (User-defined) =   68
[Analog Macro Montoring] - Channel[ 0] ->  Gap period          (Generated by stim ctrl) =    6 , GAP      (User-defined) =    6
[Analog Macro Montoring] - Channel[ 0] ->  Anode  Pulse period (Generated by stim ctrl) =   68 , WA       (User-defined) =   68
[Analog Macro Montoring] - Channel[ 0] ->  Interval period     (Generated by stim ctrl) =   13 , Interval (User-defined) =   13
[Analog Macro Montoring] - Channel[ 0] -> Cathode Pulse period (Generated by stim ctrl) =   68 , WC       (User-defined) =   68
[Analog Macro Montoring] - Channel[ 0] ->  Gap period          (Generated by stim ctrl) =    6 , GAP      (User-defined) =    6
[Analog Macro Montoring] - Channel[ 0] ->  Anode  Pulse period (Generated by stim ctrl) =   68 , WA       (User-defined) =   68
[Analog Macro Montoring] - Channel[ 0] ->  Interval period     (Generated by stim ctrl) =   13 , Interval (User-defined) =   13
[Analog Macro Montoring] - Channel[ 0] -> Cathode Pulse period (Generated by stim ctrl) =   68 , WC       (User-defined) =   68
[Analog Macro Montoring] - Channel[ 0] ->  Gap period          (Generated by stim ctrl) =    6 , GAP      (User-defined) =    6
[Analog Macro Montoring] - Channel[ 0] ->  Anode  Pulse period (Generated by stim ctrl) =   68 , WA       (User-defined) =   68
[Analog Macro Montoring] - Channel[ 0] ->  Interval period     (Generated by stim ctrl) =   13 , Interval (User-defined) =   13
[Analog Macro Montoring] - Channel[ 0] -> Cathode Pulse period (Generated by stim ctrl) =   68 , WC       (User-defined) =   68
[Analog Macro Montoring] - Channel[ 0] ->  Gap period          (Generated by stim ctrl) =    6 , GAP      (User-defined) =    6
[Analog Macro Montoring] - Channel[ 0] ->  Anode  Pulse period (Generated by stim ctrl) =   68 , WA       (User-defined) =   68
[Analog Macro Montoring] - Channel[ 0] ->  Interval period     (Generated by stim ctrl) =   13 , Interval (User-defined) =   13
[Analog Macro Montoring] - Channel[ 0] -> Cathode Pulse period (Generated by stim ctrl) =   68 , WC       (User-defined) =   68
[Analog Macro Montoring] - Channel[ 0] ->  Gap period          (Generated by stim ctrl) =    6 , GAP      (User-defined) =    6
[Analog Macro Montoring] - Channel[ 0] ->  Anode  Pulse period (Generated by stim ctrl) =   68 , WA       (User-defined) =   68
[Analog Macro Montoring] - Channel[ 0] -> Cathode Pulse period (Generated by stim ctrl) =   68 , WC       (User-defined) =   68
[Analog Macro Montoring] - Channel[ 0] ->  Gap period          (Generated by stim ctrl) =    6 , GAP      (User-defined) =    6
[Analog Macro Montoring] - Channel[ 0] ->  Anode  Pulse period (Generated by stim ctrl) =   68 , WA       (User-defined) =   68
[Analog Macro Montoring] - Channel[ 0] -> Cathode Pulse period (Generated by stim ctrl) =   68 , WC       (User-defined) =   68
[Analog Macro Montoring] - Channel[ 0] ->  Gap period          (Generated by stim ctrl) =    6 , GAP      (User-defined) =    6
[Analog Macro Montoring] - Channel[ 0] ->  Anode  Pulse period (Generated by stim ctrl) =   68 , WA       (User-defined) =   68
[Analog Macro Montoring] - Channel[ 0] -> Cathode Pulse period (Generated by stim ctrl) =   81 , WC       (User-defined) =   81
[Analog Macro Montoring] - Channel[ 0] ->  Gap period          (Generated by stim ctrl) =    1 , GAP      (User-defined) =    1
[Analog Macro Montoring] - Channel[ 0] ->  Anode  Pulse period (Generated by stim ctrl) =   81 , WA       (User-defined) =   81
[Analog Macro Montoring] - Channel[ 0] ->  Interval period     (Generated by stim ctrl) =   21 , Interval (User-defined) =   21
[Analog Macro Montoring] - Channel[ 0] -> Cathode Pulse period (Generated by stim ctrl) =   81 , WC       (User-defined) =   81
[Analog Macro Montoring] - Channel[ 0] ->  Gap period          (Generated by stim ctrl) =    1 , GAP      (User-defined) =    1
[Analog Macro Montoring] - Channel[ 0] ->  Anode  Pulse period (Generated by stim ctrl) =   81 , WA       (User-defined) =   81
[Analog Macro Montoring] - Channel[ 0] ->  Interval period     (Generated by stim ctrl) =   21 , Interval (User-defined) =   21
[Analog Macro Montoring] - Channel[ 0] -> Cathode Pulse period (Generated by stim ctrl) =   81 , WC       (User-defined) =   81
[Analog Macro Montoring] - Channel[ 0] ->  Gap period          (Generated by stim ctrl) =    1 , GAP      (User-defined) =    1
[Analog Macro Montoring] - Channel[ 0] ->  Anode  Pulse period (Generated by stim ctrl) =   81 , WA       (User-defined) =   81
[Analog Macro Montoring] - Channel[ 0] ->  Interval period     (Generated by stim ctrl) =   21 , Interval (User-defined) =   21
[Analog Macro Montoring] - Channel[ 0] -> Cathode Pulse period (Generated by stim ctrl) =   81 , WC       (User-defined) =   81
[Analog Macro Montoring] - Channel[ 0] ->  Gap period          (Generated by stim ctrl) =    1 , GAP      (User-defined) =    1
[Analog Macro Montoring] - Channel[ 0] ->  Anode  Pulse period (Generated by stim ctrl) =   81 , WA       (User-defined) =   81
[Analog Macro Montoring] - Channel[ 0] -> Cathode Pulse period (Generated by stim ctrl) =   48 , WC       (User-defined) =   48
[Analog Macro Montoring] - Channel[ 0] ->  Gap period          (Generated by stim ctrl) =    2 , GAP      (User-defined) =    2
[Analog Macro Montoring] - Channel[ 0] ->  Anode  Pulse period (Generated by stim ctrl) =   48 , WA       (User-defined) =   48
[Analog Macro Montoring] - Channel[ 0] ->  Interval period     (Generated by stim ctrl) =   15 , Interval (User-defined) =   15
[Analog Macro Montoring] - Channel[ 0] -> Cathode Pulse period (Generated by stim ctrl) =   48 , WC       (User-defined) =   48
[Analog Macro Montoring] - Channel[ 0] ->  Gap period          (Generated by stim ctrl) =    2 , GAP      (User-defined) =    2
[Analog Macro Montoring] - Channel[ 0] ->  Anode  Pulse period (Generated by stim ctrl) =   48 , WA       (User-defined) =   48
[Analog Macro Montoring] - Channel[ 0] -> Cathode Pulse period (Generated by stim ctrl) =   50 , WC       (User-defined) =   50
[Analog Macro Montoring] - Channel[ 0] ->  Gap period          (Generated by stim ctrl) =    6 , GAP      (User-defined) =    6
[Analog Macro Montoring] - Channel[ 0] ->  Anode  Pulse period (Generated by stim ctrl) =   50 , WA       (User-defined) =   50
[Analog Macro Montoring] - Channel[ 0] ->  Interval period     (Generated by stim ctrl) =   29 , Interval (User-defined) =   29
[Analog Macro Montoring] - Channel[ 0] -> Cathode Pulse period (Generated by stim ctrl) =   50 , WC       (User-defined) =   50
[Analog Macro Montoring] - Channel[ 0] ->  Gap period          (Generated by stim ctrl) =    6 , GAP      (User-defined) =    6
[Analog Macro Montoring] - Channel[ 0] ->  Anode  Pulse period (Generated by stim ctrl) =   50 , WA       (User-defined) =   50
[Analog Macro Montoring] - Channel[ 0] ->  Interval period     (Generated by stim ctrl) =   29 , Interval (User-defined) =   29
[Analog Macro Montoring] - Channel[ 0] -> Cathode Pulse period (Generated by stim ctrl) =   50 , WC       (User-defined) =   50
[Analog Macro Montoring] - Channel[ 0] ->  Gap period          (Generated by stim ctrl) =    6 , GAP      (User-defined) =    6
[Analog Macro Montoring] - Channel[ 0] ->  Anode  Pulse period (Generated by stim ctrl) =   50 , WA       (User-defined) =   50
[Analog Macro Montoring] - Channel[ 0] ->  Interval period     (Generated by stim ctrl) =   29 , Interval (User-defined) =   29
[Analog Macro Montoring] - Channel[ 0] -> Cathode Pulse period (Generated by stim ctrl) =   50 , WC       (User-defined) =   50
[Analog Macro Montoring] - Channel[ 0] ->  Gap period          (Generated by stim ctrl) =    6 , GAP      (User-defined) =    6
[Analog Macro Montoring] - Channel[ 0] ->  Anode  Pulse period (Generated by stim ctrl) =   50 , WA       (User-defined) =   50
[Analog Macro Montoring] - Channel[ 0] ->  Interval period     (Generated by stim ctrl) =   29 , Interval (User-defined) =   29
[Analog Macro Montoring] - Channel[ 0] -> Cathode Pulse period (Generated by stim ctrl) =   50 , WC       (User-defined) =   50
[Analog Macro Montoring] - Channel[ 0] ->  Gap period          (Generated by stim ctrl) =    6 , GAP      (User-defined) =    6
[Analog Macro Montoring] - Channel[ 0] ->  Anode  Pulse period (Generated by stim ctrl) =   50 , WA       (User-defined) =   50
[Analog Macro Montoring] - Channel[ 0] ->  Interval period     (Generated by stim ctrl) =   29 , Interval (User-defined) =   29
[Analog Macro Montoring] - Channel[ 0] -> Cathode Pulse period (Generated by stim ctrl) =   50 , WC       (User-defined) =   50
[Analog Macro Montoring] - Channel[ 0] ->  Gap period          (Generated by stim ctrl) =    6 , GAP      (User-defined) =    6
[Analog Macro Montoring] - Channel[ 0] ->  Anode  Pulse period (Generated by stim ctrl) =   50 , WA       (User-defined) =   50
[Analog Macro Montoring] - Channel[ 0] ->  Interval period     (Generated by stim ctrl) =   29 , Interval (User-defined) =   29
[Analog Macro Montoring] - Channel[ 0] -> Cathode Pulse period (Generated by stim ctrl) =   50 , WC       (User-defined) =   50
[Analog Macro Montoring] - Channel[ 0] ->  Gap period          (Generated by stim ctrl) =    6 , GAP      (User-defined) =    6
[Analog Macro Montoring] - Channel[ 0] ->  Anode  Pulse period (Generated by stim ctrl) =   50 , WA       (User-defined) =   50
[Analog Macro Montoring] - Channel[ 0] ->  Interval period     (Generated by stim ctrl) =   29 , Interval (User-defined) =   29
[Analog Macro Montoring] - Channel[ 0] -> Cathode Pulse period (Generated by stim ctrl) =   50 , WC       (User-defined) =   50
[Analog Macro Montoring] - Channel[ 0] ->  Gap period          (Generated by stim ctrl) =    6 , GAP      (User-defined) =    6
[Analog Macro Montoring] - Channel[ 0] ->  Anode  Pulse period (Generated by stim ctrl) =   50 , WA       (User-defined) =   50
[Analog Macro Montoring] - Channel[ 0] ->  Interval period     (Generated by stim ctrl) =   29 , Interval (User-defined) =   29
[Analog Macro Montoring] - Channel[ 0] -> Cathode Pulse period (Generated by stim ctrl) =   50 , WC       (User-defined) =   50
[Analog Macro Montoring] - Channel[ 0] ->  Gap period          (Generated by stim ctrl) =    6 , GAP      (User-defined) =    6
[Analog Macro Montoring] - Channel[ 0] ->  Anode  Pulse period (Generated by stim ctrl) =   50 , WA       (User-defined) =   50

[1;34m #####   ####   ##### ##### ##### #####  
 ##  ## ##  ## ##    ##     ##    ##  ## 
 #####  ######  ####  ####  ####  ##  ## 
 ##     ##  ##     ##    ## ##    ##  ## 
 ##     ##  ## ##### #####  ##### #####  

TBCHECK: PASSED
[0m