INFO: [VRFC 10-2263] Analyzing Verilog file "/home/smaz-brn/project/ASIC-W-ICONS-FPGA/Cadence/w_icons/units/w_icons_top/fpga/vivado/project_1/project_1.sim/sim_1/synth/func/xsim/tb_w_icons_top_func_synth.v" into library xil_defaultlib
INFO: [VRFC 10-311] analyzing module common_clkdiv_by_n
INFO: [VRFC 10-311] analyzing module common_clkdiv_by_n_0
INFO: [VRFC 10-311] analyzing module common_clkdiv_by_n__parameterized0
INFO: [VRFC 10-311] analyzing module common_clkgate
INFO: [VRFC 10-311] analyzing module common_clkgate_1
INFO: [VRFC 10-311] analyzing module common_reset_sync
INFO: [VRFC 10-311] analyzing module common_reset_sync_2
INFO: [VRFC 10-311] analyzing module common_sync
INFO: [VRFC 10-311] analyzing module common_sync_10
INFO: [VRFC 10-311] analyzing module common_sync_100
INFO: [VRFC 10-311] analyzing module common_sync_101
INFO: [VRFC 10-311] analyzing module common_sync_102
INFO: [VRFC 10-311] analyzing module common_sync_103
INFO: [VRFC 10-311] analyzing module common_sync_104
INFO: [VRFC 10-311] analyzing module common_sync_105
INFO: [VRFC 10-311] analyzing module common_sync_106
INFO: [VRFC 10-311] analyzing module common_sync_107
INFO: [VRFC 10-311] analyzing module common_sync_108
INFO: [VRFC 10-311] analyzing module common_sync_109
INFO: [VRFC 10-311] analyzing module common_sync_11
INFO: [VRFC 10-311] analyzing module common_sync_110
INFO: [VRFC 10-311] analyzing module common_sync_111
INFO: [VRFC 10-311] analyzing module common_sync_112
INFO: [VRFC 10-311] analyzing module common_sync_113
INFO: [VRFC 10-311] analyzing module common_sync_114
INFO: [VRFC 10-311] analyzing module common_sync_115
INFO: [VRFC 10-311] analyzing module common_sync_116
INFO: [VRFC 10-311] analyzing module common_sync_117
INFO: [VRFC 10-311] analyzing module common_sync_118
INFO: [VRFC 10-311] analyzing module common_sync_119
INFO: [VRFC 10-311] analyzing module common_sync_12
INFO: [VRFC 10-311] analyzing module common_sync_120
INFO: [VRFC 10-311] analyzing module common_sync_121
INFO: [VRFC 10-311] analyzing module common_sync_122
INFO: [VRFC 10-311] analyzing module common_sync_123
INFO: [VRFC 10-311] analyzing module common_sync_124
INFO: [VRFC 10-311] analyzing module common_sync_125
INFO: [VRFC 10-311] analyzing module common_sync_126
INFO: [VRFC 10-311] analyzing module common_sync_127
INFO: [VRFC 10-311] analyzing module common_sync_128
INFO: [VRFC 10-311] analyzing module common_sync_129
INFO: [VRFC 10-311] analyzing module common_sync_13
INFO: [VRFC 10-311] analyzing module common_sync_130
INFO: [VRFC 10-311] analyzing module common_sync_131
INFO: [VRFC 10-311] analyzing module common_sync_132
INFO: [VRFC 10-311] analyzing module common_sync_133
INFO: [VRFC 10-311] analyzing module common_sync_134
INFO: [VRFC 10-311] analyzing module common_sync_135
INFO: [VRFC 10-311] analyzing module common_sync_136
INFO: [VRFC 10-311] analyzing module common_sync_137
INFO: [VRFC 10-311] analyzing module common_sync_138
INFO: [VRFC 10-311] analyzing module common_sync_139
INFO: [VRFC 10-311] analyzing module common_sync_14
INFO: [VRFC 10-311] analyzing module common_sync_140
INFO: [VRFC 10-311] analyzing module common_sync_141
INFO: [VRFC 10-311] analyzing module common_sync_142
INFO: [VRFC 10-311] analyzing module common_sync_143
INFO: [VRFC 10-311] analyzing module common_sync_15
INFO: [VRFC 10-311] analyzing module common_sync_16
INFO: [VRFC 10-311] analyzing module common_sync_17
INFO: [VRFC 10-311] analyzing module common_sync_18
INFO: [VRFC 10-311] analyzing module common_sync_19
INFO: [VRFC 10-311] analyzing module common_sync_20
INFO: [VRFC 10-311] analyzing module common_sync_21
INFO: [VRFC 10-311] analyzing module common_sync_22
INFO: [VRFC 10-311] analyzing module common_sync_23
INFO: [VRFC 10-311] analyzing module common_sync_24
INFO: [VRFC 10-311] analyzing module common_sync_25
INFO: [VRFC 10-311] analyzing module common_sync_26
INFO: [VRFC 10-311] analyzing module common_sync_27
INFO: [VRFC 10-311] analyzing module common_sync_28
INFO: [VRFC 10-311] analyzing module common_sync_29
INFO: [VRFC 10-311] analyzing module common_sync_3
INFO: [VRFC 10-311] analyzing module common_sync_30
INFO: [VRFC 10-311] analyzing module common_sync_31
INFO: [VRFC 10-311] analyzing module common_sync_32
INFO: [VRFC 10-311] analyzing module common_sync_33
INFO: [VRFC 10-311] analyzing module common_sync_34
INFO: [VRFC 10-311] analyzing module common_sync_35
INFO: [VRFC 10-311] analyzing module common_sync_36
INFO: [VRFC 10-311] analyzing module common_sync_37
INFO: [VRFC 10-311] analyzing module common_sync_38
INFO: [VRFC 10-311] analyzing module common_sync_39
INFO: [VRFC 10-311] analyzing module common_sync_4
INFO: [VRFC 10-311] analyzing module common_sync_40
INFO: [VRFC 10-311] analyzing module common_sync_41
INFO: [VRFC 10-311] analyzing module common_sync_42
INFO: [VRFC 10-311] analyzing module common_sync_43
INFO: [VRFC 10-311] analyzing module common_sync_44
INFO: [VRFC 10-311] analyzing module common_sync_45
INFO: [VRFC 10-311] analyzing module common_sync_46
INFO: [VRFC 10-311] analyzing module common_sync_47
INFO: [VRFC 10-311] analyzing module common_sync_48
INFO: [VRFC 10-311] analyzing module common_sync_49
INFO: [VRFC 10-311] analyzing module common_sync_5
INFO: [VRFC 10-311] analyzing module common_sync_50
INFO: [VRFC 10-311] analyzing module common_sync_51
INFO: [VRFC 10-311] analyzing module common_sync_52
INFO: [VRFC 10-311] analyzing module common_sync_53
INFO: [VRFC 10-311] analyzing module common_sync_54
INFO: [VRFC 10-311] analyzing module common_sync_55
INFO: [VRFC 10-311] analyzing module common_sync_56
INFO: [VRFC 10-311] analyzing module common_sync_57
INFO: [VRFC 10-311] analyzing module common_sync_58
INFO: [VRFC 10-311] analyzing module common_sync_59
INFO: [VRFC 10-311] analyzing module common_sync_6
INFO: [VRFC 10-311] analyzing module common_sync_60
INFO: [VRFC 10-311] analyzing module common_sync_61
INFO: [VRFC 10-311] analyzing module common_sync_62
INFO: [VRFC 10-311] analyzing module common_sync_63
INFO: [VRFC 10-311] analyzing module common_sync_64
INFO: [VRFC 10-311] analyzing module common_sync_65
INFO: [VRFC 10-311] analyzing module common_sync_66
INFO: [VRFC 10-311] analyzing module common_sync_67
INFO: [VRFC 10-311] analyzing module common_sync_68
INFO: [VRFC 10-311] analyzing module common_sync_69
INFO: [VRFC 10-311] analyzing module common_sync_7
INFO: [VRFC 10-311] analyzing module common_sync_70
INFO: [VRFC 10-311] analyzing module common_sync_71
INFO: [VRFC 10-311] analyzing module common_sync_72
INFO: [VRFC 10-311] analyzing module common_sync_73
INFO: [VRFC 10-311] analyzing module common_sync_74
INFO: [VRFC 10-311] analyzing module common_sync_75
INFO: [VRFC 10-311] analyzing module common_sync_76
INFO: [VRFC 10-311] analyzing module common_sync_77
INFO: [VRFC 10-311] analyzing module common_sync_78
INFO: [VRFC 10-311] analyzing module common_sync_79
INFO: [VRFC 10-311] analyzing module common_sync_8
INFO: [VRFC 10-311] analyzing module common_sync_80
INFO: [VRFC 10-311] analyzing module common_sync_81
INFO: [VRFC 10-311] analyzing module common_sync_82
INFO: [VRFC 10-311] analyzing module common_sync_83
INFO: [VRFC 10-311] analyzing module common_sync_84
INFO: [VRFC 10-311] analyzing module common_sync_85
INFO: [VRFC 10-311] analyzing module common_sync_86
INFO: [VRFC 10-311] analyzing module common_sync_87
INFO: [VRFC 10-311] analyzing module common_sync_88
INFO: [VRFC 10-311] analyzing module common_sync_89
INFO: [VRFC 10-311] analyzing module common_sync_9
INFO: [VRFC 10-311] analyzing module common_sync_90
INFO: [VRFC 10-311] analyzing module common_sync_91
INFO: [VRFC 10-311] analyzing module common_sync_92
INFO: [VRFC 10-311] analyzing module common_sync_93
INFO: [VRFC 10-311] analyzing module common_sync_94
INFO: [VRFC 10-311] analyzing module common_sync_95
INFO: [VRFC 10-311] analyzing module common_sync_96
INFO: [VRFC 10-311] analyzing module common_sync_97
INFO: [VRFC 10-311] analyzing module common_sync_98
INFO: [VRFC 10-311] analyzing module common_sync_99
INFO: [VRFC 10-311] analyzing module rec_ctrl
INFO: [VRFC 10-311] analyzing module rec_stim64ch_macro
INFO: [VRFC 10-311] analyzing module spi_custom_logic
INFO: [VRFC 10-311] analyzing module spi_slave_common
INFO: [VRFC 10-311] analyzing module spi_wrap
INFO: [VRFC 10-311] analyzing module stim_ctrls_wrap
INFO: [VRFC 10-311] analyzing module w_icons_core
INFO: [VRFC 10-311] analyzing module w_icons_mgmt
INFO: [VRFC 10-311] analyzing module w_icons_rf
INFO: [VRFC 10-311] analyzing module w_icons_sync_rst
INFO: [VRFC 10-311] analyzing module w_icons_top
INFO: [VRFC 10-311] analyzing module glbl
INFO: [VRFC 10-2263] Analyzing Verilog file "/home/smaz-brn/project/ASIC-W-ICONS-FPGA/Cadence/w_icons/units/w_icons_top/fpga/vivado/project_1/project_1.srcs/sources_1/imports/units/w_icons_top/source/rtl/verilog/common_reset_sync.v" into library xil_defaultlib
INFO: [VRFC 10-311] analyzing module common_reset_sync
WARNING: [VRFC 10-3609] overwriting previous definition of module 'common_reset_sync' [/home/smaz-brn/project/ASIC-W-ICONS-FPGA/Cadence/w_icons/units/w_icons_top/fpga/vivado/project_1/project_1.srcs/sources_1/imports/units/w_icons_top/source/rtl/verilog/common_reset_sync.v:9]
INFO: [VRFC 10-2263] Analyzing Verilog file "/home/smaz-brn/project/ASIC-W-ICONS-FPGA/Cadence/w_icons/units/w_icons_top/fpga/vivado/project_1/project_1.srcs/sources_1/imports/units/spi_master_emulator/source/rtl/verilog/spi_master_emulator.v" into library xil_defaultlib
INFO: [VRFC 10-311] analyzing module spi_master_emulator
INFO: [VRFC 10-2263] Analyzing Verilog file "/home/smaz-brn/project/ASIC-W-ICONS-FPGA/Cadence/w_icons/units/w_icons_top/fpga/vivado/project_1/project_1.srcs/sim_1/imports/verilog/tb_w_icons_top.v" into library xil_defaultlib
INFO: [VRFC 10-311] analyzing module tb_w_icons_top
