-e VLOG-INCDIRS
    -I/home/smaz-brn/project/ASIC-W-ICONS-FPGA/Cadence/w_icons/global_src/verilog
-e VLOG-FLAGS
    -Wno-timescale
    -Wno-implicit-dimensions
    -Wno-sensitivity-entire-array
    -Wno-portbind
    -g2005-sv
-e VLOG tb_w_icons_top-simulate
-e 
RUN  tb_w_icons_top-simulate

VCD info: dumpfile .work.iverilog/tb_w_icons_top.dump opened for output.
-----------> SPI Config: CMD(4'b0101)
	data_pack  : 0x500000000
	crc5       : 0b01011 (0x0b)
	48-bit data: 0x500000000580
.....................................
----------->Chip ID: CMD(4'b0110)
	Chip ID: 01010164
[1;34m	Read CRC5: Passed!
[0m.....................................
----------->Stimulator Status: CMD(4'b0111)
	Stimulator status:   00
[1;34m	Read CRC5: Passed!
[0m.....................................
	 stim mask :                                                 000000000000007f
---------------------------------------------------
Write parameters to selected stimulation channels
Write to stimulator Ch [ 0], address:  064
	 Interval :  8
	 Ic       : 47
	 PulseW   : 67
	 PulseGap :  7
	 PulseNum :  3
	 Pol      :  0
	 range    :  0
Write to stimulator Ch [ 1], address:  070
	 Interval : 17
	 Ic       :  5
	 PulseW   : 22
	 PulseGap :  1
	 PulseNum :  5
	 Pol      :  0
	 range    :  0
Write to stimulator Ch [ 2], address:  07c
	 Interval : 18
	 Ic       : 17
	 PulseW   :  9
	 PulseGap :  2
	 PulseNum :  5
	 Pol      :  0
	 range    :  0
Write to stimulator Ch [ 3], address:  088
	 Interval :  6
	 Ic       : 17
	 PulseW   : 42
	 PulseGap :  5
	 PulseNum :  1
	 Pol      :  0
	 range    :  0
Write to stimulator Ch [ 4], address:  094
	 Interval : 14
	 Ic       : 29
	 PulseW   : 66
	 PulseGap :  0
	 PulseNum :  4
	 Pol      :  0
	 range    :  0
Write to stimulator Ch [ 5], address:  0a0
	 Interval : 13
	 Ic       :  4
	 PulseW   : 53
	 PulseGap :  9
	 PulseNum :  5
	 Pol      :  0
	 range    :  0
Write to stimulator Ch [ 6], address:  0ac
	 Interval : 13
	 Ic       : 50
	 PulseW   : 68
	 PulseGap :  6
	 PulseNum :  5
	 Pol      :  0
	 range    :  0
-------------------------> Iteration [  0]
[Analog Macro Montoring] - Channel[ 2] -> Cathode Pulse period (Generated by stim ctrl) =    9 , WC       (User-defined) =    9
[Analog Macro Montoring] - Channel[ 2] ->  Gap period          (Generated by stim ctrl) =    2 , GAP      (User-defined) =    2
[Analog Macro Montoring] - Channel[ 2] ->  Anode  Pulse period (Generated by stim ctrl) =    9 , WA       (User-defined) =    9
[Analog Macro Montoring] - Channel[ 1] -> Cathode Pulse period (Generated by stim ctrl) =   22 , WC       (User-defined) =   22
[Analog Macro Montoring] - Channel[ 1] ->  Gap period          (Generated by stim ctrl) =    1 , GAP      (User-defined) =    1
[Analog Macro Montoring] - Channel[ 3] -> Cathode Pulse period (Generated by stim ctrl) =   42 , WC       (User-defined) =   42
[Analog Macro Montoring] - Channel[ 3] ->  Gap period          (Generated by stim ctrl) =    5 , GAP      (User-defined) =    5
[Analog Macro Montoring] - Channel[ 2] ->  Interval period     (Generated by stim ctrl) =   18 , Interval (User-defined) =   18
[Analog Macro Montoring] - Channel[ 1] ->  Anode  Pulse period (Generated by stim ctrl) =   22 , WA       (User-defined) =   22
[Analog Macro Montoring] - Channel[ 2] -> Cathode Pulse period (Generated by stim ctrl) =    9 , WC       (User-defined) =    9
[Analog Macro Montoring] - Channel[ 2] ->  Gap period          (Generated by stim ctrl) =    2 , GAP      (User-defined) =    2
[Analog Macro Montoring] - Channel[ 0] -> Cathode Pulse period (Generated by stim ctrl) =   67 , WC       (User-defined) =   67
[Analog Macro Montoring] - Channel[ 2] ->  Anode  Pulse period (Generated by stim ctrl) =    9 , WA       (User-defined) =    9
[Analog Macro Montoring] - Channel[ 1] ->  Interval period     (Generated by stim ctrl) =   17 , Interval (User-defined) =   17
[Analog Macro Montoring] - Channel[ 0] ->  Gap period          (Generated by stim ctrl) =    7 , GAP      (User-defined) =    7
[Analog Macro Montoring] - Channel[ 2] ->  Interval period     (Generated by stim ctrl) =   18 , Interval (User-defined) =   18
[Analog Macro Montoring] - Channel[ 3] ->  Anode  Pulse period (Generated by stim ctrl) =   42 , WA       (User-defined) =   42
[Analog Macro Montoring] - Channel[ 1] -> Cathode Pulse period (Generated by stim ctrl) =   22 , WC       (User-defined) =   22
[Analog Macro Montoring] - Channel[ 1] ->  Gap period          (Generated by stim ctrl) =    1 , GAP      (User-defined) =    1
[Analog Macro Montoring] - Channel[ 2] -> Cathode Pulse period (Generated by stim ctrl) =    9 , WC       (User-defined) =    9
[Analog Macro Montoring] - Channel[ 2] ->  Gap period          (Generated by stim ctrl) =    2 , GAP      (User-defined) =    2
[Analog Macro Montoring] - Channel[ 2] ->  Anode  Pulse period (Generated by stim ctrl) =    9 , WA       (User-defined) =    9
[Analog Macro Montoring] - Channel[ 1] ->  Anode  Pulse period (Generated by stim ctrl) =   22 , WA       (User-defined) =   22
[Analog Macro Montoring] - Channel[ 2] ->  Interval period     (Generated by stim ctrl) =   18 , Interval (User-defined) =   18
[Analog Macro Montoring] - Channel[ 1] ->  Interval period     (Generated by stim ctrl) =   17 , Interval (User-defined) =   17
[Analog Macro Montoring] - Channel[ 2] -> Cathode Pulse period (Generated by stim ctrl) =    9 , WC       (User-defined) =    9
[Analog Macro Montoring] - Channel[ 2] ->  Gap period          (Generated by stim ctrl) =    2 , GAP      (User-defined) =    2
[Analog Macro Montoring] - Channel[ 0] ->  Anode  Pulse period (Generated by stim ctrl) =   67 , WA       (User-defined) =   67
[Analog Macro Montoring] - Channel[ 2] ->  Anode  Pulse period (Generated by stim ctrl) =    9 , WA       (User-defined) =    9
[Analog Macro Montoring] - Channel[ 0] ->  Interval period     (Generated by stim ctrl) =    8 , Interval (User-defined) =    8
[Analog Macro Montoring] - Channel[ 1] -> Cathode Pulse period (Generated by stim ctrl) =   22 , WC       (User-defined) =   22
[Analog Macro Montoring] - Channel[ 1] ->  Gap period          (Generated by stim ctrl) =    1 , GAP      (User-defined) =    1
[Analog Macro Montoring] - Channel[ 2] ->  Interval period     (Generated by stim ctrl) =   18 , Interval (User-defined) =   18
[Analog Macro Montoring] - Channel[ 2] -> Cathode Pulse period (Generated by stim ctrl) =    9 , WC       (User-defined) =    9
[Analog Macro Montoring] - Channel[ 2] ->  Gap period          (Generated by stim ctrl) =    2 , GAP      (User-defined) =    2
[Analog Macro Montoring] - Channel[ 1] ->  Anode  Pulse period (Generated by stim ctrl) =   22 , WA       (User-defined) =   22
[Analog Macro Montoring] - Channel[ 2] ->  Anode  Pulse period (Generated by stim ctrl) =    9 , WA       (User-defined) =    9
[Analog Macro Montoring] - Channel[ 1] ->  Interval period     (Generated by stim ctrl) =   17 , Interval (User-defined) =   17
[Analog Macro Montoring] - Channel[ 0] -> Cathode Pulse period (Generated by stim ctrl) =   67 , WC       (User-defined) =   67
[Analog Macro Montoring] - Channel[ 1] -> Cathode Pulse period (Generated by stim ctrl) =   22 , WC       (User-defined) =   22
[Analog Macro Montoring] - Channel[ 1] ->  Gap period          (Generated by stim ctrl) =    1 , GAP      (User-defined) =    1
[Analog Macro Montoring] - Channel[ 0] ->  Gap period          (Generated by stim ctrl) =    7 , GAP      (User-defined) =    7
[Analog Macro Montoring] - Channel[ 1] ->  Anode  Pulse period (Generated by stim ctrl) =   22 , WA       (User-defined) =   22
[Analog Macro Montoring] - Channel[ 1] ->  Interval period     (Generated by stim ctrl) =   17 , Interval (User-defined) =   17
[Analog Macro Montoring] - Channel[ 1] -> Cathode Pulse period (Generated by stim ctrl) =   22 , WC       (User-defined) =   22
[Analog Macro Montoring] - Channel[ 1] ->  Gap period          (Generated by stim ctrl) =    1 , GAP      (User-defined) =    1
[Analog Macro Montoring] - Channel[ 0] ->  Anode  Pulse period (Generated by stim ctrl) =   67 , WA       (User-defined) =   67
[Analog Macro Montoring] - Channel[ 0] ->  Interval period     (Generated by stim ctrl) =    8 , Interval (User-defined) =    8
[Analog Macro Montoring] - Channel[ 1] ->  Anode  Pulse period (Generated by stim ctrl) =   22 , WA       (User-defined) =   22
[Analog Macro Montoring] - Channel[ 0] -> Cathode Pulse period (Generated by stim ctrl) =   67 , WC       (User-defined) =   67
[Analog Macro Montoring] - Channel[ 0] ->  Gap period          (Generated by stim ctrl) =    7 , GAP      (User-defined) =    7
[Analog Macro Montoring] - Channel[ 0] ->  Anode  Pulse period (Generated by stim ctrl) =   67 , WA       (User-defined) =   67
	 stim mask :                                                 0000000000003f80
---------------------------------------------------
Write parameters to selected stimulation channels
Write to stimulator Ch [ 7], address:  0b8
	 Interval : 21
	 Ic       : 42
	 PulseW   : 81
	 PulseGap :  1
	 PulseNum :  4
	 Pol      :  0
	 range    :  0
Write to stimulator Ch [ 8], address:  0c4
	 Interval : 15
	 Ic       : 65
	 PulseW   : 48
	 PulseGap :  2
	 PulseNum :  2
	 Pol      :  0
	 range    :  0
Write to stimulator Ch [ 9], address:  0d0
	 Interval : 29
	 Ic       : 27
	 PulseW   : 50
	 PulseGap :  6
	 PulseNum :  4
	 Pol      :  0
	 range    :  0
Write to stimulator Ch [10], address:  0dc
	 Interval : 26
	 Ic       : 50
	 PulseW   :  7
	 PulseGap :  4
	 PulseNum :  1
	 Pol      :  0
	 range    :  0
Write to stimulator Ch [11], address:  0e8
	 Interval :  9
	 Ic       :  7
	 PulseW   : 16
	 PulseGap :  6
	 PulseNum :  2
	 Pol      :  0
	 range    :  0
Write to stimulator Ch [12], address:  0f4
	 Interval :  4
	 Ic       :  4
	 PulseW   : 33
	 PulseGap :  3
	 PulseNum :  2
	 Pol      :  0
	 range    :  0
Write to stimulator Ch [13], address:  100
	 Interval : 25
	 Ic       : 21
	 PulseW   : 54
	 PulseGap :  2
	 PulseNum :  2
	 Pol      :  0
	 range    :  0
-------------------------> Iteration [  0]
	 stim mask :                                                 00000000001fc000
---------------------------------------------------
Write parameters to selected stimulation channels
Write to stimulator Ch [14], address:  10c
	 Interval : 13
	 Ic       : 41
	 PulseW   : 24
	 PulseGap :  8
	 PulseNum :  5
	 Pol      :  0
	 range    :  0
Write to stimulator Ch [15], address:  118
	 Interval :  5
	 Ic       : 20
	 PulseW   : 43
	 PulseGap :  3
	 PulseNum :  5
	 Pol      :  0
	 range    :  0
Write to stimulator Ch [16], address:  124
	 Interval : 29
	 Ic       : 57
	 PulseW   : 71
	 PulseGap :  2
	 PulseNum :  2
	 Pol      :  0
	 range    :  0
Write to stimulator Ch [17], address:  130
	 Interval : 25
	 Ic       : 10
	 PulseW   : 54
	 PulseGap :  4
	 PulseNum :  5
	 Pol      :  0
	 range    :  0
Write to stimulator Ch [18], address:  13c
	 Interval :  1
	 Ic       : 25
	 PulseW   : 78
	 PulseGap :  2
	 PulseNum :  2
	 Pol      :  0
	 range    :  0
Write to stimulator Ch [19], address:  148
	 Interval : 23
	 Ic       :  9
	 PulseW   : 85
	 PulseGap :  3
	 PulseNum :  5
	 Pol      :  0
	 range    :  0
Write to stimulator Ch [20], address:  154
	 Interval : 23
	 Ic       : 43
	 PulseW   : 83
	 PulseGap :  0
	 PulseNum :  3
	 Pol      :  0
	 range    :  0
-------------------------> Iteration [  0]
	 stim mask :                                                 000000000fe00000
---------------------------------------------------
Write parameters to selected stimulation channels
Write to stimulator Ch [21], address:  160
	 Interval : 28
	 Ic       : 14
	 PulseW   : 66
	 PulseGap :  6
	 PulseNum :  4
	 Pol      :  0
	 range    :  0
Write to stimulator Ch [22], address:  16c
	 Interval : 15
	 Ic       : 61
	 PulseW   : 69
	 PulseGap :  7
	 PulseNum :  3
	 Pol      :  0
	 range    :  0
Write to stimulator Ch [23], address:  178
	 Interval :  6
	 Ic       : 51
	 PulseW   : 41
	 PulseGap :  8
	 PulseNum :  5
	 Pol      :  0
	 range    :  0
Write to stimulator Ch [24], address:  184
	 Interval : 11
	 Ic       :  9
	 PulseW   : 46
	 PulseGap :  5
	 PulseNum :  4
	 Pol      :  0
	 range    :  0
Write to stimulator Ch [25], address:  190
	 Interval :  5
	 Ic       :  7
	 PulseW   : 16
	 PulseGap :  8
	 PulseNum :  4
	 Pol      :  0
	 range    :  0
Write to stimulator Ch [26], address:  19c
	 Interval : 15
	 Ic       : 14
	 PulseW   : 26
	 PulseGap :  6
	 PulseNum :  5
	 Pol      :  0
	 range    :  0
Write to stimulator Ch [27], address:  1a8
	 Interval :  3
	 Ic       : 20
	 PulseW   :  6
	 PulseGap :  7
	 PulseNum :  5
	 Pol      :  0
	 range    :  0
-------------------------> Iteration [  0]
	 stim mask :                                                 00000007f0000000
---------------------------------------------------
Write parameters to selected stimulation channels
Write to stimulator Ch [28], address:  1b4
	 Interval : 14
	 Ic       : 64
	 PulseW   : 15
	 PulseGap :  8
	 PulseNum :  5
	 Pol      :  0
	 range    :  0
Write to stimulator Ch [29], address:  1c0
	 Interval :  1
	 Ic       : 16
	 PulseW   :  1
	 PulseGap :  1
	 PulseNum :  3
	 Pol      :  0
	 range    :  0
Write to stimulator Ch [30], address:  1cc
	 Interval :  9
	 Ic       : 43
	 PulseW   :  0
	 PulseGap :  0
	 PulseNum :  2
	 Pol      :  0
	 range    :  0
Write to stimulator Ch [31], address:  1d8
	 Interval :  3
	 Ic       : 36
	 PulseW   : 52
	 PulseGap :  7
	 PulseNum :  2
	 Pol      :  0
	 range    :  0
Write to stimulator Ch [32], address:  1e4
	 Interval :  4
	 Ic       : 56
	 PulseW   : 86
	 PulseGap :  3
	 PulseNum :  2
	 Pol      :  0
	 range    :  0
Write to stimulator Ch [33], address:  1f0
	 Interval : 10
	 Ic       :  2
	 PulseW   : 26
	 PulseGap :  5
	 PulseNum :  2
	 Pol      :  0
	 range    :  0
Write to stimulator Ch [34], address:  1fc
	 Interval : 24
	 Ic       : 12
	 PulseW   : 50
	 PulseGap :  5
	 PulseNum :  4
	 Pol      :  0
	 range    :  0
-------------------------> Iteration [  0]
	 stim mask :                                                 000003f800000000
---------------------------------------------------
Write parameters to selected stimulation channels
Write to stimulator Ch [35], address:  208
	 Interval : 22
	 Ic       : 29
	 PulseW   : 80
	 PulseGap :  8
	 PulseNum :  3
	 Pol      :  0
	 range    :  0
Write to stimulator Ch [36], address:  214
	 Interval :  1
	 Ic       : 54
	 PulseW   : 15
	 PulseGap :  9
	 PulseNum :  5
	 Pol      :  0
	 range    :  0
Write to stimulator Ch [37], address:  220
	 Interval : 18
	 Ic       : 18
	 PulseW   : 32
	 PulseGap :  1
	 PulseNum :  1
	 Pol      :  0
	 range    :  0
Write to stimulator Ch [38], address:  22c
	 Interval : 10
	 Ic       : 58
	 PulseW   : 44
	 PulseGap :  5
	 PulseNum :  1
	 Pol      :  0
	 range    :  0
Write to stimulator Ch [39], address:  238
	 Interval : 11
	 Ic       : 46
	 PulseW   : 39
	 PulseGap :  1
	 PulseNum :  5
	 Pol      :  0
	 range    :  0
Write to stimulator Ch [40], address:  244
	 Interval :  0
	 Ic       : 52
	 PulseW   : 11
	 PulseGap :  3
	 PulseNum :  2
	 Pol      :  0
	 range    :  0
Write to stimulator Ch [41], address:  250
	 Interval : 13
	 Ic       : 43
	 PulseW   : 12
	 PulseGap :  3
	 PulseNum :  2
	 Pol      :  0
	 range    :  0
-------------------------> Iteration [  0]
	 stim mask :                                                 0001fc0000000000
---------------------------------------------------
Write parameters to selected stimulation channels
Write to stimulator Ch [42], address:  25c
	 Interval : 26
	 Ic       :  2
	 PulseW   : 84
	 PulseGap :  8
	 PulseNum :  5
	 Pol      :  0
	 range    :  0
Write to stimulator Ch [43], address:  268
	 Interval : 21
	 Ic       : 62
	 PulseW   : 12
	 PulseGap :  7
	 PulseNum :  2
	 Pol      :  0
	 range    :  0
Write to stimulator Ch [44], address:  274
	 Interval :  2
	 Ic       : 39
	 PulseW   : 24
	 PulseGap :  6
	 PulseNum :  5
	 Pol      :  0
	 range    :  0
Write to stimulator Ch [45], address:  280
	 Interval : 12
	 Ic       : 12
	 PulseW   :  3
	 PulseGap :  1
	 PulseNum :  4
	 Pol      :  0
	 range    :  0
Write to stimulator Ch [46], address:  28c
	 Interval : 10
	 Ic       : 56
	 PulseW   : 52
	 PulseGap :  1
	 PulseNum :  3
	 Pol      :  0
	 range    :  0
Write to stimulator Ch [47], address:  298
	 Interval : 20
	 Ic       : 51
	 PulseW   : 74
	 PulseGap :  4
	 PulseNum :  4
	 Pol      :  0
	 range    :  0
Write to stimulator Ch [48], address:  2a4
	 Interval : 12
	 Ic       : 51
	 PulseW   : 32
	 PulseGap :  2
	 PulseNum :  3
	 Pol      :  0
	 range    :  0
-------------------------> Iteration [  0]
	 stim mask :                                                 00fe000000000000
---------------------------------------------------
Write parameters to selected stimulation channels
Write to stimulator Ch [49], address:  2b0
	 Interval : 17
	 Ic       : 51
	 PulseW   : 48
	 PulseGap :  9
	 PulseNum :  4
	 Pol      :  0
	 range    :  0
Write to stimulator Ch [50], address:  2bc
	 Interval : 25
	 Ic       :  7
	 PulseW   : 76
	 PulseGap :  7
	 PulseNum :  1
	 Pol      :  0
	 range    :  0
Write to stimulator Ch [51], address:  2c8
	 Interval :  1
	 Ic       : 56
	 PulseW   :  2
	 PulseGap :  9
	 PulseNum :  1
	 Pol      :  0
	 range    :  0
Write to stimulator Ch [52], address:  2d4
	 Interval :  6
	 Ic       : 11
	 PulseW   : 45
	 PulseGap :  0
	 PulseNum :  3
	 Pol      :  0
	 range    :  0
Write to stimulator Ch [53], address:  2e0
	 Interval : 23
	 Ic       : 68
	 PulseW   : 46
	 PulseGap :  9
	 PulseNum :  1
	 Pol      :  0
	 range    :  0
Write to stimulator Ch [54], address:  2ec
	 Interval :  3
	 Ic       : 67
	 PulseW   : 86
	 PulseGap :  1
	 PulseNum :  1
	 Pol      :  0
	 range    :  0
Write to stimulator Ch [55], address:  2f8
	 Interval :  5
	 Ic       : 54
	 PulseW   : 70
	 PulseGap :  7
	 PulseNum :  3
	 Pol      :  0
	 range    :  0
-------------------------> Iteration [  0]
	 stim mask :                                                 7f00000000000000
---------------------------------------------------
Write parameters to selected stimulation channels
Write to stimulator Ch [56], address:  304
	 Interval : 16
	 Ic       : 10
	 PulseW   : 45
	 PulseGap :  3
	 PulseNum :  2
	 Pol      :  0
	 range    :  0
Write to stimulator Ch [57], address:  310
	 Interval : 21
	 Ic       : 55
	 PulseW   : 40
	 PulseGap :  9
	 PulseNum :  4
	 Pol      :  0
	 range    :  0
Write to stimulator Ch [58], address:  31c
	 Interval : 19
	 Ic       : 56
	 PulseW   :  2
	 PulseGap :  8
	 PulseNum :  3
	 Pol      :  0
	 range    :  0
Write to stimulator Ch [59], address:  328
	 Interval :  0
	 Ic       : 64
	 PulseW   : 71
	 PulseGap :  9
	 PulseNum :  1
	 Pol      :  0
	 range    :  0
Write to stimulator Ch [60], address:  334
	 Interval : 21
	 Ic       : 31
	 PulseW   : 37
	 PulseGap :  3
	 PulseNum :  2
	 Pol      :  0
	 range    :  0
Write to stimulator Ch [61], address:  340
	 Interval :  9
	 Ic       : 35
	 PulseW   : 53
	 PulseGap :  1
	 PulseNum :  5
	 Pol      :  0
	 range    :  0
Write to stimulator Ch [62], address:  34c
	 Interval :  7
	 Ic       : 69
	 PulseW   : 81
	 PulseGap :  4
	 PulseNum :  2
	 Pol      :  0
	 range    :  0
-------------------------> Iteration [  0]
	 stim mask :                                                 8000000000000000
---------------------------------------------------
Write parameters to selected stimulation channels
Write to stimulator Ch [63], address:  358
	 Interval : 13
	 Ic       : 27
	 PulseW   :  2
	 PulseGap :  4
	 PulseNum :  4
	 Pol      :  0
	 range    :  0
-------------------------> Iteration [  0]
	 stim mask :                                                 0000000000000000

[1;34m #####   ####   ##### ##### ##### #####  
 ##  ## ##  ## ##    ##     ##    ##  ## 
 #####  ######  ####  ####  ####  ##  ## 
 ##     ##  ##     ##    ## ##    ##  ## 
 ##     ##  ## ##### #####  ##### #####  

TBCHECK: PASSED
[0m