-e VLOG-INCDIRS
    -I/home/smaz-brn/project/ASIC-W-ICONS-FPGA/Cadence/w_icons/global_src/verilog
-e VLOG-FLAGS
    -Wno-timescale
    -Wno-implicit-dimensions
    -Wno-sensitivity-entire-array
    -Wno-portbind
    -g2005-sv
-e VLOG tb_w_icons_top-simulate
-e 
RUN  tb_w_icons_top-simulate

VCD info: dumpfile .work.iverilog/tb_w_icons_top.dump opened for output.
-----------> SPI Config: CMD(4'b0101)
	data_pack  : 0x500000000
	crc5       : 0b01011 (0x0b)
	48-bit data: 0x500000000580
.....................................
----------->Chip ID: CMD(4'b0110)
	Chip ID: 01010164
[1;34m	Read CRC5: Passed!
[0m.....................................
----------->Stimulator Status: CMD(4'b0111)
	Stimulator status:   00
[1;34m	Read CRC5: Passed!
[0m.....................................
----------------> Check Error for Mask [ 0]
	 enabled mask index: 00000000000000000000000000000001
[Analog Macro Montoring] - Channel[ 0] -> Cathode Pulse period (Generated by stim ctrl) =   57 , WC       (User-defined) =   57
[Analog Macro Montoring] - Channel[ 0] ->  Gap period          (Generated by stim ctrl) =    7 , GAP      (User-defined) =    7
[Analog Macro Montoring] - Channel[ 0] ->  Anode  Pulse period (Generated by stim ctrl) =   57 , WA       (User-defined) =   57
[Analog Macro Montoring] - Channel[ 0] ->  Interval period     (Generated by stim ctrl) =    8 , Interval (User-defined) =    8
[Analog Macro Montoring] - Channel[ 0] -> Cathode Pulse period (Generated by stim ctrl) =   57 , WC       (User-defined) =   57
[Analog Macro Montoring] - Channel[ 0] ->  Gap period          (Generated by stim ctrl) =    7 , GAP      (User-defined) =    7
[Analog Macro Montoring] - Channel[ 0] ->  Anode  Pulse period (Generated by stim ctrl) =   57 , WA       (User-defined) =   57
[Analog Macro Montoring] - Channel[ 0] -> Cathode Pulse period (Generated by stim ctrl) =   57 , WC       (User-defined) =   57
[Analog Macro Montoring] - Channel[ 0] ->  Gap period          (Generated by stim ctrl) =    7 , GAP      (User-defined) =    7
[Analog Macro Montoring] - Channel[ 0] ->  Anode  Pulse period (Generated by stim ctrl) =   57 , WA       (User-defined) =   57
[Analog Macro Montoring] - Channel[ 0] ->  Interval period     (Generated by stim ctrl) =    8 , Interval (User-defined) =    8
[Analog Macro Montoring] - Channel[ 0] -> Cathode Pulse period (Generated by stim ctrl) =   57 , WC       (User-defined) =   57
[Analog Macro Montoring] - Channel[ 0] ->  Gap period          (Generated by stim ctrl) =    7 , GAP      (User-defined) =    7
[Analog Macro Montoring] - Channel[ 0] ->  Anode  Pulse period (Generated by stim ctrl) =   57 , WA       (User-defined) =   57
[Analog Macro Montoring] - Channel[ 0] -> Cathode Pulse period (Generated by stim ctrl) =   57 , WC       (User-defined) =   57
[Analog Macro Montoring] - Channel[ 0] ->  Gap period          (Generated by stim ctrl) =    7 , GAP      (User-defined) =    7
[Analog Macro Montoring] - Channel[ 0] ->  Anode  Pulse period (Generated by stim ctrl) =   57 , WA       (User-defined) =   57
[Analog Macro Montoring] - Channel[ 0] ->  Interval period     (Generated by stim ctrl) =    8 , Interval (User-defined) =    8
[Analog Macro Montoring] - Channel[ 0] -> Cathode Pulse period (Generated by stim ctrl) =   57 , WC       (User-defined) =   57
[Analog Macro Montoring] - Channel[ 0] ->  Gap period          (Generated by stim ctrl) =    7 , GAP      (User-defined) =    7
[Analog Macro Montoring] - Channel[ 0] ->  Anode  Pulse period (Generated by stim ctrl) =   57 , WA       (User-defined) =   57
[Analog Macro Montoring] - Channel[ 0] -> Cathode Pulse period (Generated by stim ctrl) =   57 , WC       (User-defined) =   57
[Analog Macro Montoring] - Channel[ 0] ->  Gap period          (Generated by stim ctrl) =    7 , GAP      (User-defined) =    7
[Analog Macro Montoring] - Channel[ 0] ->  Anode  Pulse period (Generated by stim ctrl) =   57 , WA       (User-defined) =   57
[Analog Macro Montoring] - Channel[ 0] ->  Interval period     (Generated by stim ctrl) =    8 , Interval (User-defined) =    8
[Analog Macro Montoring] - Channel[ 0] -> Cathode Pulse period (Generated by stim ctrl) =   57 , WC       (User-defined) =   57
[Analog Macro Montoring] - Channel[ 0] ->  Gap period          (Generated by stim ctrl) =    7 , GAP      (User-defined) =    7
[Analog Macro Montoring] - Channel[ 0] ->  Anode  Pulse period (Generated by stim ctrl) =   57 , WA       (User-defined) =   57
[Analog Macro Montoring] - Channel[ 0] -> Cathode Pulse period (Generated by stim ctrl) =   57 , WC       (User-defined) =   57
[Analog Macro Montoring] - Channel[ 0] ->  Gap period          (Generated by stim ctrl) =    7 , GAP      (User-defined) =    7
[Analog Macro Montoring] - Channel[ 0] ->  Anode  Pulse period (Generated by stim ctrl) =   57 , WA       (User-defined) =   57
[Analog Macro Montoring] - Channel[ 0] ->  Interval period     (Generated by stim ctrl) =    8 , Interval (User-defined) =    8
[Analog Macro Montoring] - Channel[ 0] -> Cathode Pulse period (Generated by stim ctrl) =   57 , WC       (User-defined) =   57
[Analog Macro Montoring] - Channel[ 0] ->  Gap period          (Generated by stim ctrl) =    7 , GAP      (User-defined) =    7
[Analog Macro Montoring] - Channel[ 0] ->  Anode  Pulse period (Generated by stim ctrl) =   57 , WA       (User-defined) =   57
[Analog Macro Montoring] - Channel[ 0] -> Cathode Pulse period (Generated by stim ctrl) =   57 , WC       (User-defined) =   57
[Analog Macro Montoring] - Channel[ 0] ->  Gap period          (Generated by stim ctrl) =    7 , GAP      (User-defined) =    7
[Analog Macro Montoring] - Channel[ 0] ->  Anode  Pulse period (Generated by stim ctrl) =   57 , WA       (User-defined) =   57
[Analog Macro Montoring] - Channel[ 0] ->  Interval period     (Generated by stim ctrl) =    8 , Interval (User-defined) =    8
[Analog Macro Montoring] - Channel[ 0] -> Cathode Pulse period (Generated by stim ctrl) =   57 , WC       (User-defined) =   57
[Analog Macro Montoring] - Channel[ 0] ->  Gap period          (Generated by stim ctrl) =    7 , GAP      (User-defined) =    7
[Analog Macro Montoring] - Channel[ 0] ->  Anode  Pulse period (Generated by stim ctrl) =   57 , WA       (User-defined) =   57
----------------> Check Error for Mask [ 1]
	 enabled mask index: 00000000000000000000000000000010
[Analog Macro Montoring] - Channel[ 0] -> Cathode Pulse period (Generated by stim ctrl) =   57 , WC       (User-defined) =   57
[Analog Macro Montoring] - Channel[ 0] ->  Gap period          (Generated by stim ctrl) =    7 , GAP      (User-defined) =    7
[Analog Macro Montoring] - Channel[ 0] ->  Anode  Pulse period (Generated by stim ctrl) =   57 , WA       (User-defined) =   57
[Analog Macro Montoring] - Channel[ 0] ->  Interval period     (Generated by stim ctrl) =    8 , Interval (User-defined) =    8
[Analog Macro Montoring] - Channel[ 0] -> Cathode Pulse period (Generated by stim ctrl) =   57 , WC       (User-defined) =   57
[Analog Macro Montoring] - Channel[ 0] ->  Gap period          (Generated by stim ctrl) =    7 , GAP      (User-defined) =    7
[Analog Macro Montoring] - Channel[ 0] ->  Anode  Pulse period (Generated by stim ctrl) =   57 , WA       (User-defined) =   57
[Analog Macro Montoring] - Channel[ 0] -> Cathode Pulse period (Generated by stim ctrl) =   57 , WC       (User-defined) =   57
[Analog Macro Montoring] - Channel[ 0] ->  Gap period          (Generated by stim ctrl) =    7 , GAP      (User-defined) =    7
[Analog Macro Montoring] - Channel[ 0] ->  Anode  Pulse period (Generated by stim ctrl) =   57 , WA       (User-defined) =   57
[Analog Macro Montoring] - Channel[ 0] ->  Interval period     (Generated by stim ctrl) =    8 , Interval (User-defined) =    8
[Analog Macro Montoring] - Channel[ 0] -> Cathode Pulse period (Generated by stim ctrl) =   57 , WC       (User-defined) =   57
[Analog Macro Montoring] - Channel[ 0] ->  Gap period          (Generated by stim ctrl) =    7 , GAP      (User-defined) =    7
[Analog Macro Montoring] - Channel[ 0] ->  Anode  Pulse period (Generated by stim ctrl) =   57 , WA       (User-defined) =   57
[Analog Macro Montoring] - Channel[ 0] -> Cathode Pulse period (Generated by stim ctrl) =   57 , WC       (User-defined) =   57
[Analog Macro Montoring] - Channel[ 0] ->  Gap period          (Generated by stim ctrl) =    7 , GAP      (User-defined) =    7
[Analog Macro Montoring] - Channel[ 0] ->  Anode  Pulse period (Generated by stim ctrl) =   57 , WA       (User-defined) =   57
[Analog Macro Montoring] - Channel[ 0] ->  Interval period     (Generated by stim ctrl) =    8 , Interval (User-defined) =    8
[Analog Macro Montoring] - Channel[ 0] -> Cathode Pulse period (Generated by stim ctrl) =   57 , WC       (User-defined) =   57
[Analog Macro Montoring] - Channel[ 0] ->  Gap period          (Generated by stim ctrl) =    7 , GAP      (User-defined) =    7
[Analog Macro Montoring] - Channel[ 0] ->  Anode  Pulse period (Generated by stim ctrl) =   57 , WA       (User-defined) =   57
[Analog Macro Montoring] - Channel[ 0] -> Cathode Pulse period (Generated by stim ctrl) =   57 , WC       (User-defined) =   57
[Analog Macro Montoring] - Channel[ 0] ->  Gap period          (Generated by stim ctrl) =    7 , GAP      (User-defined) =    7
[Analog Macro Montoring] - Channel[ 0] ->  Anode  Pulse period (Generated by stim ctrl) =   57 , WA       (User-defined) =   57
[Analog Macro Montoring] - Channel[ 0] ->  Interval period     (Generated by stim ctrl) =    8 , Interval (User-defined) =    8
[Analog Macro Montoring] - Channel[ 0] -> Cathode Pulse period (Generated by stim ctrl) =   57 , WC       (User-defined) =   57
[Analog Macro Montoring] - Channel[ 0] ->  Gap period          (Generated by stim ctrl) =    7 , GAP      (User-defined) =    7
[Analog Macro Montoring] - Channel[ 0] ->  Anode  Pulse period (Generated by stim ctrl) =   57 , WA       (User-defined) =   57
[Analog Macro Montoring] - Channel[ 0] -> Cathode Pulse period (Generated by stim ctrl) =   57 , WC       (User-defined) =   57
[Analog Macro Montoring] - Channel[ 0] ->  Gap period          (Generated by stim ctrl) =    7 , GAP      (User-defined) =    7
[Analog Macro Montoring] - Channel[ 0] ->  Anode  Pulse period (Generated by stim ctrl) =   57 , WA       (User-defined) =   57
[Analog Macro Montoring] - Channel[ 0] ->  Interval period     (Generated by stim ctrl) =    8 , Interval (User-defined) =    8
[Analog Macro Montoring] - Channel[ 0] -> Cathode Pulse period (Generated by stim ctrl) =   57 , WC       (User-defined) =   57
[Analog Macro Montoring] - Channel[ 0] ->  Gap period          (Generated by stim ctrl) =    7 , GAP      (User-defined) =    7
[Analog Macro Montoring] - Channel[ 0] ->  Anode  Pulse period (Generated by stim ctrl) =   57 , WA       (User-defined) =   57
[Analog Macro Montoring] - Channel[ 0] -> Cathode Pulse period (Generated by stim ctrl) =   57 , WC       (User-defined) =   57
[Analog Macro Montoring] - Channel[ 0] ->  Gap period          (Generated by stim ctrl) =    7 , GAP      (User-defined) =    7
[Analog Macro Montoring] - Channel[ 0] ->  Anode  Pulse period (Generated by stim ctrl) =   57 , WA       (User-defined) =   57
[Analog Macro Montoring] - Channel[ 0] ->  Interval period     (Generated by stim ctrl) =    8 , Interval (User-defined) =    8
[Analog Macro Montoring] - Channel[ 0] -> Cathode Pulse period (Generated by stim ctrl) =   57 , WC       (User-defined) =   57
[Analog Macro Montoring] - Channel[ 0] ->  Gap period          (Generated by stim ctrl) =    7 , GAP      (User-defined) =    7
[Analog Macro Montoring] - Channel[ 0] ->  Anode  Pulse period (Generated by stim ctrl) =   57 , WA       (User-defined) =   57
----------------> Check Error for Mask [ 2]
	 enabled mask index: 00000000000000000000000000000100
[Analog Macro Montoring] - Channel[ 0] -> Cathode Pulse period (Generated by stim ctrl) =   57 , WC       (User-defined) =   57
[Analog Macro Montoring] - Channel[ 0] ->  Gap period          (Generated by stim ctrl) =    7 , GAP      (User-defined) =    7
[Analog Macro Montoring] - Channel[ 0] ->  Anode  Pulse period (Generated by stim ctrl) =   57 , WA       (User-defined) =   57
[Analog Macro Montoring] - Channel[ 0] ->  Interval period     (Generated by stim ctrl) =    8 , Interval (User-defined) =    8
[Analog Macro Montoring] - Channel[ 0] -> Cathode Pulse period (Generated by stim ctrl) =   57 , WC       (User-defined) =   57
[Analog Macro Montoring] - Channel[ 0] ->  Gap period          (Generated by stim ctrl) =    7 , GAP      (User-defined) =    7
[Analog Macro Montoring] - Channel[ 0] ->  Anode  Pulse period (Generated by stim ctrl) =   57 , WA       (User-defined) =   57
[Analog Macro Montoring] - Channel[ 0] -> Cathode Pulse period (Generated by stim ctrl) =   57 , WC       (User-defined) =   57
[Analog Macro Montoring] - Channel[ 0] ->  Gap period          (Generated by stim ctrl) =    7 , GAP      (User-defined) =    7
[Analog Macro Montoring] - Channel[ 0] ->  Anode  Pulse period (Generated by stim ctrl) =   57 , WA       (User-defined) =   57
[Analog Macro Montoring] - Channel[ 0] ->  Interval period     (Generated by stim ctrl) =    8 , Interval (User-defined) =    8
[Analog Macro Montoring] - Channel[ 0] -> Cathode Pulse period (Generated by stim ctrl) =   57 , WC       (User-defined) =   57
[Analog Macro Montoring] - Channel[ 0] ->  Gap period          (Generated by stim ctrl) =    7 , GAP      (User-defined) =    7
[Analog Macro Montoring] - Channel[ 0] ->  Anode  Pulse period (Generated by stim ctrl) =   57 , WA       (User-defined) =   57
[Analog Macro Montoring] - Channel[ 0] -> Cathode Pulse period (Generated by stim ctrl) =   57 , WC       (User-defined) =   57
[Analog Macro Montoring] - Channel[ 0] ->  Gap period          (Generated by stim ctrl) =    7 , GAP      (User-defined) =    7
[Analog Macro Montoring] - Channel[ 0] ->  Anode  Pulse period (Generated by stim ctrl) =   57 , WA       (User-defined) =   57
[Analog Macro Montoring] - Channel[ 0] ->  Interval period     (Generated by stim ctrl) =    8 , Interval (User-defined) =    8
[Analog Macro Montoring] - Channel[ 0] -> Cathode Pulse period (Generated by stim ctrl) =   57 , WC       (User-defined) =   57
[Analog Macro Montoring] - Channel[ 0] ->  Gap period          (Generated by stim ctrl) =    7 , GAP      (User-defined) =    7
[Analog Macro Montoring] - Channel[ 0] ->  Anode  Pulse period (Generated by stim ctrl) =   57 , WA       (User-defined) =   57
[Analog Macro Montoring] - Channel[ 0] -> Cathode Pulse period (Generated by stim ctrl) =   57 , WC       (User-defined) =   57
[Analog Macro Montoring] - Channel[ 0] ->  Gap period          (Generated by stim ctrl) =    7 , GAP      (User-defined) =    7
[Analog Macro Montoring] - Channel[ 0] ->  Anode  Pulse period (Generated by stim ctrl) =   57 , WA       (User-defined) =   57
[Analog Macro Montoring] - Channel[ 0] ->  Interval period     (Generated by stim ctrl) =    8 , Interval (User-defined) =    8
[Analog Macro Montoring] - Channel[ 0] -> Cathode Pulse period (Generated by stim ctrl) =   57 , WC       (User-defined) =   57
[Analog Macro Montoring] - Channel[ 0] ->  Gap period          (Generated by stim ctrl) =    7 , GAP      (User-defined) =    7
[Analog Macro Montoring] - Channel[ 0] ->  Anode  Pulse period (Generated by stim ctrl) =   57 , WA       (User-defined) =   57
[Analog Macro Montoring] - Channel[ 0] -> Cathode Pulse period (Generated by stim ctrl) =   57 , WC       (User-defined) =   57
[Analog Macro Montoring] - Channel[ 0] ->  Gap period          (Generated by stim ctrl) =    7 , GAP      (User-defined) =    7
[Analog Macro Montoring] - Channel[ 0] ->  Anode  Pulse period (Generated by stim ctrl) =   57 , WA       (User-defined) =   57
[Analog Macro Montoring] - Channel[ 0] ->  Interval period     (Generated by stim ctrl) =    8 , Interval (User-defined) =    8
[Analog Macro Montoring] - Channel[ 0] -> Cathode Pulse period (Generated by stim ctrl) =   57 , WC       (User-defined) =   57
[Analog Macro Montoring] - Channel[ 0] ->  Gap period          (Generated by stim ctrl) =    7 , GAP      (User-defined) =    7
[Analog Macro Montoring] - Channel[ 0] ->  Anode  Pulse period (Generated by stim ctrl) =   57 , WA       (User-defined) =   57
[Analog Macro Montoring] - Channel[ 0] -> Cathode Pulse period (Generated by stim ctrl) =   57 , WC       (User-defined) =   57
[Analog Macro Montoring] - Channel[ 0] ->  Gap period          (Generated by stim ctrl) =    7 , GAP      (User-defined) =    7
[Analog Macro Montoring] - Channel[ 0] ->  Anode  Pulse period (Generated by stim ctrl) =   57 , WA       (User-defined) =   57
[Analog Macro Montoring] - Channel[ 0] ->  Interval period     (Generated by stim ctrl) =    8 , Interval (User-defined) =    8
[Analog Macro Montoring] - Channel[ 0] -> Cathode Pulse period (Generated by stim ctrl) =   57 , WC       (User-defined) =   57
[Analog Macro Montoring] - Channel[ 0] ->  Gap period          (Generated by stim ctrl) =    7 , GAP      (User-defined) =    7
[Analog Macro Montoring] - Channel[ 0] ->  Anode  Pulse period (Generated by stim ctrl) =   57 , WA       (User-defined) =   57
----------------> Check Error for Mask [ 3]
	 enabled mask index: 00000000000000000000000000001000
[Analog Macro Montoring] - Channel[ 0] -> Cathode Pulse period (Generated by stim ctrl) =   57 , WC       (User-defined) =   57
[Analog Macro Montoring] - Channel[ 0] ->  Gap period          (Generated by stim ctrl) =    7 , GAP      (User-defined) =    7
[Analog Macro Montoring] - Channel[ 0] ->  Anode  Pulse period (Generated by stim ctrl) =   57 , WA       (User-defined) =   57
[Analog Macro Montoring] - Channel[ 0] ->  Interval period     (Generated by stim ctrl) =    8 , Interval (User-defined) =    8
[Analog Macro Montoring] - Channel[ 0] -> Cathode Pulse period (Generated by stim ctrl) =   57 , WC       (User-defined) =   57
[Analog Macro Montoring] - Channel[ 0] ->  Gap period          (Generated by stim ctrl) =    7 , GAP      (User-defined) =    7
[Analog Macro Montoring] - Channel[ 0] ->  Anode  Pulse period (Generated by stim ctrl) =   57 , WA       (User-defined) =   57
[Analog Macro Montoring] - Channel[ 0] -> Cathode Pulse period (Generated by stim ctrl) =   57 , WC       (User-defined) =   57
[Analog Macro Montoring] - Channel[ 0] ->  Gap period          (Generated by stim ctrl) =    7 , GAP      (User-defined) =    7
[Analog Macro Montoring] - Channel[ 0] ->  Anode  Pulse period (Generated by stim ctrl) =   57 , WA       (User-defined) =   57
[Analog Macro Montoring] - Channel[ 0] ->  Interval period     (Generated by stim ctrl) =    8 , Interval (User-defined) =    8
[Analog Macro Montoring] - Channel[ 0] -> Cathode Pulse period (Generated by stim ctrl) =   57 , WC       (User-defined) =   57
[Analog Macro Montoring] - Channel[ 0] ->  Gap period          (Generated by stim ctrl) =    7 , GAP      (User-defined) =    7
[Analog Macro Montoring] - Channel[ 0] ->  Anode  Pulse period (Generated by stim ctrl) =   57 , WA       (User-defined) =   57
[Analog Macro Montoring] - Channel[ 0] -> Cathode Pulse period (Generated by stim ctrl) =   57 , WC       (User-defined) =   57
[Analog Macro Montoring] - Channel[ 0] ->  Gap period          (Generated by stim ctrl) =    7 , GAP      (User-defined) =    7
[Analog Macro Montoring] - Channel[ 0] ->  Anode  Pulse period (Generated by stim ctrl) =   57 , WA       (User-defined) =   57
[Analog Macro Montoring] - Channel[ 0] ->  Interval period     (Generated by stim ctrl) =    8 , Interval (User-defined) =    8
[Analog Macro Montoring] - Channel[ 0] -> Cathode Pulse period (Generated by stim ctrl) =   57 , WC       (User-defined) =   57
[Analog Macro Montoring] - Channel[ 0] ->  Gap period          (Generated by stim ctrl) =    7 , GAP      (User-defined) =    7
[Analog Macro Montoring] - Channel[ 0] ->  Anode  Pulse period (Generated by stim ctrl) =   57 , WA       (User-defined) =   57
[Analog Macro Montoring] - Channel[ 0] -> Cathode Pulse period (Generated by stim ctrl) =   57 , WC       (User-defined) =   57
[Analog Macro Montoring] - Channel[ 0] ->  Gap period          (Generated by stim ctrl) =    7 , GAP      (User-defined) =    7
[Analog Macro Montoring] - Channel[ 0] ->  Anode  Pulse period (Generated by stim ctrl) =   57 , WA       (User-defined) =   57
[Analog Macro Montoring] - Channel[ 0] ->  Interval period     (Generated by stim ctrl) =    8 , Interval (User-defined) =    8
[Analog Macro Montoring] - Channel[ 0] -> Cathode Pulse period (Generated by stim ctrl) =   57 , WC       (User-defined) =   57
[Analog Macro Montoring] - Channel[ 0] ->  Gap period          (Generated by stim ctrl) =    7 , GAP      (User-defined) =    7
[Analog Macro Montoring] - Channel[ 0] ->  Anode  Pulse period (Generated by stim ctrl) =   57 , WA       (User-defined) =   57
[Analog Macro Montoring] - Channel[ 0] -> Cathode Pulse period (Generated by stim ctrl) =   57 , WC       (User-defined) =   57
[Analog Macro Montoring] - Channel[ 0] ->  Gap period          (Generated by stim ctrl) =    7 , GAP      (User-defined) =    7
[Analog Macro Montoring] - Channel[ 0] ->  Anode  Pulse period (Generated by stim ctrl) =   57 , WA       (User-defined) =   57
[Analog Macro Montoring] - Channel[ 0] ->  Interval period     (Generated by stim ctrl) =    8 , Interval (User-defined) =    8
[Analog Macro Montoring] - Channel[ 0] -> Cathode Pulse period (Generated by stim ctrl) =   57 , WC       (User-defined) =   57
[Analog Macro Montoring] - Channel[ 0] ->  Gap period          (Generated by stim ctrl) =    7 , GAP      (User-defined) =    7
[Analog Macro Montoring] - Channel[ 0] ->  Anode  Pulse period (Generated by stim ctrl) =   57 , WA       (User-defined) =   57
[Analog Macro Montoring] - Channel[ 0] -> Cathode Pulse period (Generated by stim ctrl) =   57 , WC       (User-defined) =   57
[Analog Macro Montoring] - Channel[ 0] ->  Gap period          (Generated by stim ctrl) =    7 , GAP      (User-defined) =    7
[Analog Macro Montoring] - Channel[ 0] ->  Anode  Pulse period (Generated by stim ctrl) =   57 , WA       (User-defined) =   57
[Analog Macro Montoring] - Channel[ 0] ->  Interval period     (Generated by stim ctrl) =    8 , Interval (User-defined) =    8
[Analog Macro Montoring] - Channel[ 0] -> Cathode Pulse period (Generated by stim ctrl) =   57 , WC       (User-defined) =   57
[Analog Macro Montoring] - Channel[ 0] ->  Gap period          (Generated by stim ctrl) =    7 , GAP      (User-defined) =    7
[Analog Macro Montoring] - Channel[ 0] ->  Anode  Pulse period (Generated by stim ctrl) =   57 , WA       (User-defined) =   57
----------------> Check Error for Mask [ 4]
	 enabled mask index: 00000000000000000000000000010000
[Analog Macro Montoring] - Channel[ 0] -> Cathode Pulse period (Generated by stim ctrl) =   57 , WC       (User-defined) =   57
[Analog Macro Montoring] - Channel[ 0] ->  Gap period          (Generated by stim ctrl) =    7 , GAP      (User-defined) =    7
[Analog Macro Montoring] - Channel[ 0] ->  Anode  Pulse period (Generated by stim ctrl) =   57 , WA       (User-defined) =   57
[Analog Macro Montoring] - Channel[ 0] ->  Interval period     (Generated by stim ctrl) =    8 , Interval (User-defined) =    8
[Analog Macro Montoring] - Channel[ 0] -> Cathode Pulse period (Generated by stim ctrl) =   57 , WC       (User-defined) =   57
[Analog Macro Montoring] - Channel[ 0] ->  Gap period          (Generated by stim ctrl) =    7 , GAP      (User-defined) =    7
[Analog Macro Montoring] - Channel[ 0] ->  Anode  Pulse period (Generated by stim ctrl) =   57 , WA       (User-defined) =   57
[Analog Macro Montoring] - Channel[ 0] -> Cathode Pulse period (Generated by stim ctrl) =   57 , WC       (User-defined) =   57
[Analog Macro Montoring] - Channel[ 0] ->  Gap period          (Generated by stim ctrl) =    7 , GAP      (User-defined) =    7
[Analog Macro Montoring] - Channel[ 0] ->  Anode  Pulse period (Generated by stim ctrl) =   57 , WA       (User-defined) =   57
[Analog Macro Montoring] - Channel[ 0] ->  Interval period     (Generated by stim ctrl) =    8 , Interval (User-defined) =    8
[Analog Macro Montoring] - Channel[ 0] -> Cathode Pulse period (Generated by stim ctrl) =   57 , WC       (User-defined) =   57
[Analog Macro Montoring] - Channel[ 0] ->  Gap period          (Generated by stim ctrl) =    7 , GAP      (User-defined) =    7
[Analog Macro Montoring] - Channel[ 0] ->  Anode  Pulse period (Generated by stim ctrl) =   57 , WA       (User-defined) =   57
[Analog Macro Montoring] - Channel[ 0] -> Cathode Pulse period (Generated by stim ctrl) =   57 , WC       (User-defined) =   57
[Analog Macro Montoring] - Channel[ 0] ->  Gap period          (Generated by stim ctrl) =    7 , GAP      (User-defined) =    7
[Analog Macro Montoring] - Channel[ 0] ->  Anode  Pulse period (Generated by stim ctrl) =   57 , WA       (User-defined) =   57
[Analog Macro Montoring] - Channel[ 0] ->  Interval period     (Generated by stim ctrl) =    8 , Interval (User-defined) =    8
[Analog Macro Montoring] - Channel[ 0] -> Cathode Pulse period (Generated by stim ctrl) =   57 , WC       (User-defined) =   57
[Analog Macro Montoring] - Channel[ 0] ->  Gap period          (Generated by stim ctrl) =    7 , GAP      (User-defined) =    7
[Analog Macro Montoring] - Channel[ 0] ->  Anode  Pulse period (Generated by stim ctrl) =   57 , WA       (User-defined) =   57
[Analog Macro Montoring] - Channel[ 0] -> Cathode Pulse period (Generated by stim ctrl) =   57 , WC       (User-defined) =   57
[Analog Macro Montoring] - Channel[ 0] ->  Gap period          (Generated by stim ctrl) =    7 , GAP      (User-defined) =    7
[Analog Macro Montoring] - Channel[ 0] ->  Anode  Pulse period (Generated by stim ctrl) =   57 , WA       (User-defined) =   57
[Analog Macro Montoring] - Channel[ 0] ->  Interval period     (Generated by stim ctrl) =    8 , Interval (User-defined) =    8
[Analog Macro Montoring] - Channel[ 0] -> Cathode Pulse period (Generated by stim ctrl) =   57 , WC       (User-defined) =   57
[Analog Macro Montoring] - Channel[ 0] ->  Gap period          (Generated by stim ctrl) =    7 , GAP      (User-defined) =    7
[Analog Macro Montoring] - Channel[ 0] ->  Anode  Pulse period (Generated by stim ctrl) =   57 , WA       (User-defined) =   57
[Analog Macro Montoring] - Channel[ 0] -> Cathode Pulse period (Generated by stim ctrl) =   57 , WC       (User-defined) =   57
[Analog Macro Montoring] - Channel[ 0] ->  Gap period          (Generated by stim ctrl) =    7 , GAP      (User-defined) =    7
[Analog Macro Montoring] - Channel[ 0] ->  Anode  Pulse period (Generated by stim ctrl) =   57 , WA       (User-defined) =   57
[Analog Macro Montoring] - Channel[ 0] ->  Interval period     (Generated by stim ctrl) =    8 , Interval (User-defined) =    8
[Analog Macro Montoring] - Channel[ 0] -> Cathode Pulse period (Generated by stim ctrl) =   57 , WC       (User-defined) =   57
[Analog Macro Montoring] - Channel[ 0] ->  Gap period          (Generated by stim ctrl) =    7 , GAP      (User-defined) =    7
[Analog Macro Montoring] - Channel[ 0] ->  Anode  Pulse period (Generated by stim ctrl) =   57 , WA       (User-defined) =   57
[Analog Macro Montoring] - Channel[ 0] -> Cathode Pulse period (Generated by stim ctrl) =   57 , WC       (User-defined) =   57
[Analog Macro Montoring] - Channel[ 0] ->  Gap period          (Generated by stim ctrl) =    7 , GAP      (User-defined) =    7
[Analog Macro Montoring] - Channel[ 0] ->  Anode  Pulse period (Generated by stim ctrl) =   57 , WA       (User-defined) =   57
[Analog Macro Montoring] - Channel[ 0] ->  Interval period     (Generated by stim ctrl) =    8 , Interval (User-defined) =    8
[Analog Macro Montoring] - Channel[ 0] -> Cathode Pulse period (Generated by stim ctrl) =   57 , WC       (User-defined) =   57
[Analog Macro Montoring] - Channel[ 0] ->  Gap period          (Generated by stim ctrl) =    7 , GAP      (User-defined) =    7
[Analog Macro Montoring] - Channel[ 0] ->  Anode  Pulse period (Generated by stim ctrl) =   57 , WA       (User-defined) =   57
----------------> Check Error for Mask [ 5]
	 enabled mask index: 00000000000000000000000000100000
[Analog Macro Montoring] - Channel[ 0] -> Cathode Pulse period (Generated by stim ctrl) =   57 , WC       (User-defined) =   57
[Analog Macro Montoring] - Channel[ 0] ->  Gap period          (Generated by stim ctrl) =    7 , GAP      (User-defined) =    7
[Analog Macro Montoring] - Channel[ 0] ->  Anode  Pulse period (Generated by stim ctrl) =   57 , WA       (User-defined) =   57
[Analog Macro Montoring] - Channel[ 0] ->  Interval period     (Generated by stim ctrl) =    8 , Interval (User-defined) =    8
[Analog Macro Montoring] - Channel[ 0] -> Cathode Pulse period (Generated by stim ctrl) =   57 , WC       (User-defined) =   57
[Analog Macro Montoring] - Channel[ 0] ->  Gap period          (Generated by stim ctrl) =    7 , GAP      (User-defined) =    7
[Analog Macro Montoring] - Channel[ 0] ->  Anode  Pulse period (Generated by stim ctrl) =   57 , WA       (User-defined) =   57
[Analog Macro Montoring] - Channel[ 0] -> Cathode Pulse period (Generated by stim ctrl) =   57 , WC       (User-defined) =   57
[Analog Macro Montoring] - Channel[ 0] ->  Gap period          (Generated by stim ctrl) =    7 , GAP      (User-defined) =    7
[Analog Macro Montoring] - Channel[ 0] ->  Anode  Pulse period (Generated by stim ctrl) =   57 , WA       (User-defined) =   57
[Analog Macro Montoring] - Channel[ 0] ->  Interval period     (Generated by stim ctrl) =    8 , Interval (User-defined) =    8
[Analog Macro Montoring] - Channel[ 0] -> Cathode Pulse period (Generated by stim ctrl) =   57 , WC       (User-defined) =   57
[Analog Macro Montoring] - Channel[ 0] ->  Gap period          (Generated by stim ctrl) =    7 , GAP      (User-defined) =    7
[Analog Macro Montoring] - Channel[ 0] ->  Anode  Pulse period (Generated by stim ctrl) =   57 , WA       (User-defined) =   57
[Analog Macro Montoring] - Channel[ 0] -> Cathode Pulse period (Generated by stim ctrl) =   57 , WC       (User-defined) =   57
[Analog Macro Montoring] - Channel[ 0] ->  Gap period          (Generated by stim ctrl) =    7 , GAP      (User-defined) =    7
[Analog Macro Montoring] - Channel[ 0] ->  Anode  Pulse period (Generated by stim ctrl) =   57 , WA       (User-defined) =   57
[Analog Macro Montoring] - Channel[ 0] ->  Interval period     (Generated by stim ctrl) =    8 , Interval (User-defined) =    8
[Analog Macro Montoring] - Channel[ 0] -> Cathode Pulse period (Generated by stim ctrl) =   57 , WC       (User-defined) =   57
[Analog Macro Montoring] - Channel[ 0] ->  Gap period          (Generated by stim ctrl) =    7 , GAP      (User-defined) =    7
[Analog Macro Montoring] - Channel[ 0] ->  Anode  Pulse period (Generated by stim ctrl) =   57 , WA       (User-defined) =   57
[Analog Macro Montoring] - Channel[ 0] -> Cathode Pulse period (Generated by stim ctrl) =   57 , WC       (User-defined) =   57
[Analog Macro Montoring] - Channel[ 0] ->  Gap period          (Generated by stim ctrl) =    7 , GAP      (User-defined) =    7
[Analog Macro Montoring] - Channel[ 0] ->  Anode  Pulse period (Generated by stim ctrl) =   57 , WA       (User-defined) =   57
[Analog Macro Montoring] - Channel[ 0] ->  Interval period     (Generated by stim ctrl) =    8 , Interval (User-defined) =    8
[Analog Macro Montoring] - Channel[ 0] -> Cathode Pulse period (Generated by stim ctrl) =   57 , WC       (User-defined) =   57
[Analog Macro Montoring] - Channel[ 0] ->  Gap period          (Generated by stim ctrl) =    7 , GAP      (User-defined) =    7
[Analog Macro Montoring] - Channel[ 0] ->  Anode  Pulse period (Generated by stim ctrl) =   57 , WA       (User-defined) =   57
[Analog Macro Montoring] - Channel[ 0] -> Cathode Pulse period (Generated by stim ctrl) =   57 , WC       (User-defined) =   57
[Analog Macro Montoring] - Channel[ 0] ->  Gap period          (Generated by stim ctrl) =    7 , GAP      (User-defined) =    7
[Analog Macro Montoring] - Channel[ 0] ->  Anode  Pulse period (Generated by stim ctrl) =   57 , WA       (User-defined) =   57
[Analog Macro Montoring] - Channel[ 0] ->  Interval period     (Generated by stim ctrl) =    8 , Interval (User-defined) =    8
[Analog Macro Montoring] - Channel[ 0] -> Cathode Pulse period (Generated by stim ctrl) =   57 , WC       (User-defined) =   57
[Analog Macro Montoring] - Channel[ 0] ->  Gap period          (Generated by stim ctrl) =    7 , GAP      (User-defined) =    7
[Analog Macro Montoring] - Channel[ 0] ->  Anode  Pulse period (Generated by stim ctrl) =   57 , WA       (User-defined) =   57
[Analog Macro Montoring] - Channel[ 0] -> Cathode Pulse period (Generated by stim ctrl) =   57 , WC       (User-defined) =   57
[Analog Macro Montoring] - Channel[ 0] ->  Gap period          (Generated by stim ctrl) =    7 , GAP      (User-defined) =    7
[Analog Macro Montoring] - Channel[ 0] ->  Anode  Pulse period (Generated by stim ctrl) =   57 , WA       (User-defined) =   57
[Analog Macro Montoring] - Channel[ 0] ->  Interval period     (Generated by stim ctrl) =    8 , Interval (User-defined) =    8
[Analog Macro Montoring] - Channel[ 0] -> Cathode Pulse period (Generated by stim ctrl) =   57 , WC       (User-defined) =   57
[Analog Macro Montoring] - Channel[ 0] ->  Gap period          (Generated by stim ctrl) =    7 , GAP      (User-defined) =    7
[Analog Macro Montoring] - Channel[ 0] ->  Anode  Pulse period (Generated by stim ctrl) =   57 , WA       (User-defined) =   57
----------------> Check Error for Mask [ 6]
	 enabled mask index: 00000000000000000000000001000000
[Analog Macro Montoring] - Channel[ 0] -> Cathode Pulse period (Generated by stim ctrl) =   57 , WC       (User-defined) =   57
[Analog Macro Montoring] - Channel[ 0] ->  Gap period          (Generated by stim ctrl) =    7 , GAP      (User-defined) =    7
[Analog Macro Montoring] - Channel[ 0] ->  Anode  Pulse period (Generated by stim ctrl) =   57 , WA       (User-defined) =   57
[Analog Macro Montoring] - Channel[ 0] ->  Interval period     (Generated by stim ctrl) =    8 , Interval (User-defined) =    8
[Analog Macro Montoring] - Channel[ 0] -> Cathode Pulse period (Generated by stim ctrl) =   57 , WC       (User-defined) =   57
[Analog Macro Montoring] - Channel[ 0] ->  Gap period          (Generated by stim ctrl) =    7 , GAP      (User-defined) =    7
[Analog Macro Montoring] - Channel[ 0] ->  Anode  Pulse period (Generated by stim ctrl) =   57 , WA       (User-defined) =   57
[Analog Macro Montoring] - Channel[ 0] -> Cathode Pulse period (Generated by stim ctrl) =   57 , WC       (User-defined) =   57
[Analog Macro Montoring] - Channel[ 0] ->  Gap period          (Generated by stim ctrl) =    7 , GAP      (User-defined) =    7
[Analog Macro Montoring] - Channel[ 0] ->  Anode  Pulse period (Generated by stim ctrl) =   57 , WA       (User-defined) =   57
[Analog Macro Montoring] - Channel[ 0] ->  Interval period     (Generated by stim ctrl) =    8 , Interval (User-defined) =    8
[Analog Macro Montoring] - Channel[ 0] -> Cathode Pulse period (Generated by stim ctrl) =   57 , WC       (User-defined) =   57
[Analog Macro Montoring] - Channel[ 0] ->  Gap period          (Generated by stim ctrl) =    7 , GAP      (User-defined) =    7
[Analog Macro Montoring] - Channel[ 0] ->  Anode  Pulse period (Generated by stim ctrl) =   57 , WA       (User-defined) =   57
[Analog Macro Montoring] - Channel[ 0] -> Cathode Pulse period (Generated by stim ctrl) =   57 , WC       (User-defined) =   57
[Analog Macro Montoring] - Channel[ 0] ->  Gap period          (Generated by stim ctrl) =    7 , GAP      (User-defined) =    7
[Analog Macro Montoring] - Channel[ 0] ->  Anode  Pulse period (Generated by stim ctrl) =   57 , WA       (User-defined) =   57
[Analog Macro Montoring] - Channel[ 0] ->  Interval period     (Generated by stim ctrl) =    8 , Interval (User-defined) =    8
[Analog Macro Montoring] - Channel[ 0] -> Cathode Pulse period (Generated by stim ctrl) =   57 , WC       (User-defined) =   57
[Analog Macro Montoring] - Channel[ 0] ->  Gap period          (Generated by stim ctrl) =    7 , GAP      (User-defined) =    7
[Analog Macro Montoring] - Channel[ 0] ->  Anode  Pulse period (Generated by stim ctrl) =   57 , WA       (User-defined) =   57
[Analog Macro Montoring] - Channel[ 0] -> Cathode Pulse period (Generated by stim ctrl) =   57 , WC       (User-defined) =   57
[Analog Macro Montoring] - Channel[ 0] ->  Gap period          (Generated by stim ctrl) =    7 , GAP      (User-defined) =    7
[Analog Macro Montoring] - Channel[ 0] ->  Anode  Pulse period (Generated by stim ctrl) =   57 , WA       (User-defined) =   57
[Analog Macro Montoring] - Channel[ 0] ->  Interval period     (Generated by stim ctrl) =    8 , Interval (User-defined) =    8
[Analog Macro Montoring] - Channel[ 0] -> Cathode Pulse period (Generated by stim ctrl) =   57 , WC       (User-defined) =   57
[Analog Macro Montoring] - Channel[ 0] ->  Gap period          (Generated by stim ctrl) =    7 , GAP      (User-defined) =    7
[Analog Macro Montoring] - Channel[ 0] ->  Anode  Pulse period (Generated by stim ctrl) =   57 , WA       (User-defined) =   57
[Analog Macro Montoring] - Channel[ 0] -> Cathode Pulse period (Generated by stim ctrl) =   57 , WC       (User-defined) =   57
[Analog Macro Montoring] - Channel[ 0] ->  Gap period          (Generated by stim ctrl) =    7 , GAP      (User-defined) =    7
[Analog Macro Montoring] - Channel[ 0] ->  Anode  Pulse period (Generated by stim ctrl) =   57 , WA       (User-defined) =   57
[Analog Macro Montoring] - Channel[ 0] ->  Interval period     (Generated by stim ctrl) =    8 , Interval (User-defined) =    8
[Analog Macro Montoring] - Channel[ 0] -> Cathode Pulse period (Generated by stim ctrl) =   57 , WC       (User-defined) =   57
[Analog Macro Montoring] - Channel[ 0] ->  Gap period          (Generated by stim ctrl) =    7 , GAP      (User-defined) =    7
[Analog Macro Montoring] - Channel[ 0] ->  Anode  Pulse period (Generated by stim ctrl) =   57 , WA       (User-defined) =   57
[Analog Macro Montoring] - Channel[ 0] -> Cathode Pulse period (Generated by stim ctrl) =   57 , WC       (User-defined) =   57
[Analog Macro Montoring] - Channel[ 0] ->  Gap period          (Generated by stim ctrl) =    7 , GAP      (User-defined) =    7
[Analog Macro Montoring] - Channel[ 0] ->  Anode  Pulse period (Generated by stim ctrl) =   57 , WA       (User-defined) =   57
[Analog Macro Montoring] - Channel[ 0] ->  Interval period     (Generated by stim ctrl) =    8 , Interval (User-defined) =    8
[Analog Macro Montoring] - Channel[ 0] -> Cathode Pulse period (Generated by stim ctrl) =   57 , WC       (User-defined) =   57
[Analog Macro Montoring] - Channel[ 0] ->  Gap period          (Generated by stim ctrl) =    7 , GAP      (User-defined) =    7
[Analog Macro Montoring] - Channel[ 0] ->  Anode  Pulse period (Generated by stim ctrl) =   57 , WA       (User-defined) =   57
----------------> Check Error for Mask [ 7]
	 enabled mask index: 00000000000000000000000010000000
[Analog Macro Montoring] - Channel[ 0] -> Cathode Pulse period (Generated by stim ctrl) =   57 , WC       (User-defined) =   57
[Analog Macro Montoring] - Channel[ 0] ->  Gap period          (Generated by stim ctrl) =    7 , GAP      (User-defined) =    7
[Analog Macro Montoring] - Channel[ 0] ->  Anode  Pulse period (Generated by stim ctrl) =   57 , WA       (User-defined) =   57
[Analog Macro Montoring] - Channel[ 0] ->  Interval period     (Generated by stim ctrl) =    8 , Interval (User-defined) =    8
[Analog Macro Montoring] - Channel[ 0] -> Cathode Pulse period (Generated by stim ctrl) =   57 , WC       (User-defined) =   57
[Analog Macro Montoring] - Channel[ 0] ->  Gap period          (Generated by stim ctrl) =    7 , GAP      (User-defined) =    7
[Analog Macro Montoring] - Channel[ 0] ->  Anode  Pulse period (Generated by stim ctrl) =   57 , WA       (User-defined) =   57
[Analog Macro Montoring] - Channel[ 0] -> Cathode Pulse period (Generated by stim ctrl) =   57 , WC       (User-defined) =   57
[Analog Macro Montoring] - Channel[ 0] ->  Gap period          (Generated by stim ctrl) =    7 , GAP      (User-defined) =    7
[Analog Macro Montoring] - Channel[ 0] ->  Anode  Pulse period (Generated by stim ctrl) =   57 , WA       (User-defined) =   57
[Analog Macro Montoring] - Channel[ 0] ->  Interval period     (Generated by stim ctrl) =    8 , Interval (User-defined) =    8
[Analog Macro Montoring] - Channel[ 0] -> Cathode Pulse period (Generated by stim ctrl) =   57 , WC       (User-defined) =   57
[Analog Macro Montoring] - Channel[ 0] ->  Gap period          (Generated by stim ctrl) =    7 , GAP      (User-defined) =    7
[Analog Macro Montoring] - Channel[ 0] ->  Anode  Pulse period (Generated by stim ctrl) =   57 , WA       (User-defined) =   57
[Analog Macro Montoring] - Channel[ 0] -> Cathode Pulse period (Generated by stim ctrl) =   57 , WC       (User-defined) =   57
[Analog Macro Montoring] - Channel[ 0] ->  Gap period          (Generated by stim ctrl) =    7 , GAP      (User-defined) =    7
[Analog Macro Montoring] - Channel[ 0] ->  Anode  Pulse period (Generated by stim ctrl) =   57 , WA       (User-defined) =   57
[Analog Macro Montoring] - Channel[ 0] ->  Interval period     (Generated by stim ctrl) =    8 , Interval (User-defined) =    8
[Analog Macro Montoring] - Channel[ 0] -> Cathode Pulse period (Generated by stim ctrl) =   57 , WC       (User-defined) =   57
[Analog Macro Montoring] - Channel[ 0] ->  Gap period          (Generated by stim ctrl) =    7 , GAP      (User-defined) =    7
[Analog Macro Montoring] - Channel[ 0] ->  Anode  Pulse period (Generated by stim ctrl) =   57 , WA       (User-defined) =   57
[Analog Macro Montoring] - Channel[ 0] -> Cathode Pulse period (Generated by stim ctrl) =   57 , WC       (User-defined) =   57
[Analog Macro Montoring] - Channel[ 0] ->  Gap period          (Generated by stim ctrl) =    7 , GAP      (User-defined) =    7
[Analog Macro Montoring] - Channel[ 0] ->  Anode  Pulse period (Generated by stim ctrl) =   57 , WA       (User-defined) =   57
[Analog Macro Montoring] - Channel[ 0] ->  Interval period     (Generated by stim ctrl) =    8 , Interval (User-defined) =    8
[Analog Macro Montoring] - Channel[ 0] -> Cathode Pulse period (Generated by stim ctrl) =   57 , WC       (User-defined) =   57
[Analog Macro Montoring] - Channel[ 0] ->  Gap period          (Generated by stim ctrl) =    7 , GAP      (User-defined) =    7
[Analog Macro Montoring] - Channel[ 0] ->  Anode  Pulse period (Generated by stim ctrl) =   57 , WA       (User-defined) =   57
[Analog Macro Montoring] - Channel[ 0] -> Cathode Pulse period (Generated by stim ctrl) =   57 , WC       (User-defined) =   57
[Analog Macro Montoring] - Channel[ 0] ->  Gap period          (Generated by stim ctrl) =    7 , GAP      (User-defined) =    7
[Analog Macro Montoring] - Channel[ 0] ->  Anode  Pulse period (Generated by stim ctrl) =   57 , WA       (User-defined) =   57
[Analog Macro Montoring] - Channel[ 0] ->  Interval period     (Generated by stim ctrl) =    8 , Interval (User-defined) =    8
[Analog Macro Montoring] - Channel[ 0] -> Cathode Pulse period (Generated by stim ctrl) =   57 , WC       (User-defined) =   57
[Analog Macro Montoring] - Channel[ 0] ->  Gap period          (Generated by stim ctrl) =    7 , GAP      (User-defined) =    7
[Analog Macro Montoring] - Channel[ 0] ->  Anode  Pulse period (Generated by stim ctrl) =   57 , WA       (User-defined) =   57
[Analog Macro Montoring] - Channel[ 0] -> Cathode Pulse period (Generated by stim ctrl) =   57 , WC       (User-defined) =   57
[Analog Macro Montoring] - Channel[ 0] ->  Gap period          (Generated by stim ctrl) =    7 , GAP      (User-defined) =    7
[Analog Macro Montoring] - Channel[ 0] ->  Anode  Pulse period (Generated by stim ctrl) =   57 , WA       (User-defined) =   57
[Analog Macro Montoring] - Channel[ 0] ->  Interval period     (Generated by stim ctrl) =    8 , Interval (User-defined) =    8
[Analog Macro Montoring] - Channel[ 0] -> Cathode Pulse period (Generated by stim ctrl) =   57 , WC       (User-defined) =   57
[Analog Macro Montoring] - Channel[ 0] ->  Gap period          (Generated by stim ctrl) =    7 , GAP      (User-defined) =    7
[Analog Macro Montoring] - Channel[ 0] ->  Anode  Pulse period (Generated by stim ctrl) =   57 , WA       (User-defined) =   57

[1;34m #####   ####   ##### ##### ##### #####  
 ##  ## ##  ## ##    ##     ##    ##  ## 
 #####  ######  ####  ####  ####  ##  ## 
 ##     ##  ##     ##    ## ##    ##  ## 
 ##     ##  ## ##### #####  ##### #####  

TBCHECK: PASSED
[0m