-e VLOG-INCDIRS
    -I/home/smaz-brn/project/ASIC-W-ICONS-FPGA/Cadence/w_icons/global_src/verilog
-e VLOG-FLAGS
    -Wno-timescale
    -Wno-implicit-dimensions
    -Wno-sensitivity-entire-array
    -Wno-portbind
    -g2005-sv
-e VLOG tb_w_icons_top-simulate
-e 
RUN  tb_w_icons_top-simulate

VCD info: dumpfile .work.iverilog/tb_w_icons_top.dump opened for output.
-----------> SPI Config: CMD(4'b0101)
	data_pack  : 0x500000000
	crc5       : 0b01011 (0x0b)
	48-bit data: 0x500000000580
.....................................
----------->Chip ID: CMD(4'b0110)
	Chip ID: 01010164
[1;34m	Read CRC5: Passed!
[0m.....................................
----------->Stimulator Status: CMD(4'b0111)
	Stimulator status:   00
[1;34m	Read CRC5: Passed!
[0m.....................................
-----------> Single run
[Err                   ] - Channel[ 0] -> Cathode Pulse period (Generated by stim ctrl) =   63 , WC       (User-defined) =   21
[Err                   ] - Channel[ 0] ->  Gap period          (Generated by stim ctrl) =   15 , GAP      (User-defined) =    5
[Err                   ] - Channel[ 0] ->  Anode  Pulse period (Generated by stim ctrl) =   63 , WA       (User-defined) =   21
[Err                   ] - Channel[ 0] ->  Interval period     (Generated by stim ctrl) =   30 , Interval (User-defined) =   10
[Err                   ] - Channel[ 0] -> Cathode Pulse period (Generated by stim ctrl) =   63 , WC       (User-defined) =   21
[Err                   ] - Channel[ 0] ->  Gap period          (Generated by stim ctrl) =   15 , GAP      (User-defined) =    5
[Err                   ] - Channel[ 0] ->  Anode  Pulse period (Generated by stim ctrl) =   63 , WA       (User-defined) =   21
-----------> run with random wc and ic with valid values and fixed interval and num
[Err                   ] - Channel[ 0] -> Cathode Pulse period (Generated by stim ctrl) =  291 , WC       (User-defined) =   97
[Err                   ] - Channel[ 0] ->  Gap period          (Generated by stim ctrl) =   15 , GAP      (User-defined) =    5
[Err                   ] - Channel[ 0] ->  Anode  Pulse period (Generated by stim ctrl) =  291 , WA       (User-defined) =   97
[Err                   ] - Channel[ 0] ->  Interval period     (Generated by stim ctrl) =   30 , Interval (User-defined) =   10
[Err                   ] - Channel[ 0] -> Cathode Pulse period (Generated by stim ctrl) =  291 , WC       (User-defined) =   97
[Err                   ] - Channel[ 0] ->  Gap period          (Generated by stim ctrl) =   15 , GAP      (User-defined) =    5
[Err                   ] - Channel[ 0] ->  Anode  Pulse period (Generated by stim ctrl) =  291 , WA       (User-defined) =   97
[Err                   ] - Channel[ 0] -> Cathode Pulse period (Generated by stim ctrl) =  561 , WC       (User-defined) =  187
[Err                   ] - Channel[ 0] ->  Gap period          (Generated by stim ctrl) =   15 , GAP      (User-defined) =    5
[Err                   ] - Channel[ 0] ->  Anode  Pulse period (Generated by stim ctrl) =  561 , WA       (User-defined) =  187
[Err                   ] - Channel[ 0] ->  Interval period     (Generated by stim ctrl) =   30 , Interval (User-defined) =   10
[Err                   ] - Channel[ 0] -> Cathode Pulse period (Generated by stim ctrl) =  561 , WC       (User-defined) =  187
[Err                   ] - Channel[ 0] ->  Gap period          (Generated by stim ctrl) =   15 , GAP      (User-defined) =    5
[Err                   ] - Channel[ 0] ->  Anode  Pulse period (Generated by stim ctrl) =  561 , WA       (User-defined) =  187
-----------> run with random values for interval and num and gap and fixed ic and wc
[Err                   ] - Channel[ 0] -> Cathode Pulse period (Generated by stim ctrl) =  168 , WC       (User-defined) =   56
[Err                   ] - Channel[ 0] ->  Gap period          (Generated by stim ctrl) =   21 , GAP      (User-defined) =    7
[Err                   ] - Channel[ 0] ->  Anode  Pulse period (Generated by stim ctrl) =  168 , WA       (User-defined) =   56
[Err                   ] - Channel[ 0] ->  Interval period     (Generated by stim ctrl) =   81 , Interval (User-defined) =   27
[Err                   ] - Channel[ 0] -> Cathode Pulse period (Generated by stim ctrl) =  168 , WC       (User-defined) =   56
[Err                   ] - Channel[ 0] ->  Gap period          (Generated by stim ctrl) =   21 , GAP      (User-defined) =    7
[Err                   ] - Channel[ 0] ->  Anode  Pulse period (Generated by stim ctrl) =  168 , WA       (User-defined) =   56
[Err                   ] - Channel[ 0] ->  Interval period     (Generated by stim ctrl) =   81 , Interval (User-defined) =   27
[Err                   ] - Channel[ 0] -> Cathode Pulse period (Generated by stim ctrl) =  168 , WC       (User-defined) =   56
[Err                   ] - Channel[ 0] ->  Gap period          (Generated by stim ctrl) =   21 , GAP      (User-defined) =    7
[Err                   ] - Channel[ 0] ->  Anode  Pulse period (Generated by stim ctrl) =  168 , WA       (User-defined) =   56
[Err                   ] - Channel[ 0] ->  Interval period     (Generated by stim ctrl) =   81 , Interval (User-defined) =   27
[Err                   ] - Channel[ 0] -> Cathode Pulse period (Generated by stim ctrl) =  168 , WC       (User-defined) =   56
[Err                   ] - Channel[ 0] ->  Gap period          (Generated by stim ctrl) =   21 , GAP      (User-defined) =    7
[Err                   ] - Channel[ 0] ->  Anode  Pulse period (Generated by stim ctrl) =  168 , WA       (User-defined) =   56
[Err                   ] - Channel[ 0] ->  Interval period     (Generated by stim ctrl) =   81 , Interval (User-defined) =   27
[Err                   ] - Channel[ 0] -> Cathode Pulse period (Generated by stim ctrl) =  168 , WC       (User-defined) =   56
[Err                   ] - Channel[ 0] ->  Gap period          (Generated by stim ctrl) =   21 , GAP      (User-defined) =    7
[Err                   ] - Channel[ 0] ->  Anode  Pulse period (Generated by stim ctrl) =  168 , WA       (User-defined) =   56
[Err                   ] - Channel[ 0] ->  Interval period     (Generated by stim ctrl) =   81 , Interval (User-defined) =   27
[Err                   ] - Channel[ 0] -> Cathode Pulse period (Generated by stim ctrl) =  168 , WC       (User-defined) =   56
[Err                   ] - Channel[ 0] ->  Gap period          (Generated by stim ctrl) =   21 , GAP      (User-defined) =    7
[Err                   ] - Channel[ 0] ->  Anode  Pulse period (Generated by stim ctrl) =  168 , WA       (User-defined) =   56
[Err                   ] - Channel[ 0] -> Cathode Pulse period (Generated by stim ctrl) =  168 , WC       (User-defined) =   56
[Err                   ] - Channel[ 0] ->  Gap period          (Generated by stim ctrl) =    3 , GAP      (User-defined) =    1
[Err                   ] - Channel[ 0] ->  Anode  Pulse period (Generated by stim ctrl) =  168 , WA       (User-defined) =   56
[Err                   ] - Channel[ 0] ->  Interval period     (Generated by stim ctrl) =   66 , Interval (User-defined) =   22
[Err                   ] - Channel[ 0] -> Cathode Pulse period (Generated by stim ctrl) =  168 , WC       (User-defined) =   56
[Err                   ] - Channel[ 0] ->  Gap period          (Generated by stim ctrl) =    3 , GAP      (User-defined) =    1
[Err                   ] - Channel[ 0] ->  Anode  Pulse period (Generated by stim ctrl) =  168 , WA       (User-defined) =   56
[Err                   ] - Channel[ 0] ->  Interval period     (Generated by stim ctrl) =   66 , Interval (User-defined) =   22
[Err                   ] - Channel[ 0] -> Cathode Pulse period (Generated by stim ctrl) =  168 , WC       (User-defined) =   56
[Err                   ] - Channel[ 0] ->  Gap period          (Generated by stim ctrl) =    3 , GAP      (User-defined) =    1
[Err                   ] - Channel[ 0] ->  Anode  Pulse period (Generated by stim ctrl) =  168 , WA       (User-defined) =   56
[Err                   ] - Channel[ 0] ->  Interval period     (Generated by stim ctrl) =   66 , Interval (User-defined) =   22
[Err                   ] - Channel[ 0] -> Cathode Pulse period (Generated by stim ctrl) =  168 , WC       (User-defined) =   56
[Err                   ] - Channel[ 0] ->  Gap period          (Generated by stim ctrl) =    3 , GAP      (User-defined) =    1
[Err                   ] - Channel[ 0] ->  Anode  Pulse period (Generated by stim ctrl) =  168 , WA       (User-defined) =   56
[Err                   ] - Channel[ 0] ->  Interval period     (Generated by stim ctrl) =   66 , Interval (User-defined) =   22
[Err                   ] - Channel[ 0] -> Cathode Pulse period (Generated by stim ctrl) =  168 , WC       (User-defined) =   56
[Err                   ] - Channel[ 0] ->  Gap period          (Generated by stim ctrl) =    3 , GAP      (User-defined) =    1
[Err                   ] - Channel[ 0] ->  Anode  Pulse period (Generated by stim ctrl) =  168 , WA       (User-defined) =   56
[Err                   ] - Channel[ 0] ->  Interval period     (Generated by stim ctrl) =   66 , Interval (User-defined) =   22
[Err                   ] - Channel[ 0] -> Cathode Pulse period (Generated by stim ctrl) =  168 , WC       (User-defined) =   56
[Err                   ] - Channel[ 0] ->  Gap period          (Generated by stim ctrl) =    3 , GAP      (User-defined) =    1
[Err                   ] - Channel[ 0] ->  Anode  Pulse period (Generated by stim ctrl) =  168 , WA       (User-defined) =   56
[Err                   ] - Channel[ 0] ->  Interval period     (Generated by stim ctrl) =   66 , Interval (User-defined) =   22
[Err                   ] - Channel[ 0] -> Cathode Pulse period (Generated by stim ctrl) =  168 , WC       (User-defined) =   56
[Err                   ] - Channel[ 0] ->  Gap period          (Generated by stim ctrl) =    3 , GAP      (User-defined) =    1
[Err                   ] - Channel[ 0] ->  Anode  Pulse period (Generated by stim ctrl) =  168 , WA       (User-defined) =   56
[Err                   ] - Channel[ 0] ->  Interval period     (Generated by stim ctrl) =   66 , Interval (User-defined) =   22
[Err                   ] - Channel[ 0] -> Cathode Pulse period (Generated by stim ctrl) =  168 , WC       (User-defined) =   56
[Err                   ] - Channel[ 0] ->  Gap period          (Generated by stim ctrl) =    3 , GAP      (User-defined) =    1
[Err                   ] - Channel[ 0] ->  Anode  Pulse period (Generated by stim ctrl) =  168 , WA       (User-defined) =   56
[Err                   ] - Channel[ 0] ->  Interval period     (Generated by stim ctrl) =   66 , Interval (User-defined) =   22
[Err                   ] - Channel[ 0] -> Cathode Pulse period (Generated by stim ctrl) =  168 , WC       (User-defined) =   56
[Err                   ] - Channel[ 0] ->  Gap period          (Generated by stim ctrl) =    3 , GAP      (User-defined) =    1
[Err                   ] - Channel[ 0] ->  Anode  Pulse period (Generated by stim ctrl) =  168 , WA       (User-defined) =   56
[Err                   ] - Channel[ 0] ->  Interval period     (Generated by stim ctrl) =   66 , Interval (User-defined) =   22
[Err                   ] - Channel[ 0] -> Cathode Pulse period (Generated by stim ctrl) =  168 , WC       (User-defined) =   56
[Err                   ] - Channel[ 0] ->  Gap period          (Generated by stim ctrl) =    3 , GAP      (User-defined) =    1
[Err                   ] - Channel[ 0] ->  Anode  Pulse period (Generated by stim ctrl) =  168 , WA       (User-defined) =   56
-----------> run with all random values
[Err                   ] - Channel[ 0] -> Cathode Pulse period (Generated by stim ctrl) =   27 , WC       (User-defined) =    9
[Err                   ] - Channel[ 0] ->  Gap period          (Generated by stim ctrl) =    6 , GAP      (User-defined) =    2
[Err                   ] - Channel[ 0] ->  Anode  Pulse period (Generated by stim ctrl) =   27 , WA       (User-defined) =    9
[Err                   ] - Channel[ 0] ->  Interval period     (Generated by stim ctrl) =   54 , Interval (User-defined) =   18
[Err                   ] - Channel[ 0] -> Cathode Pulse period (Generated by stim ctrl) =   27 , WC       (User-defined) =    9
[Err                   ] - Channel[ 0] ->  Gap period          (Generated by stim ctrl) =    6 , GAP      (User-defined) =    2
[Err                   ] - Channel[ 0] ->  Anode  Pulse period (Generated by stim ctrl) =   27 , WA       (User-defined) =    9
[Err                   ] - Channel[ 0] ->  Interval period     (Generated by stim ctrl) =   54 , Interval (User-defined) =   18
[Err                   ] - Channel[ 0] -> Cathode Pulse period (Generated by stim ctrl) =   27 , WC       (User-defined) =    9
[Err                   ] - Channel[ 0] ->  Gap period          (Generated by stim ctrl) =    6 , GAP      (User-defined) =    2
[Err                   ] - Channel[ 0] ->  Anode  Pulse period (Generated by stim ctrl) =   27 , WA       (User-defined) =    9
[Err                   ] - Channel[ 0] ->  Interval period     (Generated by stim ctrl) =   54 , Interval (User-defined) =   18
[Err                   ] - Channel[ 0] -> Cathode Pulse period (Generated by stim ctrl) =   27 , WC       (User-defined) =    9
[Err                   ] - Channel[ 0] ->  Gap period          (Generated by stim ctrl) =    6 , GAP      (User-defined) =    2
[Err                   ] - Channel[ 0] ->  Anode  Pulse period (Generated by stim ctrl) =   27 , WA       (User-defined) =    9
[Err                   ] - Channel[ 0] ->  Interval period     (Generated by stim ctrl) =   54 , Interval (User-defined) =   18
[Err                   ] - Channel[ 0] -> Cathode Pulse period (Generated by stim ctrl) =   27 , WC       (User-defined) =    9
[Err                   ] - Channel[ 0] ->  Gap period          (Generated by stim ctrl) =    6 , GAP      (User-defined) =    2
[Err                   ] - Channel[ 0] ->  Anode  Pulse period (Generated by stim ctrl) =   27 , WA       (User-defined) =    9
[Err                   ] - Channel[ 0] ->  Interval period     (Generated by stim ctrl) =   54 , Interval (User-defined) =   18
[Err                   ] - Channel[ 0] -> Cathode Pulse period (Generated by stim ctrl) =   27 , WC       (User-defined) =    9
[Err                   ] - Channel[ 0] ->  Gap period          (Generated by stim ctrl) =    6 , GAP      (User-defined) =    2
[Err                   ] - Channel[ 0] ->  Anode  Pulse period (Generated by stim ctrl) =   27 , WA       (User-defined) =    9
[Err                   ] - Channel[ 0] ->  Interval period     (Generated by stim ctrl) =   54 , Interval (User-defined) =   18
[Err                   ] - Channel[ 0] -> Cathode Pulse period (Generated by stim ctrl) =   27 , WC       (User-defined) =    9
[Err                   ] - Channel[ 0] ->  Gap period          (Generated by stim ctrl) =    6 , GAP      (User-defined) =    2
[Err                   ] - Channel[ 0] ->  Anode  Pulse period (Generated by stim ctrl) =   27 , WA       (User-defined) =    9
[Err                   ] - Channel[ 0] ->  Interval period     (Generated by stim ctrl) =   54 , Interval (User-defined) =   18
[Err                   ] - Channel[ 0] -> Cathode Pulse period (Generated by stim ctrl) =   27 , WC       (User-defined) =    9
[Err                   ] - Channel[ 0] ->  Gap period          (Generated by stim ctrl) =    6 , GAP      (User-defined) =    2
[Err                   ] - Channel[ 0] ->  Anode  Pulse period (Generated by stim ctrl) =   27 , WA       (User-defined) =    9
[Err                   ] - Channel[ 0] ->  Interval period     (Generated by stim ctrl) =   54 , Interval (User-defined) =   18
[Err                   ] - Channel[ 0] -> Cathode Pulse period (Generated by stim ctrl) =   27 , WC       (User-defined) =    9
[Err                   ] - Channel[ 0] ->  Gap period          (Generated by stim ctrl) =    6 , GAP      (User-defined) =    2
[Err                   ] - Channel[ 0] ->  Anode  Pulse period (Generated by stim ctrl) =   27 , WA       (User-defined) =    9
[Err                   ] - Channel[ 0] ->  Interval period     (Generated by stim ctrl) =   54 , Interval (User-defined) =   18
[Err                   ] - Channel[ 0] -> Cathode Pulse period (Generated by stim ctrl) =   27 , WC       (User-defined) =    9
[Err                   ] - Channel[ 0] ->  Gap period          (Generated by stim ctrl) =    6 , GAP      (User-defined) =    2
[Err                   ] - Channel[ 0] ->  Anode  Pulse period (Generated by stim ctrl) =   27 , WA       (User-defined) =    9
[Err                   ] - Channel[ 0] -> Cathode Pulse period (Generated by stim ctrl) =  126 , WC       (User-defined) =   42
[Err                   ] - Channel[ 0] ->  Gap period          (Generated by stim ctrl) =   15 , GAP      (User-defined) =    5
[Err                   ] - Channel[ 0] ->  Anode  Pulse period (Generated by stim ctrl) =  126 , WA       (User-defined) =   42
[Err                   ] - Channel[ 0] ->  Interval period     (Generated by stim ctrl) =   18 , Interval (User-defined) =    6
[Err                   ] - Channel[ 0] -> Cathode Pulse period (Generated by stim ctrl) =  126 , WC       (User-defined) =   42
[Err                   ] - Channel[ 0] ->  Gap period          (Generated by stim ctrl) =   15 , GAP      (User-defined) =    5
[Err                   ] - Channel[ 0] ->  Anode  Pulse period (Generated by stim ctrl) =  126 , WA       (User-defined) =   42
[Err                   ] - Channel[ 0] ->  Interval period     (Generated by stim ctrl) =   18 , Interval (User-defined) =    6
[Err                   ] - Channel[ 0] -> Cathode Pulse period (Generated by stim ctrl) =  126 , WC       (User-defined) =   42
[Err                   ] - Channel[ 0] ->  Gap period          (Generated by stim ctrl) =   15 , GAP      (User-defined) =    5
[Err                   ] - Channel[ 0] ->  Anode  Pulse period (Generated by stim ctrl) =  126 , WA       (User-defined) =   42
[Err                   ] - Channel[ 0] ->  Interval period     (Generated by stim ctrl) =   18 , Interval (User-defined) =    6
[Err                   ] - Channel[ 0] -> Cathode Pulse period (Generated by stim ctrl) =  126 , WC       (User-defined) =   42
[Err                   ] - Channel[ 0] ->  Gap period          (Generated by stim ctrl) =   15 , GAP      (User-defined) =    5
[Err                   ] - Channel[ 0] ->  Anode  Pulse period (Generated by stim ctrl) =  126 , WA       (User-defined) =   42
[Err                   ] - Channel[ 0] ->  Interval period     (Generated by stim ctrl) =   18 , Interval (User-defined) =    6
[Err                   ] - Channel[ 0] -> Cathode Pulse period (Generated by stim ctrl) =  126 , WC       (User-defined) =   42
[Err                   ] - Channel[ 0] ->  Gap period          (Generated by stim ctrl) =   15 , GAP      (User-defined) =    5
[Err                   ] - Channel[ 0] ->  Anode  Pulse period (Generated by stim ctrl) =  126 , WA       (User-defined) =   42
[Err                   ] - Channel[ 0] ->  Interval period     (Generated by stim ctrl) =   18 , Interval (User-defined) =    6
[Err                   ] - Channel[ 0] -> Cathode Pulse period (Generated by stim ctrl) =  126 , WC       (User-defined) =   42
[Err                   ] - Channel[ 0] ->  Gap period          (Generated by stim ctrl) =   15 , GAP      (User-defined) =    5
[Err                   ] - Channel[ 0] ->  Anode  Pulse period (Generated by stim ctrl) =  126 , WA       (User-defined) =   42
[Err                   ] - Channel[ 0] -> Cathode Pulse period (Generated by stim ctrl) =  126 , WC       (User-defined) =   42
[Err                   ] - Channel[ 0] ->  Gap period          (Generated by stim ctrl) =   15 , GAP      (User-defined) =    5
[Err                   ] - Channel[ 0] ->  Anode  Pulse period (Generated by stim ctrl) =  126 , WA       (User-defined) =   42
[Err                   ] - Channel[ 0] -> Cathode Pulse period (Generated by stim ctrl) =  126 , WC       (User-defined) =   42
[Err                   ] - Channel[ 0] ->  Gap period          (Generated by stim ctrl) =   15 , GAP      (User-defined) =    5
[Err                   ] - Channel[ 0] ->  Anode  Pulse period (Generated by stim ctrl) =  126 , WA       (User-defined) =   42
[Err                   ] - Channel[ 0] -> Cathode Pulse period (Generated by stim ctrl) =  126 , WC       (User-defined) =   42
[Err                   ] - Channel[ 0] ->  Gap period          (Generated by stim ctrl) =   15 , GAP      (User-defined) =    5
[Err                   ] - Channel[ 0] ->  Anode  Pulse period (Generated by stim ctrl) =  126 , WA       (User-defined) =   42
[Err                   ] - Channel[ 0] -> Cathode Pulse period (Generated by stim ctrl) =  126 , WC       (User-defined) =   42
[Err                   ] - Channel[ 0] ->  Gap period          (Generated by stim ctrl) =   15 , GAP      (User-defined) =    5
[Err                   ] - Channel[ 0] ->  Anode  Pulse period (Generated by stim ctrl) =  126 , WA       (User-defined) =   42
[Err                   ] - Channel[ 0] -> Cathode Pulse period (Generated by stim ctrl) =  126 , WC       (User-defined) =   42
[Err                   ] - Channel[ 0] ->  Gap period          (Generated by stim ctrl) =   15 , GAP      (User-defined) =    5
[Err                   ] - Channel[ 0] ->  Anode  Pulse period (Generated by stim ctrl) =  126 , WA       (User-defined) =   42
[Err                   ] - Channel[ 0] -> Cathode Pulse period (Generated by stim ctrl) =  126 , WC       (User-defined) =   42
[Err                   ] - Channel[ 0] ->  Gap period          (Generated by stim ctrl) =   15 , GAP      (User-defined) =    5
[Err                   ] - Channel[ 0] ->  Anode  Pulse period (Generated by stim ctrl) =  126 , WA       (User-defined) =   42
[Err                   ] - Channel[ 0] -> Cathode Pulse period (Generated by stim ctrl) =  126 , WC       (User-defined) =   42
[Err                   ] - Channel[ 0] ->  Gap period          (Generated by stim ctrl) =   15 , GAP      (User-defined) =    5
[Err                   ] - Channel[ 0] ->  Anode  Pulse period (Generated by stim ctrl) =  126 , WA       (User-defined) =   42
[Err                   ] - Channel[ 0] -> Cathode Pulse period (Generated by stim ctrl) =  126 , WC       (User-defined) =   42
[Err                   ] - Channel[ 0] ->  Gap period          (Generated by stim ctrl) =   15 , GAP      (User-defined) =    5
[Err                   ] - Channel[ 0] ->  Anode  Pulse period (Generated by stim ctrl) =  126 , WA       (User-defined) =   42
[Err                   ] - Channel[ 0] -> Cathode Pulse period (Generated by stim ctrl) =  126 , WC       (User-defined) =   42
[Err                   ] - Channel[ 0] ->  Gap period          (Generated by stim ctrl) =   15 , GAP      (User-defined) =    5
[Err                   ] - Channel[ 0] ->  Anode  Pulse period (Generated by stim ctrl) =  126 , WA       (User-defined) =   42
[Err                   ] - Channel[ 0] -> Cathode Pulse period (Generated by stim ctrl) =  126 , WC       (User-defined) =   42
[Err                   ] - Channel[ 0] ->  Gap period          (Generated by stim ctrl) =   15 , GAP      (User-defined) =    5
[Err                   ] - Channel[ 0] ->  Anode  Pulse period (Generated by stim ctrl) =  126 , WA       (User-defined) =   42
Stimulation Failed!

[1;31m ##### ####  #### ##    ##### #####  
 ##   ##  ##  ##  ##    ##    ##  ## 
 #### ######  ##  ##    ####  ##  ## 
 ##   ##  ##  ##  ##    ##    ##  ## 
 ##   ##  ## #### ##### ##### #####  

TBCHECK: FAILED
[0m