-e VLOG-INCDIRS
    -I/home/smaz-brn/project/ASIC-W-ICONS-FPGA/Cadence/w_icons/global_src/verilog
-e VLOG-FLAGS
    -Wno-timescale
    -Wno-implicit-dimensions
    -Wno-sensitivity-entire-array
    -Wno-portbind
    -g2005-sv
-e VLOG tb_w_icons_top-simulate
-e 
RUN  tb_w_icons_top-simulate

VCD info: dumpfile .work.iverilog/tb_w_icons_top.dump opened for output.
-----------> SPI Config: CMD(4'b0101)
	data_pack  : 0x500000000
	crc5       : 0b01011 (0x0b)
	48-bit data: 0x500000000580
.....................................
----------->Chip ID: CMD(4'b0110)
	Chip ID: 01010164
[1;34m	Read CRC5: Passed!
[0m.....................................
----------->Stimulator Status: CMD(4'b0111)
	Stimulator status:   00
[1;34m	Read CRC5: Passed!
[0m.....................................
[Err                   ] - Channel[ 0] -> Cathode Pulse period (Generated by stim ctrl) =   63 , WC       (User-defined) =   21
[Err                   ] - Channel[ 0] ->  Gap period          (Generated by stim ctrl) =   15 , GAP      (User-defined) =    5
[Err                   ] - Channel[ 0] ->  Anode  Pulse period (Generated by stim ctrl) =   63 , WA       (User-defined) =   21
[Err                   ] - Channel[ 0] ->  Interval period     (Generated by stim ctrl) =   30 , Interval (User-defined) =   10
[Err                   ] - Channel[ 0] -> Cathode Pulse period (Generated by stim ctrl) =   63 , WC       (User-defined) =   21
[Err                   ] - Channel[ 0] ->  Gap period          (Generated by stim ctrl) =   15 , GAP      (User-defined) =    5
[Err                   ] - Channel[ 0] ->  Anode  Pulse period (Generated by stim ctrl) =   63 , WA       (User-defined) =   21
[Err                   ] - Channel[ 0] -> Cathode Pulse period (Generated by stim ctrl) =  171 , WC       (User-defined) =   57
[Err                   ] - Channel[ 0] ->  Gap period          (Generated by stim ctrl) =   21 , GAP      (User-defined) =    7
[Err                   ] - Channel[ 0] ->  Anode  Pulse period (Generated by stim ctrl) =  171 , WA       (User-defined) =   57
[Err                   ] - Channel[ 0] -> Cathode Pulse period (Generated by stim ctrl) =  171 , WC       (User-defined) =   57
[Err                   ] - Channel[ 0] ->  Gap period          (Generated by stim ctrl) =   21 , GAP      (User-defined) =    7
[Err                   ] - Channel[ 0] ->  Anode  Pulse period (Generated by stim ctrl) =  171 , WA       (User-defined) =   57
[Err                   ] - Channel[ 0] -> Cathode Pulse period (Generated by stim ctrl) =  171 , WC       (User-defined) =   57
[Err                   ] - Channel[ 0] ->  Gap period          (Generated by stim ctrl) =   21 , GAP      (User-defined) =    7
[Err                   ] - Channel[ 0] ->  Anode  Pulse period (Generated by stim ctrl) =  171 , WA       (User-defined) =   57
[Err                   ] - Channel[ 0] -> Cathode Pulse period (Generated by stim ctrl) =  171 , WC       (User-defined) =   57
[Err                   ] - Channel[ 0] ->  Gap period          (Generated by stim ctrl) =   21 , GAP      (User-defined) =    7
[Err                   ] - Channel[ 0] ->  Anode  Pulse period (Generated by stim ctrl) =  171 , WA       (User-defined) =   57
[Err                   ] - Channel[ 0] -> Cathode Pulse period (Generated by stim ctrl) =  171 , WC       (User-defined) =   57
[Err                   ] - Channel[ 0] ->  Gap period          (Generated by stim ctrl) =   21 , GAP      (User-defined) =    7
[Err                   ] - Channel[ 0] ->  Anode  Pulse period (Generated by stim ctrl) =  171 , WA       (User-defined) =   57
[Err                   ] - Channel[ 0] -> Cathode Pulse period (Generated by stim ctrl) =  171 , WC       (User-defined) =   57
[Err                   ] - Channel[ 0] ->  Gap period          (Generated by stim ctrl) =   21 , GAP      (User-defined) =    7
[Err                   ] - Channel[ 0] ->  Anode  Pulse period (Generated by stim ctrl) =  171 , WA       (User-defined) =   57
[Err                   ] - Channel[ 0] -> Cathode Pulse period (Generated by stim ctrl) =  171 , WC       (User-defined) =   57
[Err                   ] - Channel[ 0] ->  Gap period          (Generated by stim ctrl) =   21 , GAP      (User-defined) =    7
[Err                   ] - Channel[ 0] ->  Anode  Pulse period (Generated by stim ctrl) =  171 , WA       (User-defined) =   57
Stimulation Failed!

[1;31m ##### ####  #### ##    ##### #####  
 ##   ##  ##  ##  ##    ##    ##  ## 
 #### ######  ##  ##    ####  ##  ## 
 ##   ##  ##  ##  ##    ##    ##  ## 
 ##   ##  ## #### ##### ##### #####  

TBCHECK: FAILED
[0m