VCD info: dumping is suppressed.
-----------> SPI Config: CMD(4'b0101)
	data_pack  : 0x500000000
	crc5       : 0b01011 (0x0b)
	48-bit data: 0x500000000580
.....................................
----------->Chip ID: CMD(4'b0110)
	Chip ID: 01010164
[1;34m	Read CRC5: Passed!
[0m.....................................
----------->Stimulator Status: CMD(4'b0111)
	Stimulator status:   00
[1;34m	Read CRC5: Passed!
[0m.....................................
-----------> RD_ADD: CMD(4'b0011)
	address    : 0x014
	data_pack  : 0x300000014
	crc5       : 0b11100 (0x1c)
	48-bit data: 0x300000014e00
.....................................
----------->RD_DATA: CMD(4'b0100)
	Read data: 00001060
[1;34m	Read CRC5: Passed!
[0m.....................................
-----------> RD_ADD: CMD(4'b0011)
	address    : 0x014
	data_pack  : 0x300000014
	crc5       : 0b11100 (0x1c)
	48-bit data: 0x300000014e00
.....................................
----------->RD_DATA: CMD(4'b0100)
	Read data: 00001140
[1;34m	Read CRC5: Passed!
[0m.....................................

[1;34m #####   ####   ##### ##### ##### #####  
 ##  ## ##  ## ##    ##     ##    ##  ## 
 #####  ######  ####  ####  ####  ##  ## 
 ##     ##  ##     ##    ## ##    ##  ## 
 ##     ##  ## ##### #####  ##### #####  

TBCHECK: PASSED
[0m