-e VLOG-INCDIRS
    -I/home/smaz-brn/project/ASIC-W-ICONS-FPGA/Cadence/w_icons/global_src/verilog
-e VLOG-FLAGS
    -Wno-timescale
    -Wno-implicit-dimensions
    -Wno-sensitivity-entire-array
    -Wno-portbind
    -g2005-sv
-e VLOG tb_w_icons_top-simulate
-e 
RUN  tb_w_icons_top-simulate

VCD info: dumpfile .work.iverilog/tb_w_icons_top.dump opened for output.
-----------> SPI Config: CMD(4'b0101)
	data_pack  : 0x500000000
	crc5       : 0b01011 (0x0b)
	48-bit data: 0x500000000580
.....................................
----------->Chip ID: CMD(4'b0110)
	Chip ID: 01010164
[1;34m	Read CRC5: Passed!
[0m.....................................
----------->Stimulator Status: CMD(4'b0111)
	Stimulator status:   00
[1;34m	Read CRC5: Passed!
[0m.....................................
---------------------------------------------------
Write parameters to selected stimulation channels
Write to stimulator [ 0], address:  064
	 Interval :  8
	 Ic       : 47
	 PulseW   : 67
	 PulseGap :  7
	 PulseNum :  1
	 Pol      :  0
	 range    :  0
Write to stimulator [ 1], address:  070
	 Interval : 17
	 Ic       :  5
	 PulseW   : 22
	 PulseGap :  1
	 PulseNum :  2
	 Pol      :  0
	 range    :  0
-------------------------> Iteration [  0]
[Err                   ] - Channel[ 1] -> Cathode Pulse period (Generated by stim ctrl) =   66 , WC       (User-defined) =   22
[Err                   ] - Channel[ 1] ->  Gap period          (Generated by stim ctrl) =    3 , GAP      (User-defined) =    1
[Err                   ] - Channel[ 1] ->  Anode  Pulse period (Generated by stim ctrl) =   66 , WA       (User-defined) =   22
[Err                   ] - Channel[ 0] -> Cathode Pulse period (Generated by stim ctrl) =  201 , WC       (User-defined) =   67
[Err                   ] - Channel[ 1] ->  Interval period     (Generated by stim ctrl) =   51 , Interval (User-defined) =   17
[Err                   ] - Channel[ 0] ->  Gap period          (Generated by stim ctrl) =   21 , GAP      (User-defined) =    7
[Err                   ] - Channel[ 1] -> Cathode Pulse period (Generated by stim ctrl) =   66 , WC       (User-defined) =   22
[Err                   ] - Channel[ 1] ->  Gap period          (Generated by stim ctrl) =    3 , GAP      (User-defined) =    1
[Err                   ] - Channel[ 1] ->  Anode  Pulse period (Generated by stim ctrl) =   66 , WA       (User-defined) =   22
[Err                   ] - Channel[ 0] ->  Anode  Pulse period (Generated by stim ctrl) =  201 , WA       (User-defined) =   67
-------------------------> Iteration [  1]
[Err                   ] - Channel[ 1] -> Cathode Pulse period (Generated by stim ctrl) =   66 , WC       (User-defined) =   22
[Err                   ] - Channel[ 1] ->  Gap period          (Generated by stim ctrl) =    3 , GAP      (User-defined) =    1
[Err                   ] - Channel[ 1] ->  Anode  Pulse period (Generated by stim ctrl) =   66 , WA       (User-defined) =   22
[Err                   ] - Channel[ 0] -> Cathode Pulse period (Generated by stim ctrl) =  201 , WC       (User-defined) =   67
[Err                   ] - Channel[ 1] ->  Interval period     (Generated by stim ctrl) =   51 , Interval (User-defined) =   17
[Err                   ] - Channel[ 0] ->  Gap period          (Generated by stim ctrl) =   21 , GAP      (User-defined) =    7
[Err                   ] - Channel[ 1] -> Cathode Pulse period (Generated by stim ctrl) =   66 , WC       (User-defined) =   22
[Err                   ] - Channel[ 1] ->  Gap period          (Generated by stim ctrl) =    3 , GAP      (User-defined) =    1
[Err                   ] - Channel[ 1] ->  Anode  Pulse period (Generated by stim ctrl) =   66 , WA       (User-defined) =   22
[Err                   ] - Channel[ 0] ->  Anode  Pulse period (Generated by stim ctrl) =  201 , WA       (User-defined) =   67
Stimulation Failed!

[1;31m ##### ####  #### ##    ##### #####  
 ##   ##  ##  ##  ##    ##    ##  ## 
 #### ######  ##  ##    ####  ##  ## 
 ##   ##  ##  ##  ##    ##    ##  ## 
 ##   ##  ## #### ##### ##### #####  

TBCHECK: FAILED
[0m