Vivado Simulator v2023.2
Copyright 1986-2022 Xilinx, Inc. All Rights Reserved.
Copyright 2022-2023 Advanced Micro Devices, Inc. All Rights Reserved.
Running: /home/smaz-brn/tool_extended/Vivado/2023.2/bin/unwrapped/lnx64.o/xelab --incr --debug typical --relax --mt 8 --maxdelay -L xil_defaultlib -L simprims_ver -L secureip --snapshot tb_w_icons_top_time_impl -transport_int_delays -pulse_r 0 -pulse_int_r 0 -pulse_e 0 -pulse_int_e 0 xil_defaultlib.tb_w_icons_top xil_defaultlib.glbl -log elaborate.log 
Using 8 slave threads.
Starting static elaboration
Pass Through NonSizing Optimizer
Completed static elaboration
Starting simulation data flow analysis
Completed simulation data flow analysis
INFO: [XSIM 43-3451] SDF backannotation process started with SDF file "tb_w_icons_top_time_impl.sdf", for root module "tb_w_icons_top/i_w_icons_top".
INFO: [XSIM 43-3452] SDF backannotation was successful for SDF file "tb_w_icons_top_time_impl.sdf", for root module "tb_w_icons_top/i_w_icons_top".
Time Resolution for simulation is 1ps
Compiling module xil_defaultlib.common_reset_sync
Compiling module xil_defaultlib.spi_master_emulator
Compiling module simprims_ver.OBUFT
Compiling module simprims_ver.OBUF
Compiling module simprims_ver.BUFG
Compiling module simprims_ver.IBUF
Compiling module simprims_ver.x_lut2_mux4
Compiling module simprims_ver.LUT2
Compiling module simprims_ver.FDCE_default
Compiling module simprims_ver.CARRY4
Compiling module simprims_ver.LUT4
Compiling module xil_defaultlib.common_clkdiv_by_n
Compiling module simprims_ver.LUT5
Compiling module simprims_ver.x_lut3_mux8
Compiling module simprims_ver.LUT3
Compiling module simprims_ver.FDPE_default
Compiling module simprims_ver.LUT6
Compiling module simprims_ver.FDRE_default
Compiling module simprims_ver.MUXF7
Compiling module xil_defaultlib.spi_custom_logic
Compiling module simprims_ver.FDCE(IS_C_INVERTED=1'b1)
Compiling module simprims_ver.x_lut1_mux2
Compiling module simprims_ver.LUT1
Compiling module simprims_ver.FDPE(IS_C_INVERTED=1'b1)
Compiling module xil_defaultlib.spi_slave_common
Compiling module simprims_ver.MUXF8
Compiling module xil_defaultlib.w_icons_rf
Compiling module xil_defaultlib.spi_wrap
Compiling module xil_defaultlib.w_icons_core
Compiling module xil_defaultlib.w_icons_top
Compiling module xil_defaultlib.tb_w_icons_top
Compiling module xil_defaultlib.glbl
Built simulation snapshot tb_w_icons_top_time_impl
