srcscan starts
INFO: analyzing module common_clkbuf (VERI-9002)
INFO: analyzing module common_clkdiv_by_n (VERI-9002)
INFO: analyzing module common_clkgate (VERI-9002)
INFO: analyzing module common_mux (VERI-9002)
INFO: analyzing module common_reset_sync (VERI-9002)
INFO: analyzing module common_sync (VERI-9002)
INFO: analyzing module rec_ctrl (VERI-9002)
INFO: analyzing module rec_stim64ch_macro (VERI-9002)
INFO: analyzing module spi_custom_logic (VERI-9002)
INFO: analyzing module spi_slave_common (VERI-9002)
INFO: analyzing module spi_wrap (VERI-9002)
INFO: analyzing module stim_ctrl (VERI-9002)
INFO: analyzing module stim_ctrls_wrap (VERI-9002)
INFO: analyzing module w_icons_core (VERI-9002)
INFO: analyzing module w_icons_mgmt (VERI-9002)
INFO: analyzing module w_icons_rf (VERI-9002)
INFO: analyzing module w_icons_sync_rst (VERI-9002)
INFO: analyzing module w_icons_top (VERI-9002)
INFO: analyzing module spi_master_emulator (VERI-9002)
srcscan exits with return value 0
