VCD info: dumping is suppressed.
-----------> SPI Config: CMD(4'b0101)
	data_pack  : 0x500000000
	crc5       : 0b01011 (0x0b)
	48-bit data: 0x500000000580
.....................................
----------->Chip ID: CMD(4'b0110)
	Chip ID: 01010164
[1;34m	Read CRC5: Passed!
[0m.....................................
----------->Stimulator Status: CMD(4'b0111)
	Stimulator status:   00
[1;34m	Read CRC5: Passed!
[0m.....................................
-----------> Single run
[Analog Macro Montoring] - Channel[ 0] -> Cathode Pulse period (Generated by stim ctrl) =   21 , WC       (User-defined) =   21
[Analog Macro Montoring] - Channel[ 0] ->  Gap period          (Generated by stim ctrl) =    5 , GAP      (User-defined) =    5
[Analog Macro Montoring] - Channel[ 0] ->  Anode  Pulse period (Generated by stim ctrl) =   21 , WA       (User-defined) =   21
[Analog Macro Montoring] - Channel[ 0] ->  Interval period     (Generated by stim ctrl) =   10 , Interval (User-defined) =   10
[Analog Macro Montoring] - Channel[ 0] -> Cathode Pulse period (Generated by stim ctrl) =   21 , WC       (User-defined) =   21
[Analog Macro Montoring] - Channel[ 0] ->  Gap period          (Generated by stim ctrl) =    5 , GAP      (User-defined) =    5
[Analog Macro Montoring] - Channel[ 0] ->  Anode  Pulse period (Generated by stim ctrl) =   21 , WA       (User-defined) =   21
-----------> run with random wc and ic with valid values and fixed interval and num
[Analog Macro Montoring] - Channel[ 0] -> Cathode Pulse period (Generated by stim ctrl) =   97 , WC       (User-defined) =   97
[Analog Macro Montoring] - Channel[ 0] ->  Gap period          (Generated by stim ctrl) =    5 , GAP      (User-defined) =    5
[Analog Macro Montoring] - Channel[ 0] ->  Anode  Pulse period (Generated by stim ctrl) =   97 , WA       (User-defined) =   97
[Analog Macro Montoring] - Channel[ 0] -> Cathode Pulse period (Generated by stim ctrl) =  187 , WC       (User-defined) =  187
[Analog Macro Montoring] - Channel[ 0] ->  Gap period          (Generated by stim ctrl) =    5 , GAP      (User-defined) =    5
[Analog Macro Montoring] - Channel[ 0] ->  Anode  Pulse period (Generated by stim ctrl) =  187 , WA       (User-defined) =  187

[1;34m #####   ####   ##### ##### ##### #####  
 ##  ## ##  ## ##    ##     ##    ##  ## 
 #####  ######  ####  ####  ####  ##  ## 
 ##     ##  ##     ##    ## ##    ##  ## 
 ##     ##  ## ##### #####  ##### #####  

TBCHECK: PASSED
[0m