VCD info: dumpfile .work.iverilog/tb_w_icons_top.dump opened for output.
-----------> SPI Config: CMD(4'b0101)
	data_pack  : 0x500000000
	crc5       : 0b01011 (0x0b)
	48-bit data: 0x500000000580
.....................................
----------->Chip ID: CMD(4'b0110)
	Chip ID: 01010164
[1;34m	Read CRC5: Passed!
[0m.....................................
----------->Stimulator Status: CMD(4'b0111)
	Stimulator status:   00
[1;34m	Read CRC5: Passed!
[0m.....................................
---------------------------------------------------
Write parameters to selected stimulation channels
Write to stimulator [ 0], address:  064
	 Interval :  8
	 Ic       : 47
	 PulseW   : 67
	 PulseGap :  7
	 PulseNum :  1
	 Pol      :  0
	 range    :  0
Write to stimulator [ 1], address:  070
	 Interval : 17
	 Ic       :  5
	 PulseW   : 22
	 PulseGap :  1
	 PulseNum :  2
	 Pol      :  0
	 range    :  0
Write to stimulator [ 2], address:  07c
	 Interval : 18
	 Ic       : 17
	 PulseW   :  9
	 PulseGap :  2
	 PulseNum :  2
	 Pol      :  0
	 range    :  0
Write to stimulator [ 3], address:  088
	 Interval :  6
	 Ic       : 17
	 PulseW   : 42
	 PulseGap :  5
	 PulseNum :  1
	 Pol      :  0
	 range    :  0
Write to stimulator [ 4], address:  094
	 Interval : 14
	 Ic       : 29
	 PulseW   : 66
	 PulseGap :  0
	 PulseNum :  2
	 Pol      :  0
	 range    :  0
-------------------------> Iteration [  0]
[Analog Macro Montoring] - Channel[ 2] -> Cathode Pulse period (Generated by stim ctrl) =    9 , WC       (User-defined) =    9
[Analog Macro Montoring] - Channel[ 2] ->  Gap period          (Generated by stim ctrl) =    2 , GAP      (User-defined) =    2
[Analog Macro Montoring] - Channel[ 2] ->  Anode  Pulse period (Generated by stim ctrl) =    9 , WA       (User-defined) =    9
[Analog Macro Montoring] - Channel[ 1] -> Cathode Pulse period (Generated by stim ctrl) =   22 , WC       (User-defined) =   22
[Analog Macro Montoring] - Channel[ 1] ->  Gap period          (Generated by stim ctrl) =    1 , GAP      (User-defined) =    1
[Analog Macro Montoring] - Channel[ 3] -> Cathode Pulse period (Generated by stim ctrl) =   42 , WC       (User-defined) =   42
[Analog Macro Montoring] - Channel[ 3] ->  Gap period          (Generated by stim ctrl) =    5 , GAP      (User-defined) =    5
[Analog Macro Montoring] - Channel[ 2] ->  Interval period     (Generated by stim ctrl) =   18 , Interval (User-defined) =   18
[Analog Macro Montoring] - Channel[ 1] ->  Anode  Pulse period (Generated by stim ctrl) =   22 , WA       (User-defined) =   22
[Analog Macro Montoring] - Channel[ 2] -> Cathode Pulse period (Generated by stim ctrl) =    9 , WC       (User-defined) =    9
[Analog Macro Montoring] - Channel[ 2] ->  Gap period          (Generated by stim ctrl) =    2 , GAP      (User-defined) =    2
[Analog Macro Montoring] - Channel[ 0] -> Cathode Pulse period (Generated by stim ctrl) =   67 , WC       (User-defined) =   67
[Analog Macro Montoring] - Channel[ 2] ->  Anode  Pulse period (Generated by stim ctrl) =    9 , WA       (User-defined) =    9
[Analog Macro Montoring] - Channel[ 1] ->  Interval period     (Generated by stim ctrl) =   17 , Interval (User-defined) =   17
[Analog Macro Montoring] - Channel[ 0] ->  Gap period          (Generated by stim ctrl) =    7 , GAP      (User-defined) =    7
[Analog Macro Montoring] - Channel[ 3] ->  Anode  Pulse period (Generated by stim ctrl) =   42 , WA       (User-defined) =   42
[Analog Macro Montoring] - Channel[ 1] -> Cathode Pulse period (Generated by stim ctrl) =   22 , WC       (User-defined) =   22
[Analog Macro Montoring] - Channel[ 1] ->  Gap period          (Generated by stim ctrl) =    1 , GAP      (User-defined) =    1
[Analog Macro Montoring] - Channel[ 1] ->  Anode  Pulse period (Generated by stim ctrl) =   22 , WA       (User-defined) =   22
[Analog Macro Montoring] - Channel[ 0] ->  Anode  Pulse period (Generated by stim ctrl) =   67 , WA       (User-defined) =   67
-------------------------> Iteration [  1]
[Analog Macro Montoring] - Channel[ 2] -> Cathode Pulse period (Generated by stim ctrl) =    9 , WC       (User-defined) =    9
[Analog Macro Montoring] - Channel[ 2] ->  Gap period          (Generated by stim ctrl) =    2 , GAP      (User-defined) =    2
[Analog Macro Montoring] - Channel[ 2] ->  Anode  Pulse period (Generated by stim ctrl) =    9 , WA       (User-defined) =    9
[Analog Macro Montoring] - Channel[ 1] -> Cathode Pulse period (Generated by stim ctrl) =   22 , WC       (User-defined) =   22
[Analog Macro Montoring] - Channel[ 1] ->  Gap period          (Generated by stim ctrl) =    1 , GAP      (User-defined) =    1
[Analog Macro Montoring] - Channel[ 3] -> Cathode Pulse period (Generated by stim ctrl) =   42 , WC       (User-defined) =   42
[Analog Macro Montoring] - Channel[ 3] ->  Gap period          (Generated by stim ctrl) =    5 , GAP      (User-defined) =    5
[Analog Macro Montoring] - Channel[ 2] ->  Interval period     (Generated by stim ctrl) =   18 , Interval (User-defined) =   18
[Analog Macro Montoring] - Channel[ 1] ->  Anode  Pulse period (Generated by stim ctrl) =   22 , WA       (User-defined) =   22
[Analog Macro Montoring] - Channel[ 2] -> Cathode Pulse period (Generated by stim ctrl) =    9 , WC       (User-defined) =    9
[Analog Macro Montoring] - Channel[ 2] ->  Gap period          (Generated by stim ctrl) =    2 , GAP      (User-defined) =    2
[Analog Macro Montoring] - Channel[ 0] -> Cathode Pulse period (Generated by stim ctrl) =   67 , WC       (User-defined) =   67
[Analog Macro Montoring] - Channel[ 2] ->  Anode  Pulse period (Generated by stim ctrl) =    9 , WA       (User-defined) =    9
[Analog Macro Montoring] - Channel[ 1] ->  Interval period     (Generated by stim ctrl) =   17 , Interval (User-defined) =   17
[Analog Macro Montoring] - Channel[ 0] ->  Gap period          (Generated by stim ctrl) =    7 , GAP      (User-defined) =    7
[Analog Macro Montoring] - Channel[ 3] ->  Anode  Pulse period (Generated by stim ctrl) =   42 , WA       (User-defined) =   42
[Analog Macro Montoring] - Channel[ 1] -> Cathode Pulse period (Generated by stim ctrl) =   22 , WC       (User-defined) =   22
[Analog Macro Montoring] - Channel[ 1] ->  Gap period          (Generated by stim ctrl) =    1 , GAP      (User-defined) =    1
[Analog Macro Montoring] - Channel[ 1] ->  Anode  Pulse period (Generated by stim ctrl) =   22 , WA       (User-defined) =   22
[Analog Macro Montoring] - Channel[ 0] ->  Anode  Pulse period (Generated by stim ctrl) =   67 , WA       (User-defined) =   67
-------------------------> Iteration [  2]
[Analog Macro Montoring] - Channel[ 2] -> Cathode Pulse period (Generated by stim ctrl) =    9 , WC       (User-defined) =    9
[Analog Macro Montoring] - Channel[ 2] ->  Gap period          (Generated by stim ctrl) =    2 , GAP      (User-defined) =    2
[Analog Macro Montoring] - Channel[ 2] ->  Anode  Pulse period (Generated by stim ctrl) =    9 , WA       (User-defined) =    9
[Analog Macro Montoring] - Channel[ 1] -> Cathode Pulse period (Generated by stim ctrl) =   22 , WC       (User-defined) =   22
[Analog Macro Montoring] - Channel[ 1] ->  Gap period          (Generated by stim ctrl) =    1 , GAP      (User-defined) =    1
[Analog Macro Montoring] - Channel[ 3] -> Cathode Pulse period (Generated by stim ctrl) =   42 , WC       (User-defined) =   42
[Analog Macro Montoring] - Channel[ 3] ->  Gap period          (Generated by stim ctrl) =    5 , GAP      (User-defined) =    5
[Analog Macro Montoring] - Channel[ 2] ->  Interval period     (Generated by stim ctrl) =   18 , Interval (User-defined) =   18
[Analog Macro Montoring] - Channel[ 1] ->  Anode  Pulse period (Generated by stim ctrl) =   22 , WA       (User-defined) =   22
[Analog Macro Montoring] - Channel[ 2] -> Cathode Pulse period (Generated by stim ctrl) =    9 , WC       (User-defined) =    9
[Analog Macro Montoring] - Channel[ 2] ->  Gap period          (Generated by stim ctrl) =    2 , GAP      (User-defined) =    2
[Analog Macro Montoring] - Channel[ 0] -> Cathode Pulse period (Generated by stim ctrl) =   67 , WC       (User-defined) =   67
[Analog Macro Montoring] - Channel[ 2] ->  Anode  Pulse period (Generated by stim ctrl) =    9 , WA       (User-defined) =    9
[Analog Macro Montoring] - Channel[ 1] ->  Interval period     (Generated by stim ctrl) =   17 , Interval (User-defined) =   17
[Analog Macro Montoring] - Channel[ 0] ->  Gap period          (Generated by stim ctrl) =    7 , GAP      (User-defined) =    7
[Analog Macro Montoring] - Channel[ 3] ->  Anode  Pulse period (Generated by stim ctrl) =   42 , WA       (User-defined) =   42
[Analog Macro Montoring] - Channel[ 1] -> Cathode Pulse period (Generated by stim ctrl) =   22 , WC       (User-defined) =   22
[Analog Macro Montoring] - Channel[ 1] ->  Gap period          (Generated by stim ctrl) =    1 , GAP      (User-defined) =    1
[Analog Macro Montoring] - Channel[ 1] ->  Anode  Pulse period (Generated by stim ctrl) =   22 , WA       (User-defined) =   22
[Analog Macro Montoring] - Channel[ 0] ->  Anode  Pulse period (Generated by stim ctrl) =   67 , WA       (User-defined) =   67
-------------------------> Iteration [  3]
[Analog Macro Montoring] - Channel[ 2] -> Cathode Pulse period (Generated by stim ctrl) =    9 , WC       (User-defined) =    9
[Analog Macro Montoring] - Channel[ 2] ->  Gap period          (Generated by stim ctrl) =    2 , GAP      (User-defined) =    2
[Analog Macro Montoring] - Channel[ 2] ->  Anode  Pulse period (Generated by stim ctrl) =    9 , WA       (User-defined) =    9
[Analog Macro Montoring] - Channel[ 1] -> Cathode Pulse period (Generated by stim ctrl) =   22 , WC       (User-defined) =   22
[Analog Macro Montoring] - Channel[ 1] ->  Gap period          (Generated by stim ctrl) =    1 , GAP      (User-defined) =    1
[Analog Macro Montoring] - Channel[ 3] -> Cathode Pulse period (Generated by stim ctrl) =   42 , WC       (User-defined) =   42
[Analog Macro Montoring] - Channel[ 3] ->  Gap period          (Generated by stim ctrl) =    5 , GAP      (User-defined) =    5
[Analog Macro Montoring] - Channel[ 2] ->  Interval period     (Generated by stim ctrl) =   18 , Interval (User-defined) =   18
[Analog Macro Montoring] - Channel[ 1] ->  Anode  Pulse period (Generated by stim ctrl) =   22 , WA       (User-defined) =   22
[Analog Macro Montoring] - Channel[ 2] -> Cathode Pulse period (Generated by stim ctrl) =    9 , WC       (User-defined) =    9
[Analog Macro Montoring] - Channel[ 2] ->  Gap period          (Generated by stim ctrl) =    2 , GAP      (User-defined) =    2
[Analog Macro Montoring] - Channel[ 0] -> Cathode Pulse period (Generated by stim ctrl) =   67 , WC       (User-defined) =   67
[Analog Macro Montoring] - Channel[ 2] ->  Anode  Pulse period (Generated by stim ctrl) =    9 , WA       (User-defined) =    9
[Analog Macro Montoring] - Channel[ 1] ->  Interval period     (Generated by stim ctrl) =   17 , Interval (User-defined) =   17
[Analog Macro Montoring] - Channel[ 0] ->  Gap period          (Generated by stim ctrl) =    7 , GAP      (User-defined) =    7
[Analog Macro Montoring] - Channel[ 3] ->  Anode  Pulse period (Generated by stim ctrl) =   42 , WA       (User-defined) =   42
[Analog Macro Montoring] - Channel[ 1] -> Cathode Pulse period (Generated by stim ctrl) =   22 , WC       (User-defined) =   22
[Analog Macro Montoring] - Channel[ 1] ->  Gap period          (Generated by stim ctrl) =    1 , GAP      (User-defined) =    1
[Analog Macro Montoring] - Channel[ 1] ->  Anode  Pulse period (Generated by stim ctrl) =   22 , WA       (User-defined) =   22
[Analog Macro Montoring] - Channel[ 0] ->  Anode  Pulse period (Generated by stim ctrl) =   67 , WA       (User-defined) =   67
-------------------------> Iteration [  4]
[Analog Macro Montoring] - Channel[ 2] -> Cathode Pulse period (Generated by stim ctrl) =    9 , WC       (User-defined) =    9
[Analog Macro Montoring] - Channel[ 2] ->  Gap period          (Generated by stim ctrl) =    2 , GAP      (User-defined) =    2
[Analog Macro Montoring] - Channel[ 2] ->  Anode  Pulse period (Generated by stim ctrl) =    9 , WA       (User-defined) =    9
[Analog Macro Montoring] - Channel[ 1] -> Cathode Pulse period (Generated by stim ctrl) =   22 , WC       (User-defined) =   22
[Analog Macro Montoring] - Channel[ 1] ->  Gap period          (Generated by stim ctrl) =    1 , GAP      (User-defined) =    1
[Analog Macro Montoring] - Channel[ 3] -> Cathode Pulse period (Generated by stim ctrl) =   42 , WC       (User-defined) =   42
[Analog Macro Montoring] - Channel[ 3] ->  Gap period          (Generated by stim ctrl) =    5 , GAP      (User-defined) =    5
[Analog Macro Montoring] - Channel[ 2] ->  Interval period     (Generated by stim ctrl) =   18 , Interval (User-defined) =   18
[Analog Macro Montoring] - Channel[ 1] ->  Anode  Pulse period (Generated by stim ctrl) =   22 , WA       (User-defined) =   22
[Analog Macro Montoring] - Channel[ 2] -> Cathode Pulse period (Generated by stim ctrl) =    9 , WC       (User-defined) =    9
[Analog Macro Montoring] - Channel[ 2] ->  Gap period          (Generated by stim ctrl) =    2 , GAP      (User-defined) =    2
[Analog Macro Montoring] - Channel[ 0] -> Cathode Pulse period (Generated by stim ctrl) =   67 , WC       (User-defined) =   67
[Analog Macro Montoring] - Channel[ 2] ->  Anode  Pulse period (Generated by stim ctrl) =    9 , WA       (User-defined) =    9
[Analog Macro Montoring] - Channel[ 1] ->  Interval period     (Generated by stim ctrl) =   17 , Interval (User-defined) =   17
[Analog Macro Montoring] - Channel[ 0] ->  Gap period          (Generated by stim ctrl) =    7 , GAP      (User-defined) =    7
[Analog Macro Montoring] - Channel[ 3] ->  Anode  Pulse period (Generated by stim ctrl) =   42 , WA       (User-defined) =   42
[Analog Macro Montoring] - Channel[ 1] -> Cathode Pulse period (Generated by stim ctrl) =   22 , WC       (User-defined) =   22
[Analog Macro Montoring] - Channel[ 1] ->  Gap period          (Generated by stim ctrl) =    1 , GAP      (User-defined) =    1
[Analog Macro Montoring] - Channel[ 1] ->  Anode  Pulse period (Generated by stim ctrl) =   22 , WA       (User-defined) =   22
[Analog Macro Montoring] - Channel[ 0] ->  Anode  Pulse period (Generated by stim ctrl) =   67 , WA       (User-defined) =   67

[1;34m #####   ####   ##### ##### ##### #####  
 ##  ## ##  ## ##    ##     ##    ##  ## 
 #####  ######  ####  ####  ####  ##  ## 
 ##     ##  ##     ##    ## ##    ##  ## 
 ##     ##  ## ##### #####  ##### #####  

TBCHECK: PASSED
[0m