VCD info: dumpfile .work.iverilog/tb_w_icons_top.dump opened for output.
-----------> SPI Config: CMD(4'b0101)
	data_pack  : 0x500000000
	crc5       : 0b01011 (0x0b)
	48-bit data: 0x500000000580
.....................................
----------->Chip ID: CMD(4'b0110)
	Chip ID: 01010164
[1;34m	Read CRC5: Passed!
[0m.....................................
----------->Stimulator Status: CMD(4'b0111)
	Stimulator status:   00
[1;34m	Read CRC5: Passed!
[0m.....................................
[Err                   ] - Channel[ 0] -> Cathode Pulse period (Generated by stim ctrl) =  291 , WC       (User-defined) =   97
[Err                   ] - Channel[ 0] ->  Gap period          (Generated by stim ctrl) =   15 , GAP      (User-defined) =    5
[Err                   ] - Channel[ 0] ->  Anode  Pulse period (Generated by stim ctrl) =  291 , WA       (User-defined) =   97
[Err                   ] - Channel[ 0] ->  Interval period     (Generated by stim ctrl) =   30 , Interval (User-defined) =   10
[Err                   ] - Channel[ 0] -> Cathode Pulse period (Generated by stim ctrl) =  291 , WC       (User-defined) =   97
[Err                   ] - Channel[ 0] ->  Gap period          (Generated by stim ctrl) =   15 , GAP      (User-defined) =    5
[Err                   ] - Channel[ 0] ->  Anode  Pulse period (Generated by stim ctrl) =  291 , WA       (User-defined) =   97
[Err                   ] - Channel[ 0] -> Cathode Pulse period (Generated by stim ctrl) =  561 , WC       (User-defined) =  187
[Err                   ] - Channel[ 0] ->  Gap period          (Generated by stim ctrl) =   15 , GAP      (User-defined) =    5
[Err                   ] - Channel[ 0] ->  Anode  Pulse period (Generated by stim ctrl) =  561 , WA       (User-defined) =  187
[Err                   ] - Channel[ 0] ->  Interval period     (Generated by stim ctrl) =   30 , Interval (User-defined) =   10
[Err                   ] - Channel[ 0] -> Cathode Pulse period (Generated by stim ctrl) =  561 , WC       (User-defined) =  187
[Err                   ] - Channel[ 0] ->  Gap period          (Generated by stim ctrl) =   15 , GAP      (User-defined) =    5
[Err                   ] - Channel[ 0] ->  Anode  Pulse period (Generated by stim ctrl) =  561 , WA       (User-defined) =  187
[Err                   ] - Channel[ 0] -> Cathode Pulse period (Generated by stim ctrl) =  471 , WC       (User-defined) =  157
[Err                   ] - Channel[ 0] ->  Gap period          (Generated by stim ctrl) =   15 , GAP      (User-defined) =    5
[Err                   ] - Channel[ 0] ->  Anode  Pulse period (Generated by stim ctrl) =  471 , WA       (User-defined) =  157
[Err                   ] - Channel[ 0] ->  Interval period     (Generated by stim ctrl) =   30 , Interval (User-defined) =   10
[Err                   ] - Channel[ 0] -> Cathode Pulse period (Generated by stim ctrl) =  471 , WC       (User-defined) =  157
[Err                   ] - Channel[ 0] ->  Gap period          (Generated by stim ctrl) =   15 , GAP      (User-defined) =    5
[Err                   ] - Channel[ 0] ->  Anode  Pulse period (Generated by stim ctrl) =  471 , WA       (User-defined) =  157
[Err                   ] - Channel[ 0] -> Cathode Pulse period (Generated by stim ctrl) =  354 , WC       (User-defined) =  118
[Err                   ] - Channel[ 0] ->  Gap period          (Generated by stim ctrl) =   15 , GAP      (User-defined) =    5
[Err                   ] - Channel[ 0] ->  Anode  Pulse period (Generated by stim ctrl) =  354 , WA       (User-defined) =  118
[Err                   ] - Channel[ 0] ->  Interval period     (Generated by stim ctrl) =   30 , Interval (User-defined) =   10
[Err                   ] - Channel[ 0] -> Cathode Pulse period (Generated by stim ctrl) =  354 , WC       (User-defined) =  118
[Err                   ] - Channel[ 0] ->  Gap period          (Generated by stim ctrl) =   15 , GAP      (User-defined) =    5
[Err                   ] - Channel[ 0] ->  Anode  Pulse period (Generated by stim ctrl) =  354 , WA       (User-defined) =  118
Stimulation Failed!

[1;31m ##### ####  #### ##    ##### #####  
 ##   ##  ##  ##  ##    ##    ##  ## 
 #### ######  ##  ##    ####  ##  ## 
 ##   ##  ##  ##  ##    ##    ##  ## 
 ##   ##  ## #### ##### ##### #####  

TBCHECK: FAILED
[0m